{"/home/johnj/CascadeProjects/optin-manager/frontend/src/App.jsx": {"path":"/home/johnj/CascadeProjects/optin-manager/frontend/src/App.jsx","statementMap":{"0":{"start":{"line":47,"column":17},"end":{"line":56,"column":1}},"1":{"start":{"line":78,"column":26},"end":{"line":78,"column":44}},"2":{"start":{"line":80,"column":32},"end":{"line":80,"column":44}},"3":{"start":{"line":81,"column":36},"end":{"line":81,"column":48}},"4":{"start":{"line":82,"column":32},"end":{"line":82,"column":46}},"5":{"start":{"line":83,"column":40},"end":{"line":83,"column":52}},"6":{"start":{"line":84,"column":44},"end":{"line":84,"column":56}},"7":{"start":{"line":87,"column":2},"end":{"line":121,"column":9}},"8":{"start":{"line":88,"column":4},"end":{"line":120,"column":7}},"9":{"start":{"line":89,"column":6},"end":{"line":115,"column":7}},"10":{"start":{"line":91,"column":8},"end":{"line":109,"column":9}},"11":{"start":{"line":92,"column":24},"end":{"line":92,"column":37}},"12":{"start":{"line":94,"column":10},"end":{"line":99,"column":11}},"13":{"start":{"line":96,"column":29},"end":{"line":96,"column":59}},"14":{"start":{"line":97,"column":32},"end":{"line":97,"column":69}},"15":{"start":{"line":98,"column":12},"end":{"line":98,"column":46}},"16":{"start":{"line":102,"column":28},"end":{"line":102,"column":48}},"17":{"start":{"line":103,"column":10},"end":{"line":103,"column":48}},"18":{"start":{"line":105,"column":10},"end":{"line":105,"column":76}},"19":{"start":{"line":106,"column":10},"end":{"line":106,"column":30}},"20":{"start":{"line":108,"column":10},"end":{"line":108,"column":27}},"21":{"start":{"line":111,"column":8},"end":{"line":111,"column":45}},"22":{"start":{"line":112,"column":8},"end":{"line":112,"column":49}},"23":{"start":{"line":113,"column":8},"end":{"line":113,"column":48}},"24":{"start":{"line":114,"column":8},"end":{"line":114,"column":56}},"25":{"start":{"line":117,"column":6},"end":{"line":117,"column":63}},"26":{"start":{"line":119,"column":6},"end":{"line":119,"column":56}},"27":{"start":{"line":124,"column":21},"end":{"line":126,"column":10}},"28":{"start":{"line":127,"column":16},"end":{"line":127,"column":105}},"29":{"start":{"line":127,"column":30},"end":{"line":127,"column":70}},"30":{"start":{"line":129,"column":2},"end":{"line":192,"column":4}},"31":{"start":{"line":169,"column":30},"end":{"line":169,"column":70}}},"fnMap":{"0":{"name":"App","decl":{"start":{"line":76,"column":9},"end":{"line":76,"column":12}},"loc":{"start":{"line":76,"column":15},"end":{"line":193,"column":1}},"line":76},"1":{"name":"(anonymous_1)","decl":{"start":{"line":87,"column":12},"end":{"line":87,"column":13}},"loc":{"start":{"line":87,"column":18},"end":{"line":121,"column":3}},"line":87},"2":{"name":"(anonymous_2)","decl":{"start":{"line":88,"column":30},"end":{"line":88,"column":31}},"loc":{"start":{"line":88,"column":38},"end":{"line":116,"column":5}},"line":88},"3":{"name":"(anonymous_3)","decl":{"start":{"line":116,"column":13},"end":{"line":116,"column":14}},"loc":{"start":{"line":116,"column":18},"end":{"line":120,"column":5}},"line":116},"4":{"name":"(anonymous_4)","decl":{"start":{"line":127,"column":24},"end":{"line":127,"column":25}},"loc":{"start":{"line":127,"column":30},"end":{"line":127,"column":70}},"line":127},"5":{"name":"(anonymous_5)","decl":{"start":{"line":169,"column":19},"end":{"line":169,"column":20}},"loc":{"start":{"line":169,"column":30},"end":{"line":169,"column":70}},"line":169}},"branchMap":{"0":{"loc":{"start":{"line":89,"column":6},"end":{"line":115,"column":7}},"type":"if","locations":[{"start":{"line":89,"column":6},"end":{"line":115,"column":7}},{"start":{},"end":{}}],"line":89},"1":{"loc":{"start":{"line":91,"column":8},"end":{"line":109,"column":9}},"type":"if","locations":[{"start":{"line":91,"column":8},"end":{"line":109,"column":9}},{"start":{"line":107,"column":15},"end":{"line":109,"column":9}}],"line":91},"2":{"loc":{"start":{"line":94,"column":10},"end":{"line":99,"column":11}},"type":"if","locations":[{"start":{"line":94,"column":10},"end":{"line":99,"column":11}},{"start":{},"end":{}}],"line":94},"3":{"loc":{"start":{"line":94,"column":14},"end":{"line":94,"column":76}},"type":"binary-expr","locations":[{"start":{"line":94,"column":14},"end":{"line":94,"column":21}},{"start":{"line":94,"column":25},"end":{"line":94,"column":48}},{"start":{"line":94,"column":52},"end":{"line":94,"column":76}}],"line":94},"4":{"loc":{"start":{"line":111,"column":19},"end":{"line":111,"column":43}},"type":"binary-expr","locations":[{"start":{"line":111,"column":19},"end":{"line":111,"column":37}},{"start":{"line":111,"column":41},"end":{"line":111,"column":43}}],"line":111},"5":{"loc":{"start":{"line":112,"column":21},"end":{"line":112,"column":47}},"type":"binary-expr","locations":[{"start":{"line":112,"column":21},"end":{"line":112,"column":41}},{"start":{"line":112,"column":45},"end":{"line":112,"column":47}}],"line":112},"6":{"loc":{"start":{"line":113,"column":23},"end":{"line":113,"column":46}},"type":"binary-expr","locations":[{"start":{"line":113,"column":23},"end":{"line":113,"column":40}},{"start":{"line":113,"column":44},"end":{"line":113,"column":46}}],"line":113},"7":{"loc":{"start":{"line":114,"column":25},"end":{"line":114,"column":54}},"type":"binary-expr","locations":[{"start":{"line":114,"column":25},"end":{"line":114,"column":48}},{"start":{"line":114,"column":52},"end":{"line":114,"column":54}}],"line":114},"8":{"loc":{"start":{"line":124,"column":21},"end":{"line":126,"column":10}},"type":"cond-expr","locations":[{"start":{"line":125,"column":7},"end":{"line":125,"column":104}},{"start":{"line":126,"column":6},"end":{"line":126,"column":10}}],"line":124},"9":{"loc":{"start":{"line":125,"column":7},"end":{"line":125,"column":104}},"type":"cond-expr","locations":[{"start":{"line":125,"column":88},"end":{"line":125,"column":94}},{"start":{"line":125,"column":97},"end":{"line":125,"column":104}}],"line":125},"10":{"loc":{"start":{"line":125,"column":7},"end":{"line":125,"column":85}},"type":"binary-expr","locations":[{"start":{"line":125,"column":7},"end":{"line":125,"column":24}},{"start":{"line":125,"column":28},"end":{"line":125,"column":85}}],"line":125},"11":{"loc":{"start":{"line":179,"column":61},"end":{"line":179,"column":94}},"type":"binary-expr","locations":[{"start":{"line":179,"column":61},"end":{"line":179,"column":72}},{"start":{"line":179,"column":76},"end":{"line":179,"column":94}}],"line":179},"12":{"loc":{"start":{"line":180,"column":13},"end":{"line":187,"column":13}},"type":"binary-expr","locations":[{"start":{"line":180,"column":13},"end":{"line":180,"column":26}},{"start":{"line":181,"column":14},"end":{"line":186,"column":17}}],"line":180}},"s":{"0":0,"1":0,"2":0,"3":0,"4":0,"5":0,"6":0,"7":0,"8":0,"9":0,"10":0,"11":0,"12":0,"13":0,"14":0,"15":0,"16":0,"17":0,"18":0,"19":0,"20":0,"21":0,"22":0,"23":0,"24":0,"25":0,"26":0,"27":0,"28":0,"29":0,"30":0,"31":0},"f":{"0":0,"1":0,"2":0,"3":0,"4":0,"5":0},"b":{"0":[0,0],"1":[0,0],"2":[0,0],"3":[0,0,0],"4":[0,0],"5":[0,0],"6":[0,0],"7":[0,0],"8":[0,0],"9":[0,0],"10":[0,0],"11":[0,0],"12":[0,0]}}
,"/home/johnj/CascadeProjects/optin-manager/frontend/src/api.js": {"path":"/home/johnj/CascadeProjects/optin-manager/frontend/src/api.js","statementMap":{"0":{"start":{"line":29,"column":24},"end":{"line":29,"column":54}},"1":{"start":{"line":45,"column":34},"end":{"line":69,"column":1}},"2":{"start":{"line":46,"column":16},"end":{"line":46,"column":52}},"3":{"start":{"line":47,"column":18},"end":{"line":47,"column":67}},"4":{"start":{"line":49,"column":2},"end":{"line":68,"column":3}},"5":{"start":{"line":50,"column":16},"end":{"line":50,"column":74}},"6":{"start":{"line":51,"column":4},"end":{"line":51,"column":52}},"7":{"start":{"line":54,"column":4},"end":{"line":61,"column":5}},"8":{"start":{"line":55,"column":20},"end":{"line":55,"column":37}},"9":{"start":{"line":57,"column":6},"end":{"line":60,"column":7}},"10":{"start":{"line":58,"column":28},"end":{"line":58,"column":65}},"11":{"start":{"line":59,"column":8},"end":{"line":59,"column":52}},"12":{"start":{"line":63,"column":4},"end":{"line":63,"column":20}},"13":{"start":{"line":65,"column":4},"end":{"line":65,"column":90}},"14":{"start":{"line":67,"column":4},"end":{"line":67,"column":14}},"15":{"start":{"line":93,"column":33},"end":{"line":129,"column":1}},"16":{"start":{"line":94,"column":19},"end":{"line":94,"column":33}},"17":{"start":{"line":95,"column":2},"end":{"line":95,"column":42}},"18":{"start":{"line":95,"column":12},"end":{"line":95,"column":42}},"19":{"start":{"line":96,"column":2},"end":{"line":96,"column":51}},"20":{"start":{"line":96,"column":15},"end":{"line":96,"column":51}},"21":{"start":{"line":97,"column":2},"end":{"line":97,"column":57}},"22":{"start":{"line":97,"column":17},"end":{"line":97,"column":57}},"23":{"start":{"line":98,"column":2},"end":{"line":98,"column":66}},"24":{"start":{"line":98,"column":20},"end":{"line":98,"column":66}},"25":{"start":{"line":99,"column":2},"end":{"line":99,"column":84}},"26":{"start":{"line":99,"column":26},"end":{"line":99,"column":84}},"27":{"start":{"line":100,"column":2},"end":{"line":100,"column":72}},"28":{"start":{"line":100,"column":22},"end":{"line":100,"column":72}},"29":{"start":{"line":101,"column":2},"end":{"line":101,"column":66}},"30":{"start":{"line":101,"column":20},"end":{"line":101,"column":66}},"31":{"start":{"line":103,"column":16},"end":{"line":103,"column":52}},"32":{"start":{"line":106,"column":2},"end":{"line":106,"column":76}},"33":{"start":{"line":107,"column":2},"end":{"line":107,"column":69}},"34":{"start":{"line":109,"column":2},"end":{"line":112,"column":3}},"35":{"start":{"line":110,"column":4},"end":{"line":110,"column":98}},"36":{"start":{"line":111,"column":4},"end":{"line":111,"column":77}},"37":{"start":{"line":114,"column":2},"end":{"line":128,"column":3}},"38":{"start":{"line":116,"column":16},"end":{"line":121,"column":6}},"39":{"start":{"line":122,"column":4},"end":{"line":122,"column":63}},"40":{"start":{"line":123,"column":4},"end":{"line":123,"column":20}},"41":{"start":{"line":125,"column":4},"end":{"line":125,"column":88}},"42":{"start":{"line":126,"column":4},"end":{"line":126,"column":58}},"43":{"start":{"line":127,"column":4},"end":{"line":127,"column":16}},"44":{"start":{"line":145,"column":21},"end":{"line":153,"column":1}},"45":{"start":{"line":147,"column":14},"end":{"line":151,"column":3}},"46":{"start":{"line":152,"column":2},"end":{"line":152,"column":18}},"47":{"start":{"line":166,"column":35},"end":{"line":171,"column":1}},"48":{"start":{"line":167,"column":16},"end":{"line":167,"column":52}},"49":{"start":{"line":168,"column":18},"end":{"line":168,"column":67}},"50":{"start":{"line":169,"column":14},"end":{"line":169,"column":86}},"51":{"start":{"line":170,"column":2},"end":{"line":170,"column":18}},"52":{"start":{"line":173,"column":29},"end":{"line":175,"column":1}},"53":{"start":{"line":174,"column":2},"end":{"line":174,"column":64}},"54":{"start":{"line":177,"column":29},"end":{"line":208,"column":1}},"55":{"start":{"line":178,"column":16},"end":{"line":178,"column":52}},"56":{"start":{"line":181,"column":2},"end":{"line":181,"column":81}},"57":{"start":{"line":182,"column":2},"end":{"line":182,"column":69}},"58":{"start":{"line":184,"column":2},"end":{"line":187,"column":3}},"59":{"start":{"line":185,"column":4},"end":{"line":185,"column":94}},"60":{"start":{"line":186,"column":4},"end":{"line":186,"column":77}},"61":{"start":{"line":189,"column":17},"end":{"line":189,"column":19}},"62":{"start":{"line":190,"column":2},"end":{"line":190,"column":37}},"63":{"start":{"line":190,"column":14},"end":{"line":190,"column":37}},"64":{"start":{"line":191,"column":2},"end":{"line":191,"column":40}},"65":{"start":{"line":191,"column":15},"end":{"line":191,"column":40}},"66":{"start":{"line":192,"column":2},"end":{"line":192,"column":50}},"67":{"start":{"line":192,"column":18},"end":{"line":192,"column":50}},"68":{"start":{"line":194,"column":2},"end":{"line":207,"column":3}},"69":{"start":{"line":195,"column":16},"end":{"line":200,"column":6}},"70":{"start":{"line":201,"column":4},"end":{"line":201,"column":60}},"71":{"start":{"line":202,"column":4},"end":{"line":202,"column":20}},"72":{"start":{"line":204,"column":4},"end":{"line":204,"column":85}},"73":{"start":{"line":205,"column":4},"end":{"line":205,"column":58}},"74":{"start":{"line":206,"column":4},"end":{"line":206,"column":16}},"75":{"start":{"line":210,"column":26},"end":{"line":213,"column":1}},"76":{"start":{"line":211,"column":14},"end":{"line":211,"column":68}},"77":{"start":{"line":212,"column":2},"end":{"line":212,"column":18}},"78":{"start":{"line":236,"column":36},"end":{"line":271,"column":1}},"79":{"start":{"line":241,"column":2},"end":{"line":254,"column":3}},"80":{"start":{"line":242,"column":4},"end":{"line":242,"column":34}},"81":{"start":{"line":243,"column":4},"end":{"line":243,"column":52}},"82":{"start":{"line":244,"column":4},"end":{"line":244,"column":41}},"83":{"start":{"line":246,"column":4},"end":{"line":246,"column":81}},"84":{"start":{"line":249,"column":4},"end":{"line":249,"column":26}},"85":{"start":{"line":250,"column":4},"end":{"line":250,"column":33}},"86":{"start":{"line":251,"column":4},"end":{"line":251,"column":24}},"87":{"start":{"line":253,"column":4},"end":{"line":253,"column":81}},"88":{"start":{"line":257,"column":22},"end":{"line":257,"column":44}},"89":{"start":{"line":258,"column":25},"end":{"line":258,"column":97}},"90":{"start":{"line":260,"column":2},"end":{"line":260,"column":115}},"91":{"start":{"line":263,"column":14},"end":{"line":269,"column":4}},"92":{"start":{"line":270,"column":2},"end":{"line":270,"column":18}},"93":{"start":{"line":286,"column":26},"end":{"line":297,"column":1}},"94":{"start":{"line":288,"column":22},"end":{"line":288,"column":74}},"95":{"start":{"line":291,"column":14},"end":{"line":295,"column":4}},"96":{"start":{"line":296,"column":2},"end":{"line":296,"column":18}},"97":{"start":{"line":312,"column":39},"end":{"line":340,"column":1}},"98":{"start":{"line":313,"column":2},"end":{"line":313,"column":88}},"99":{"start":{"line":315,"column":2},"end":{"line":339,"column":3}},"100":{"start":{"line":317,"column":19},"end":{"line":317,"column":21}},"101":{"start":{"line":320,"column":4},"end":{"line":330,"column":5}},"102":{"start":{"line":321,"column":6},"end":{"line":321,"column":27}},"103":{"start":{"line":324,"column":9},"end":{"line":330,"column":5}},"104":{"start":{"line":325,"column":6},"end":{"line":325,"column":31}},"105":{"start":{"line":329,"column":6},"end":{"line":329,"column":66}},"106":{"start":{"line":333,"column":16},"end":{"line":333,"column":87}},"107":{"start":{"line":334,"column":4},"end":{"line":334,"column":51}},"108":{"start":{"line":335,"column":4},"end":{"line":335,"column":20}},"109":{"start":{"line":337,"column":4},"end":{"line":337,"column":88}},"110":{"start":{"line":338,"column":4},"end":{"line":338,"column":16}},"111":{"start":{"line":359,"column":40},"end":{"line":376,"column":1}},"112":{"start":{"line":361,"column":18},"end":{"line":364,"column":3}},"113":{"start":{"line":367,"column":2},"end":{"line":367,"column":51}},"114":{"start":{"line":367,"column":25},"end":{"line":367,"column":51}},"115":{"start":{"line":370,"column":2},"end":{"line":370,"column":55}},"116":{"start":{"line":370,"column":29},"end":{"line":370,"column":55}},"117":{"start":{"line":371,"column":2},"end":{"line":371,"column":76}},"118":{"start":{"line":371,"column":36},"end":{"line":371,"column":76}},"119":{"start":{"line":374,"column":14},"end":{"line":374,"column":84}},"120":{"start":{"line":375,"column":2},"end":{"line":375,"column":18}},"121":{"start":{"line":398,"column":27},"end":{"line":406,"column":1}},"122":{"start":{"line":399,"column":16},"end":{"line":399,"column":52}},"123":{"start":{"line":400,"column":14},"end":{"line":404,"column":3}},"124":{"start":{"line":405,"column":2},"end":{"line":405,"column":18}},"125":{"start":{"line":417,"column":27},"end":{"line":423,"column":1}},"126":{"start":{"line":418,"column":16},"end":{"line":418,"column":52}},"127":{"start":{"line":419,"column":14},"end":{"line":421,"column":4}},"128":{"start":{"line":422,"column":2},"end":{"line":422,"column":18}},"129":{"start":{"line":439,"column":27},"end":{"line":450,"column":1}},"130":{"start":{"line":440,"column":16},"end":{"line":440,"column":52}},"131":{"start":{"line":441,"column":18},"end":{"line":441,"column":20}},"132":{"start":{"line":442,"column":2},"end":{"line":442,"column":46}},"133":{"start":{"line":442,"column":26},"end":{"line":442,"column":46}},"134":{"start":{"line":443,"column":2},"end":{"line":443,"column":52}},"135":{"start":{"line":443,"column":28},"end":{"line":443,"column":52}},"136":{"start":{"line":444,"column":14},"end":{"line":448,"column":3}},"137":{"start":{"line":449,"column":2},"end":{"line":449,"column":18}}},"fnMap":{"0":{"name":"(anonymous_0)","decl":{"start":{"line":45,"column":34},"end":{"line":45,"column":35}},"loc":{"start":{"line":45,"column":46},"end":{"line":69,"column":1}},"line":45},"1":{"name":"(anonymous_1)","decl":{"start":{"line":93,"column":33},"end":{"line":93,"column":34}},"loc":{"start":{"line":93,"column":137},"end":{"line":129,"column":1}},"line":93},"2":{"name":"(anonymous_2)","decl":{"start":{"line":145,"column":21},"end":{"line":145,"column":22}},"loc":{"start":{"line":145,"column":55},"end":{"line":153,"column":1}},"line":145},"3":{"name":"(anonymous_3)","decl":{"start":{"line":166,"column":35},"end":{"line":166,"column":36}},"loc":{"start":{"line":166,"column":56},"end":{"line":171,"column":1}},"line":166},"4":{"name":"(anonymous_4)","decl":{"start":{"line":173,"column":29},"end":{"line":173,"column":30}},"loc":{"start":{"line":173,"column":52},"end":{"line":175,"column":1}},"line":173},"5":{"name":"(anonymous_5)","decl":{"start":{"line":177,"column":29},"end":{"line":177,"column":30}},"loc":{"start":{"line":177,"column":72},"end":{"line":208,"column":1}},"line":177},"6":{"name":"(anonymous_6)","decl":{"start":{"line":210,"column":26},"end":{"line":210,"column":27}},"loc":{"start":{"line":210,"column":40},"end":{"line":213,"column":1}},"line":210},"7":{"name":"(anonymous_7)","decl":{"start":{"line":236,"column":36},"end":{"line":236,"column":37}},"loc":{"start":{"line":236,"column":54},"end":{"line":271,"column":1}},"line":236},"8":{"name":"(anonymous_8)","decl":{"start":{"line":286,"column":26},"end":{"line":286,"column":27}},"loc":{"start":{"line":286,"column":55},"end":{"line":297,"column":1}},"line":286},"9":{"name":"(anonymous_9)","decl":{"start":{"line":312,"column":39},"end":{"line":312,"column":40}},"loc":{"start":{"line":312,"column":69},"end":{"line":340,"column":1}},"line":312},"10":{"name":"(anonymous_10)","decl":{"start":{"line":359,"column":40},"end":{"line":359,"column":41}},"loc":{"start":{"line":359,"column":113},"end":{"line":376,"column":1}},"line":359},"11":{"name":"(anonymous_11)","decl":{"start":{"line":398,"column":27},"end":{"line":398,"column":28}},"loc":{"start":{"line":398,"column":53},"end":{"line":406,"column":1}},"line":398},"12":{"name":"(anonymous_12)","decl":{"start":{"line":417,"column":27},"end":{"line":417,"column":28}},"loc":{"start":{"line":417,"column":39},"end":{"line":423,"column":1}},"line":417},"13":{"name":"(anonymous_13)","decl":{"start":{"line":439,"column":27},"end":{"line":439,"column":28}},"loc":{"start":{"line":439,"column":59},"end":{"line":450,"column":1}},"line":439}},"branchMap":{"0":{"loc":{"start":{"line":47,"column":18},"end":{"line":47,"column":67}},"type":"cond-expr","locations":[{"start":{"line":47,"column":26},"end":{"line":47,"column":62}},{"start":{"line":47,"column":65},"end":{"line":47,"column":67}}],"line":47},"1":{"loc":{"start":{"line":54,"column":4},"end":{"line":61,"column":5}},"type":"if","locations":[{"start":{"line":54,"column":4},"end":{"line":61,"column":5}},{"start":{},"end":{}}],"line":54},"2":{"loc":{"start":{"line":54,"column":8},"end":{"line":54,"column":37}},"type":"binary-expr","locations":[{"start":{"line":54,"column":8},"end":{"line":54,"column":16}},{"start":{"line":54,"column":20},"end":{"line":54,"column":37}}],"line":54},"3":{"loc":{"start":{"line":57,"column":6},"end":{"line":60,"column":7}},"type":"if","locations":[{"start":{"line":57,"column":6},"end":{"line":60,"column":7}},{"start":{},"end":{}}],"line":57},"4":{"loc":{"start":{"line":57,"column":10},"end":{"line":57,"column":72}},"type":"binary-expr","locations":[{"start":{"line":57,"column":10},"end":{"line":57,"column":17}},{"start":{"line":57,"column":21},"end":{"line":57,"column":44}},{"start":{"line":57,"column":48},"end":{"line":57,"column":72}}],"line":57},"5":{"loc":{"start":{"line":65,"column":51},"end":{"line":65,"column":88}},"type":"binary-expr","locations":[{"start":{"line":65,"column":51},"end":{"line":65,"column":71}},{"start":{"line":65,"column":75},"end":{"line":65,"column":88}}],"line":65},"6":{"loc":{"start":{"line":95,"column":2},"end":{"line":95,"column":42}},"type":"if","locations":[{"start":{"line":95,"column":2},"end":{"line":95,"column":42}},{"start":{},"end":{}}],"line":95},"7":{"loc":{"start":{"line":96,"column":2},"end":{"line":96,"column":51}},"type":"if","locations":[{"start":{"line":96,"column":2},"end":{"line":96,"column":51}},{"start":{},"end":{}}],"line":96},"8":{"loc":{"start":{"line":97,"column":2},"end":{"line":97,"column":57}},"type":"if","locations":[{"start":{"line":97,"column":2},"end":{"line":97,"column":57}},{"start":{},"end":{}}],"line":97},"9":{"loc":{"start":{"line":98,"column":2},"end":{"line":98,"column":66}},"type":"if","locations":[{"start":{"line":98,"column":2},"end":{"line":98,"column":66}},{"start":{},"end":{}}],"line":98},"10":{"loc":{"start":{"line":99,"column":2},"end":{"line":99,"column":84}},"type":"if","locations":[{"start":{"line":99,"column":2},"end":{"line":99,"column":84}},{"start":{},"end":{}}],"line":99},"11":{"loc":{"start":{"line":100,"column":2},"end":{"line":100,"column":72}},"type":"if","locations":[{"start":{"line":100,"column":2},"end":{"line":100,"column":72}},{"start":{},"end":{}}],"line":100},"12":{"loc":{"start":{"line":101,"column":2},"end":{"line":101,"column":66}},"type":"if","locations":[{"start":{"line":101,"column":2},"end":{"line":101,"column":66}},{"start":{},"end":{}}],"line":101},"13":{"loc":{"start":{"line":106,"column":49},"end":{"line":106,"column":74}},"type":"cond-expr","locations":[{"start":{"line":106,"column":56},"end":{"line":106,"column":65}},{"start":{"line":106,"column":68},"end":{"line":106,"column":74}}],"line":106},"14":{"loc":{"start":{"line":107,"column":47},"end":{"line":107,"column":67}},"type":"cond-expr","locations":[{"start":{"line":107,"column":55},"end":{"line":107,"column":60}},{"start":{"line":107,"column":63},"end":{"line":107,"column":67}}],"line":107},"15":{"loc":{"start":{"line":109,"column":2},"end":{"line":112,"column":3}},"type":"if","locations":[{"start":{"line":109,"column":2},"end":{"line":112,"column":3}},{"start":{},"end":{}}],"line":109},"16":{"loc":{"start":{"line":125,"column":49},"end":{"line":125,"column":86}},"type":"binary-expr","locations":[{"start":{"line":125,"column":49},"end":{"line":125,"column":69}},{"start":{"line":125,"column":73},"end":{"line":125,"column":86}}],"line":125},"17":{"loc":{"start":{"line":166,"column":42},"end":{"line":166,"column":51}},"type":"default-arg","locations":[{"start":{"line":166,"column":49},"end":{"line":166,"column":51}}],"line":166},"18":{"loc":{"start":{"line":168,"column":18},"end":{"line":168,"column":67}},"type":"cond-expr","locations":[{"start":{"line":168,"column":26},"end":{"line":168,"column":62}},{"start":{"line":168,"column":65},"end":{"line":168,"column":67}}],"line":168},"19":{"loc":{"start":{"line":182,"column":47},"end":{"line":182,"column":67}},"type":"cond-expr","locations":[{"start":{"line":182,"column":55},"end":{"line":182,"column":60}},{"start":{"line":182,"column":63},"end":{"line":182,"column":67}}],"line":182},"20":{"loc":{"start":{"line":184,"column":2},"end":{"line":187,"column":3}},"type":"if","locations":[{"start":{"line":184,"column":2},"end":{"line":187,"column":3}},{"start":{},"end":{}}],"line":184},"21":{"loc":{"start":{"line":190,"column":2},"end":{"line":190,"column":37}},"type":"if","locations":[{"start":{"line":190,"column":2},"end":{"line":190,"column":37}},{"start":{},"end":{}}],"line":190},"22":{"loc":{"start":{"line":191,"column":2},"end":{"line":191,"column":40}},"type":"if","locations":[{"start":{"line":191,"column":2},"end":{"line":191,"column":40}},{"start":{},"end":{}}],"line":191},"23":{"loc":{"start":{"line":192,"column":2},"end":{"line":192,"column":50}},"type":"if","locations":[{"start":{"line":192,"column":2},"end":{"line":192,"column":50}},{"start":{},"end":{}}],"line":192},"24":{"loc":{"start":{"line":204,"column":46},"end":{"line":204,"column":83}},"type":"binary-expr","locations":[{"start":{"line":204,"column":46},"end":{"line":204,"column":66}},{"start":{"line":204,"column":70},"end":{"line":204,"column":83}}],"line":204},"25":{"loc":{"start":{"line":241,"column":2},"end":{"line":254,"column":3}},"type":"if","locations":[{"start":{"line":241,"column":2},"end":{"line":254,"column":3}},{"start":{"line":247,"column":9},"end":{"line":254,"column":3}}],"line":241},"26":{"loc":{"start":{"line":241,"column":6},"end":{"line":241,"column":51}},"type":"binary-expr","locations":[{"start":{"line":241,"column":6},"end":{"line":241,"column":32}},{"start":{"line":241,"column":36},"end":{"line":241,"column":51}}],"line":241},"27":{"loc":{"start":{"line":243,"column":19},"end":{"line":243,"column":51}},"type":"binary-expr","locations":[{"start":{"line":243,"column":19},"end":{"line":243,"column":33}},{"start":{"line":243,"column":37},"end":{"line":243,"column":51}}],"line":243},"28":{"loc":{"start":{"line":246,"column":18},"end":{"line":246,"column":80}},"type":"cond-expr","locations":[{"start":{"line":246,"column":63},"end":{"line":246,"column":70}},{"start":{"line":246,"column":73},"end":{"line":246,"column":80}}],"line":246},"29":{"loc":{"start":{"line":246,"column":18},"end":{"line":246,"column":60}},"type":"binary-expr","locations":[{"start":{"line":246,"column":18},"end":{"line":246,"column":30}},{"start":{"line":246,"column":34},"end":{"line":246,"column":60}}],"line":246},"30":{"loc":{"start":{"line":253,"column":18},"end":{"line":253,"column":80}},"type":"cond-expr","locations":[{"start":{"line":253,"column":63},"end":{"line":253,"column":70}},{"start":{"line":253,"column":73},"end":{"line":253,"column":80}}],"line":253},"31":{"loc":{"start":{"line":253,"column":18},"end":{"line":253,"column":60}},"type":"binary-expr","locations":[{"start":{"line":253,"column":18},"end":{"line":253,"column":30}},{"start":{"line":253,"column":34},"end":{"line":253,"column":60}}],"line":253},"32":{"loc":{"start":{"line":288,"column":22},"end":{"line":288,"column":74}},"type":"cond-expr","locations":[{"start":{"line":288,"column":57},"end":{"line":288,"column":64}},{"start":{"line":288,"column":67},"end":{"line":288,"column":74}}],"line":288},"33":{"loc":{"start":{"line":288,"column":22},"end":{"line":288,"column":54}},"type":"binary-expr","locations":[{"start":{"line":288,"column":22},"end":{"line":288,"column":29}},{"start":{"line":288,"column":33},"end":{"line":288,"column":54}}],"line":288},"34":{"loc":{"start":{"line":313,"column":44},"end":{"line":313,"column":71}},"type":"cond-expr","locations":[{"start":{"line":313,"column":52},"end":{"line":313,"column":59}},{"start":{"line":313,"column":62},"end":{"line":313,"column":71}}],"line":313},"35":{"loc":{"start":{"line":313,"column":73},"end":{"line":313,"column":86}},"type":"binary-expr","locations":[{"start":{"line":313,"column":73},"end":{"line":313,"column":80}},{"start":{"line":313,"column":84},"end":{"line":313,"column":86}}],"line":313},"36":{"loc":{"start":{"line":320,"column":4},"end":{"line":330,"column":5}},"type":"if","locations":[{"start":{"line":320,"column":4},"end":{"line":330,"column":5}},{"start":{"line":324,"column":9},"end":{"line":330,"column":5}}],"line":320},"37":{"loc":{"start":{"line":324,"column":9},"end":{"line":330,"column":5}},"type":"if","locations":[{"start":{"line":324,"column":9},"end":{"line":330,"column":5}},{"start":{"line":328,"column":9},"end":{"line":330,"column":5}}],"line":324},"38":{"loc":{"start":{"line":337,"column":49},"end":{"line":337,"column":86}},"type":"binary-expr","locations":[{"start":{"line":337,"column":49},"end":{"line":337,"column":69}},{"start":{"line":337,"column":73},"end":{"line":337,"column":86}}],"line":337},"39":{"loc":{"start":{"line":359,"column":65},"end":{"line":359,"column":81}},"type":"default-arg","locations":[{"start":{"line":359,"column":79},"end":{"line":359,"column":81}}],"line":359},"40":{"loc":{"start":{"line":367,"column":2},"end":{"line":367,"column":51}},"type":"if","locations":[{"start":{"line":367,"column":2},"end":{"line":367,"column":51}},{"start":{},"end":{}}],"line":367},"41":{"loc":{"start":{"line":367,"column":6},"end":{"line":367,"column":23}},"type":"binary-expr","locations":[{"start":{"line":367,"column":6},"end":{"line":367,"column":13}},{"start":{"line":367,"column":17},"end":{"line":367,"column":23}}],"line":367},"42":{"loc":{"start":{"line":370,"column":2},"end":{"line":370,"column":55}},"type":"if","locations":[{"start":{"line":370,"column":2},"end":{"line":370,"column":55}},{"start":{},"end":{}}],"line":370},"43":{"loc":{"start":{"line":371,"column":2},"end":{"line":371,"column":76}},"type":"if","locations":[{"start":{"line":371,"column":2},"end":{"line":371,"column":76}},{"start":{},"end":{}}],"line":371},"44":{"loc":{"start":{"line":442,"column":2},"end":{"line":442,"column":46}},"type":"if","locations":[{"start":{"line":442,"column":2},"end":{"line":442,"column":46}},{"start":{},"end":{}}],"line":442},"45":{"loc":{"start":{"line":443,"column":2},"end":{"line":443,"column":52}},"type":"if","locations":[{"start":{"line":443,"column":2},"end":{"line":443,"column":52}},{"start":{},"end":{}}],"line":443}},"s":{"0":0,"1":0,"2":0,"3":0,"4":0,"5":0,"6":0,"7":0,"8":0,"9":0,"10":0,"11":0,"12":0,"13":0,"14":0,"15":0,"16":0,"17":0,"18":0,"19":0,"20":0,"21":0,"22":0,"23":0,"24":0,"25":0,"26":0,"27":0,"28":0,"29":0,"30":0,"31":0,"32":0,"33":0,"34":0,"35":0,"36":0,"37":0,"38":0,"39":0,"40":0,"41":0,"42":0,"43":0,"44":0,"45":0,"46":0,"47":0,"48":0,"49":0,"50":0,"51":0,"52":0,"53":0,"54":0,"55":0,"56":0,"57":0,"58":0,"59":0,"60":0,"61":0,"62":0,"63":0,"64":0,"65":0,"66":0,"67":0,"68":0,"69":0,"70":0,"71":0,"72":0,"73":0,"74":0,"75":0,"76":0,"77":0,"78":0,"79":0,"80":0,"81":0,"82":0,"83":0,"84":0,"85":0,"86":0,"87":0,"88":0,"89":0,"90":0,"91":0,"92":0,"93":0,"94":0,"95":0,"96":0,"97":0,"98":0,"99":0,"100":0,"101":0,"102":0,"103":0,"104":0,"105":0,"106":0,"107":0,"108":0,"109":0,"110":0,"111":0,"112":0,"113":0,"114":0,"115":0,"116":0,"117":0,"118":0,"119":0,"120":0,"121":0,"122":0,"123":0,"124":0,"125":0,"126":0,"127":0,"128":0,"129":0,"130":0,"131":0,"132":0,"133":0,"134":0,"135":0,"136":0,"137":0},"f":{"0":0,"1":0,"2":0,"3":0,"4":0,"5":0,"6":0,"7":0,"8":0,"9":0,"10":0,"11":0,"12":0,"13":0},"b":{"0":[0,0],"1":[0,0],"2":[0,0],"3":[0,0],"4":[0,0,0],"5":[0,0],"6":[0,0],"7":[0,0],"8":[0,0],"9":[0,0],"10":[0,0],"11":[0,0],"12":[0,0],"13":[0,0],"14":[0,0],"15":[0,0],"16":[0,0],"17":[0],"18":[0,0],"19":[0,0],"20":[0,0],"21":[0,0],"22":[0,0],"23":[0,0],"24":[0,0],"25":[0,0],"26":[0,0],"27":[0,0],"28":[0,0],"29":[0,0],"30":[0,0],"31":[0,0],"32":[0,0],"33":[0,0],"34":[0,0],"35":[0,0],"36":[0,0],"37":[0,0],"38":[0,0],"39":[0],"40":[0,0],"41":[0,0],"42":[0,0],"43":[0,0],"44":[0,0],"45":[0,0]}}
,"/home/johnj/CascadeProjects/optin-manager/frontend/src/theme.js": {"path":"/home/johnj/CascadeProjects/optin-manager/frontend/src/theme.js","statementMap":{"0":{"start":{"line":32,"column":24},"end":{"line":39,"column":4}},"1":{"start":{"line":33,"column":2},"end":{"line":39,"column":4}}},"fnMap":{"0":{"name":"(anonymous_0)","decl":{"start":{"line":32,"column":24},"end":{"line":32,"column":25}},"loc":{"start":{"line":33,"column":2},"end":{"line":39,"column":4}},"line":33}},"branchMap":{"0":{"loc":{"start":{"line":36,"column":23},"end":{"line":36,"column":43}},"type":"binary-expr","locations":[{"start":{"line":36,"column":23},"end":{"line":36,"column":30}},{"start":{"line":36,"column":34},"end":{"line":36,"column":43}}],"line":36},"1":{"loc":{"start":{"line":37,"column":25},"end":{"line":37,"column":47}},"type":"binary-expr","locations":[{"start":{"line":37,"column":25},"end":{"line":37,"column":34}},{"start":{"line":37,"column":38},"end":{"line":37,"column":47}}],"line":37}},"s":{"0":0,"1":0},"f":{"0":0},"b":{"0":[0,0],"1":[0,0]}}
,"/home/johnj/CascadeProjects/optin-manager/frontend/src/api/providerSecrets.js": {"path":"/home/johnj/CascadeProjects/optin-manager/frontend/src/api/providerSecrets.js","statementMap":{"0":{"start":{"line":3,"column":17},"end":{"line":3,"column":64}},"1":{"start":{"line":5,"column":33},"end":{"line":18,"column":1}},"2":{"start":{"line":6,"column":16},"end":{"line":6,"column":52}},"3":{"start":{"line":7,"column":2},"end":{"line":17,"column":5}},"4":{"start":{"line":20,"column":32},"end":{"line":28,"column":1}},"5":{"start":{"line":21,"column":16},"end":{"line":21,"column":52}},"6":{"start":{"line":22,"column":14},"end":{"line":26,"column":4}},"7":{"start":{"line":27,"column":2},"end":{"line":27,"column":18}},"8":{"start":{"line":30,"column":38},"end":{"line":40,"column":1}},"9":{"start":{"line":31,"column":16},"end":{"line":31,"column":52}},"10":{"start":{"line":32,"column":18},"end":{"line":32,"column":49}},"11":{"start":{"line":34,"column":14},"end":{"line":38,"column":4}},"12":{"start":{"line":39,"column":2},"end":{"line":39,"column":18}},"13":{"start":{"line":42,"column":36},"end":{"line":50,"column":1}},"14":{"start":{"line":43,"column":16},"end":{"line":43,"column":52}},"15":{"start":{"line":44,"column":14},"end":{"line":48,"column":4}},"16":{"start":{"line":49,"column":2},"end":{"line":49,"column":18}}},"fnMap":{"0":{"name":"(anonymous_0)","decl":{"start":{"line":5,"column":33},"end":{"line":5,"column":34}},"loc":{"start":{"line":5,"column":104},"end":{"line":18,"column":1}},"line":5},"1":{"name":"(anonymous_1)","decl":{"start":{"line":20,"column":32},"end":{"line":20,"column":33}},"loc":{"start":{"line":20,"column":44},"end":{"line":28,"column":1}},"line":20},"2":{"name":"(anonymous_2)","decl":{"start":{"line":30,"column":38},"end":{"line":30,"column":39}},"loc":{"start":{"line":30,"column":66},"end":{"line":40,"column":1}},"line":30},"3":{"name":"(anonymous_3)","decl":{"start":{"line":42,"column":36},"end":{"line":42,"column":37}},"loc":{"start":{"line":42,"column":64},"end":{"line":50,"column":1}},"line":42}},"branchMap":{"0":{"loc":{"start":{"line":15,"column":10},"end":{"line":15,"column":59}},"type":"cond-expr","locations":[{"start":{"line":15,"column":18},"end":{"line":15,"column":54}},{"start":{"line":15,"column":57},"end":{"line":15,"column":59}}],"line":15},"1":{"loc":{"start":{"line":24,"column":10},"end":{"line":24,"column":59}},"type":"cond-expr","locations":[{"start":{"line":24,"column":18},"end":{"line":24,"column":54}},{"start":{"line":24,"column":57},"end":{"line":24,"column":59}}],"line":24},"2":{"loc":{"start":{"line":36,"column":10},"end":{"line":36,"column":59}},"type":"cond-expr","locations":[{"start":{"line":36,"column":18},"end":{"line":36,"column":54}},{"start":{"line":36,"column":57},"end":{"line":36,"column":59}}],"line":36},"3":{"loc":{"start":{"line":46,"column":10},"end":{"line":46,"column":59}},"type":"cond-expr","locations":[{"start":{"line":46,"column":18},"end":{"line":46,"column":54}},{"start":{"line":46,"column":57},"end":{"line":46,"column":59}}],"line":46}},"s":{"0":0,"1":0,"2":0,"3":0,"4":0,"5":0,"6":0,"7":0,"8":0,"9":0,"10":0,"11":0,"12":0,"13":0,"14":0,"15":0,"16":0},"f":{"0":0,"1":0,"2":0,"3":0},"b":{"0":[0,0],"1":[0,0],"2":[0,0],"3":[0,0]}}
,"/home/johnj/CascadeProjects/optin-manager/frontend/src/components/AppHeader.jsx": {"path":"/home/johnj/CascadeProjects/optin-manager/frontend/src/components/AppHeader.jsx","statementMap":{"0":{"start":{"line":59,"column":34},"end":{"line":59,"column":48}},"1":{"start":{"line":60,"column":15},"end":{"line":60,"column":32}},"2":{"start":{"line":66,"column":30},"end":{"line":68,"column":3}},"3":{"start":{"line":67,"column":4},"end":{"line":67,"column":37}},"4":{"start":{"line":73,"column":30},"end":{"line":75,"column":3}},"5":{"start":{"line":74,"column":4},"end":{"line":74,"column":22}},"6":{"start":{"line":76,"column":16},"end":{"line":76,"column":26}},"7":{"start":{"line":77,"column":19},"end":{"line":77,"column":32}},"8":{"start":{"line":82,"column":28},"end":{"line":86,"column":3}},"9":{"start":{"line":83,"column":4},"end":{"line":85,"column":6}},"10":{"start":{"line":84,"column":6},"end":{"line":84,"column":70}},"11":{"start":{"line":87,"column":20},"end":{"line":87,"column":93}},"12":{"start":{"line":88,"column":31},"end":{"line":88,"column":69}},"13":{"start":{"line":89,"column":23},"end":{"line":95,"column":3}},"14":{"start":{"line":90,"column":4},"end":{"line":90,"column":44}},"15":{"start":{"line":91,"column":4},"end":{"line":91,"column":40}},"16":{"start":{"line":92,"column":4},"end":{"line":92,"column":37}},"17":{"start":{"line":93,"column":4},"end":{"line":93,"column":26}},"18":{"start":{"line":94,"column":4},"end":{"line":94,"column":23}},"19":{"start":{"line":97,"column":31},"end":{"line":100,"column":3}},"20":{"start":{"line":98,"column":4},"end":{"line":98,"column":26}},"21":{"start":{"line":99,"column":4},"end":{"line":99,"column":33}},"22":{"start":{"line":102,"column":16},"end":{"line":102,"column":52}},"23":{"start":{"line":103,"column":22},"end":{"line":103,"column":36}},"24":{"start":{"line":104,"column":30},"end":{"line":104,"column":56}},"25":{"start":{"line":106,"column":24},"end":{"line":121,"column":4}},"26":{"start":{"line":107,"column":4},"end":{"line":107,"column":33}},"27":{"start":{"line":107,"column":21},"end":{"line":107,"column":33}},"28":{"start":{"line":108,"column":4},"end":{"line":108,"column":62}},"29":{"start":{"line":108,"column":34},"end":{"line":108,"column":62}},"30":{"start":{"line":109,"column":4},"end":{"line":109,"column":60}},"31":{"start":{"line":109,"column":32},"end":{"line":109,"column":60}},"32":{"start":{"line":110,"column":4},"end":{"line":110,"column":43}},"33":{"start":{"line":110,"column":24},"end":{"line":110,"column":43}},"34":{"start":{"line":111,"column":4},"end":{"line":119,"column":5}},"35":{"start":{"line":118,"column":6},"end":{"line":118,"column":33}},"36":{"start":{"line":120,"column":4},"end":{"line":120,"column":17}},"37":{"start":{"line":124,"column":22},"end":{"line":135,"column":3}},"38":{"start":{"line":125,"column":18},"end":{"line":125,"column":54}},"39":{"start":{"line":126,"column":4},"end":{"line":126,"column":50}},"40":{"start":{"line":126,"column":16},"end":{"line":126,"column":50}},"41":{"start":{"line":128,"column":20},"end":{"line":128,"column":35}},"42":{"start":{"line":129,"column":4},"end":{"line":129,"column":52}},"43":{"start":{"line":129,"column":18},"end":{"line":129,"column":52}},"44":{"start":{"line":131,"column":4},"end":{"line":134,"column":6}},"45":{"start":{"line":137,"column":19},"end":{"line":137,"column":32}},"46":{"start":{"line":138,"column":24},"end":{"line":138,"column":67}},"47":{"start":{"line":139,"column":38},"end":{"line":139,"column":53}},"48":{"start":{"line":141,"column":29},"end":{"line":141,"column":63}},"49":{"start":{"line":141,"column":35},"end":{"line":141,"column":63}},"50":{"start":{"line":141,"column":57},"end":{"line":141,"column":62}},"51":{"start":{"line":142,"column":28},"end":{"line":142,"column":54}},"52":{"start":{"line":142,"column":34},"end":{"line":142,"column":54}},"53":{"start":{"line":144,"column":2},"end":{"line":268,"column":4}},"54":{"start":{"line":164,"column":20},"end":{"line":168,"column":31}},"55":{"start":{"line":215,"column":14},"end":{"line":217,"column":23}}},"fnMap":{"0":{"name":"AppHeader","decl":{"start":{"line":58,"column":24},"end":{"line":58,"column":33}},"loc":{"start":{"line":58,"column":77},"end":{"line":269,"column":1}},"line":58},"1":{"name":"(anonymous_1)","decl":{"start":{"line":66,"column":30},"end":{"line":66,"column":31}},"loc":{"start":{"line":66,"column":41},"end":{"line":68,"column":3}},"line":66},"2":{"name":"(anonymous_2)","decl":{"start":{"line":73,"column":30},"end":{"line":73,"column":31}},"loc":{"start":{"line":73,"column":36},"end":{"line":75,"column":3}},"line":73},"3":{"name":"(anonymous_3)","decl":{"start":{"line":82,"column":28},"end":{"line":82,"column":29}},"loc":{"start":{"line":82,"column":34},"end":{"line":86,"column":3}},"line":82},"4":{"name":"(anonymous_4)","decl":{"start":{"line":83,"column":12},"end":{"line":83,"column":13}},"loc":{"start":{"line":84,"column":6},"end":{"line":84,"column":70}},"line":84},"5":{"name":"(anonymous_5)","decl":{"start":{"line":89,"column":23},"end":{"line":89,"column":24}},"loc":{"start":{"line":89,"column":29},"end":{"line":95,"column":3}},"line":89},"6":{"name":"(anonymous_6)","decl":{"start":{"line":97,"column":31},"end":{"line":97,"column":32}},"loc":{"start":{"line":97,"column":37},"end":{"line":100,"column":3}},"line":97},"7":{"name":"(anonymous_7)","decl":{"start":{"line":106,"column":40},"end":{"line":106,"column":41}},"loc":{"start":{"line":106,"column":48},"end":{"line":121,"column":3}},"line":106},"8":{"name":"(anonymous_8)","decl":{"start":{"line":124,"column":22},"end":{"line":124,"column":23}},"loc":{"start":{"line":124,"column":28},"end":{"line":135,"column":3}},"line":124},"9":{"name":"(anonymous_9)","decl":{"start":{"line":141,"column":29},"end":{"line":141,"column":30}},"loc":{"start":{"line":141,"column":35},"end":{"line":141,"column":63}},"line":141},"10":{"name":"(anonymous_10)","decl":{"start":{"line":141,"column":49},"end":{"line":141,"column":50}},"loc":{"start":{"line":141,"column":57},"end":{"line":141,"column":62}},"line":141},"11":{"name":"(anonymous_11)","decl":{"start":{"line":142,"column":28},"end":{"line":142,"column":29}},"loc":{"start":{"line":142,"column":34},"end":{"line":142,"column":54}},"line":142},"12":{"name":"(anonymous_12)","decl":{"start":{"line":163,"column":37},"end":{"line":163,"column":38}},"loc":{"start":{"line":164,"column":20},"end":{"line":168,"column":31}},"line":164},"13":{"name":"(anonymous_13)","decl":{"start":{"line":214,"column":31},"end":{"line":214,"column":32}},"loc":{"start":{"line":215,"column":14},"end":{"line":217,"column":23}},"line":215}},"branchMap":{"0":{"loc":{"start":{"line":58,"column":60},"end":{"line":58,"column":73}},"type":"default-arg","locations":[{"start":{"line":58,"column":71},"end":{"line":58,"column":73}}],"line":58},"1":{"loc":{"start":{"line":84,"column":6},"end":{"line":84,"column":70}},"type":"cond-expr","locations":[{"start":{"line":84,"column":25},"end":{"line":84,"column":31}},{"start":{"line":84,"column":34},"end":{"line":84,"column":70}}],"line":84},"2":{"loc":{"start":{"line":84,"column":34},"end":{"line":84,"column":70}},"type":"cond-expr","locations":[{"start":{"line":84,"column":52},"end":{"line":84,"column":60}},{"start":{"line":84,"column":63},"end":{"line":84,"column":70}}],"line":84},"3":{"loc":{"start":{"line":87,"column":20},"end":{"line":87,"column":93}},"type":"cond-expr","locations":[{"start":{"line":87,"column":52},"end":{"line":87,"column":71}},{"start":{"line":87,"column":74},"end":{"line":87,"column":93}}],"line":87},"4":{"loc":{"start":{"line":107,"column":4},"end":{"line":107,"column":33}},"type":"if","locations":[{"start":{"line":107,"column":4},"end":{"line":107,"column":33}},{"start":{},"end":{}}],"line":107},"5":{"loc":{"start":{"line":108,"column":4},"end":{"line":108,"column":62}},"type":"if","locations":[{"start":{"line":108,"column":4},"end":{"line":108,"column":62}},{"start":{},"end":{}}],"line":108},"6":{"loc":{"start":{"line":109,"column":4},"end":{"line":109,"column":60}},"type":"if","locations":[{"start":{"line":109,"column":4},"end":{"line":109,"column":60}},{"start":{},"end":{}}],"line":109},"7":{"loc":{"start":{"line":110,"column":4},"end":{"line":110,"column":43}},"type":"if","locations":[{"start":{"line":110,"column":4},"end":{"line":110,"column":43}},{"start":{},"end":{}}],"line":110},"8":{"loc":{"start":{"line":111,"column":4},"end":{"line":119,"column":5}},"type":"if","locations":[{"start":{"line":111,"column":4},"end":{"line":119,"column":5}},{"start":{},"end":{}}],"line":111},"9":{"loc":{"start":{"line":126,"column":4},"end":{"line":126,"column":50}},"type":"if","locations":[{"start":{"line":126,"column":4},"end":{"line":126,"column":50}},{"start":{},"end":{}}],"line":126},"10":{"loc":{"start":{"line":129,"column":4},"end":{"line":129,"column":52}},"type":"if","locations":[{"start":{"line":129,"column":4},"end":{"line":129,"column":52}},{"start":{},"end":{}}],"line":129},"11":{"loc":{"start":{"line":132,"column":12},"end":{"line":132,"column":45}},"type":"binary-expr","locations":[{"start":{"line":132,"column":12},"end":{"line":132,"column":24}},{"start":{"line":132,"column":28},"end":{"line":132,"column":39}},{"start":{"line":132,"column":43},"end":{"line":132,"column":45}}],"line":132},"12":{"loc":{"start":{"line":133,"column":16},"end":{"line":133,"column":33}},"type":"binary-expr","locations":[{"start":{"line":133,"column":16},"end":{"line":133,"column":27}},{"start":{"line":133,"column":31},"end":{"line":133,"column":33}}],"line":133},"13":{"loc":{"start":{"line":147,"column":9},"end":{"line":151,"column":9}},"type":"binary-expr","locations":[{"start":{"line":147,"column":9},"end":{"line":147,"column":16}},{"start":{"line":148,"column":10},"end":{"line":150,"column":16}}],"line":147},"14":{"loc":{"start":{"line":155,"column":9},"end":{"line":265,"column":9}},"type":"cond-expr","locations":[{"start":{"line":156,"column":10},"end":{"line":211,"column":13}},{"start":{"line":213,"column":10},"end":{"line":264,"column":13}}],"line":155},"15":{"loc":{"start":{"line":172,"column":17},"end":{"line":202,"column":17}},"type":"binary-expr","locations":[{"start":{"line":172,"column":17},"end":{"line":172,"column":37}},{"start":{"line":173,"column":18},"end":{"line":201,"column":21}}],"line":172},"16":{"loc":{"start":{"line":177,"column":31},"end":{"line":177,"column":65}},"type":"binary-expr","locations":[{"start":{"line":177,"column":31},"end":{"line":177,"column":44}},{"start":{"line":177,"column":48},"end":{"line":177,"column":65}}],"line":177},"17":{"loc":{"start":{"line":219,"column":13},"end":{"line":260,"column":13}},"type":"binary-expr","locations":[{"start":{"line":219,"column":13},"end":{"line":219,"column":33}},{"start":{"line":220,"column":14},"end":{"line":259,"column":17}}],"line":219},"18":{"loc":{"start":{"line":223,"column":25},"end":{"line":223,"column":59}},"type":"binary-expr","locations":[{"start":{"line":223,"column":25},"end":{"line":223,"column":38}},{"start":{"line":223,"column":42},"end":{"line":223,"column":59}}],"line":223}},"s":{"0":0,"1":0,"2":0,"3":0,"4":0,"5":0,"6":0,"7":0,"8":0,"9":0,"10":0,"11":0,"12":0,"13":0,"14":0,"15":0,"16":0,"17":0,"18":0,"19":0,"20":0,"21":0,"22":0,"23":0,"24":0,"25":0,"26":0,"27":0,"28":0,"29":0,"30":0,"31":0,"32":0,"33":0,"34":0,"35":0,"36":0,"37":0,"38":0,"39":0,"40":0,"41":0,"42":0,"43":0,"44":0,"45":0,"46":0,"47":0,"48":0,"49":0,"50":0,"51":0,"52":0,"53":0,"54":0,"55":0},"f":{"0":0,"1":0,"2":0,"3":0,"4":0,"5":0,"6":0,"7":0,"8":0,"9":0,"10":0,"11":0,"12":0,"13":0},"b":{"0":[0],"1":[0,0],"2":[0,0],"3":[0,0],"4":[0,0],"5":[0,0],"6":[0,0],"7":[0,0],"8":[0,0],"9":[0,0],"10":[0,0],"11":[0,0,0],"12":[0,0],"13":[0,0],"14":[0,0],"15":[0,0],"16":[0,0],"17":[0,0],"18":[0,0]}}
,"/home/johnj/CascadeProjects/optin-manager/frontend/src/components/BrandingSection.jsx": {"path":"/home/johnj/CascadeProjects/optin-manager/frontend/src/components/BrandingSection.jsx","statementMap":{"0":{"start":{"line":48,"column":2},"end":{"line":72,"column":4}},"1":{"start":{"line":53,"column":77},"end":{"line":53,"column":107}},"2":{"start":{"line":54,"column":85},"end":{"line":54,"column":117}},"3":{"start":{"line":64,"column":87},"end":{"line":64,"column":113}},"4":{"start":{"line":65,"column":91},"end":{"line":65,"column":119}}},"fnMap":{"0":{"name":"BrandingSection","decl":{"start":{"line":45,"column":24},"end":{"line":45,"column":39}},"loc":{"start":{"line":47,"column":3},"end":{"line":73,"column":1}},"line":47},"1":{"name":"(anonymous_1)","decl":{"start":{"line":53,"column":72},"end":{"line":53,"column":73}},"loc":{"start":{"line":53,"column":77},"end":{"line":53,"column":107}},"line":53},"2":{"name":"(anonymous_2)","decl":{"start":{"line":54,"column":80},"end":{"line":54,"column":81}},"loc":{"start":{"line":54,"column":85},"end":{"line":54,"column":117}},"line":54},"3":{"name":"(anonymous_3)","decl":{"start":{"line":64,"column":82},"end":{"line":64,"column":83}},"loc":{"start":{"line":64,"column":87},"end":{"line":64,"column":113}},"line":64},"4":{"name":"(anonymous_4)","decl":{"start":{"line":65,"column":86},"end":{"line":65,"column":87}},"loc":{"start":{"line":65,"column":91},"end":{"line":65,"column":119}},"line":65}},"branchMap":{"0":{"loc":{"start":{"line":55,"column":11},"end":{"line":59,"column":11}},"type":"binary-expr","locations":[{"start":{"line":55,"column":11},"end":{"line":55,"column":22}},{"start":{"line":56,"column":12},"end":{"line":58,"column":18}}],"line":55},"1":{"loc":{"start":{"line":67,"column":13},"end":{"line":67,"column":42}},"type":"cond-expr","locations":[{"start":{"line":67,"column":22},"end":{"line":67,"column":33}},{"start":{"line":67,"column":36},"end":{"line":67,"column":42}}],"line":67}},"s":{"0":0,"1":0,"2":0,"3":0,"4":0},"f":{"0":0,"1":0,"2":0,"3":0,"4":0},"b":{"0":[0,0],"1":[0,0]}}
,"/home/johnj/CascadeProjects/optin-manager/frontend/src/components/EmailProviderConfig.jsx": {"path":"/home/johnj/CascadeProjects/optin-manager/frontend/src/components/EmailProviderConfig.jsx","statementMap":{"0":{"start":{"line":11,"column":34},"end":{"line":11,"column":59}},"1":{"start":{"line":12,"column":36},"end":{"line":12,"column":48}},"2":{"start":{"line":13,"column":36},"end":{"line":13,"column":48}},"3":{"start":{"line":14,"column":40},"end":{"line":14,"column":52}},"4":{"start":{"line":15,"column":30},"end":{"line":15,"column":51}},"5":{"start":{"line":18,"column":30},"end":{"line":18,"column":45}},"6":{"start":{"line":19,"column":32},"end":{"line":19,"column":47}},"7":{"start":{"line":20,"column":28},"end":{"line":20,"column":40}},"8":{"start":{"line":21,"column":38},"end":{"line":21,"column":50}},"9":{"start":{"line":24,"column":38},"end":{"line":24,"column":53}},"10":{"start":{"line":25,"column":30},"end":{"line":25,"column":50}},"11":{"start":{"line":28,"column":2},"end":{"line":30,"column":9}},"12":{"start":{"line":29,"column":4},"end":{"line":29,"column":18}},"13":{"start":{"line":33,"column":22},"end":{"line":49,"column":3}},"14":{"start":{"line":34,"column":4},"end":{"line":48,"column":5}},"15":{"start":{"line":35,"column":25},"end":{"line":35,"column":49}},"16":{"start":{"line":36,"column":6},"end":{"line":36,"column":58}},"17":{"start":{"line":37,"column":6},"end":{"line":37,"column":55}},"18":{"start":{"line":40,"column":6},"end":{"line":45,"column":7}},"19":{"start":{"line":43,"column":8},"end":{"line":43,"column":33}},"20":{"start":{"line":44,"column":8},"end":{"line":44,"column":33}},"21":{"start":{"line":47,"column":6},"end":{"line":47,"column":68}},"22":{"start":{"line":54,"column":31},"end":{"line":56,"column":3}},"23":{"start":{"line":55,"column":4},"end":{"line":55,"column":32}},"24":{"start":{"line":61,"column":21},"end":{"line":92,"column":3}},"25":{"start":{"line":62,"column":4},"end":{"line":62,"column":20}},"26":{"start":{"line":63,"column":4},"end":{"line":63,"column":19}},"27":{"start":{"line":65,"column":4},"end":{"line":91,"column":5}},"28":{"start":{"line":67,"column":26},"end":{"line":73,"column":7}},"29":{"start":{"line":76,"column":6},"end":{"line":76,"column":43}},"30":{"start":{"line":79,"column":6},"end":{"line":79,"column":26}},"31":{"start":{"line":80,"column":6},"end":{"line":80,"column":28}},"32":{"start":{"line":81,"column":6},"end":{"line":81,"column":24}},"33":{"start":{"line":84,"column":6},"end":{"line":84,"column":55}},"34":{"start":{"line":85,"column":6},"end":{"line":85,"column":52}},"35":{"start":{"line":87,"column":6},"end":{"line":87,"column":71}},"36":{"start":{"line":88,"column":6},"end":{"line":88,"column":94}},"37":{"start":{"line":90,"column":6},"end":{"line":90,"column":23}},"38":{"start":{"line":97,"column":21},"end":{"line":121,"column":3}},"39":{"start":{"line":98,"column":4},"end":{"line":98,"column":21}},"40":{"start":{"line":99,"column":4},"end":{"line":99,"column":22}},"41":{"start":{"line":100,"column":4},"end":{"line":100,"column":17}},"42":{"start":{"line":102,"column":4},"end":{"line":120,"column":5}},"43":{"start":{"line":104,"column":21},"end":{"line":104,"column":76}},"44":{"start":{"line":105,"column":6},"end":{"line":105,"column":63}},"45":{"start":{"line":108,"column":6},"end":{"line":108,"column":26}},"46":{"start":{"line":109,"column":6},"end":{"line":109,"column":51}},"47":{"start":{"line":112,"column":6},"end":{"line":112,"column":20}},"48":{"start":{"line":114,"column":6},"end":{"line":114,"column":71}},"49":{"start":{"line":115,"column":6},"end":{"line":115,"column":90}},"50":{"start":{"line":116,"column":6},"end":{"line":116,"column":26}},"51":{"start":{"line":117,"column":6},"end":{"line":117,"column":52}},"52":{"start":{"line":119,"column":6},"end":{"line":119,"column":24}},"53":{"start":{"line":126,"column":23},"end":{"line":157,"column":3}},"54":{"start":{"line":127,"column":4},"end":{"line":127,"column":20}},"55":{"start":{"line":128,"column":4},"end":{"line":128,"column":17}},"56":{"start":{"line":130,"column":4},"end":{"line":156,"column":5}},"57":{"start":{"line":132,"column":6},"end":{"line":132,"column":60}},"58":{"start":{"line":135,"column":6},"end":{"line":135,"column":23}},"59":{"start":{"line":136,"column":6},"end":{"line":136,"column":23}},"60":{"start":{"line":137,"column":6},"end":{"line":137,"column":25}},"61":{"start":{"line":138,"column":6},"end":{"line":138,"column":29}},"62":{"start":{"line":139,"column":6},"end":{"line":139,"column":24}},"63":{"start":{"line":142,"column":6},"end":{"line":142,"column":27}},"64":{"start":{"line":143,"column":6},"end":{"line":143,"column":28}},"65":{"start":{"line":146,"column":6},"end":{"line":146,"column":50}},"66":{"start":{"line":147,"column":6},"end":{"line":147,"column":46}},"67":{"start":{"line":150,"column":6},"end":{"line":150,"column":20}},"68":{"start":{"line":152,"column":6},"end":{"line":152,"column":73}},"69":{"start":{"line":153,"column":6},"end":{"line":153,"column":96}},"70":{"start":{"line":155,"column":6},"end":{"line":155,"column":23}},"71":{"start":{"line":159,"column":2},"end":{"line":277,"column":4}},"72":{"start":{"line":213,"column":25},"end":{"line":213,"column":53}},"73":{"start":{"line":222,"column":25},"end":{"line":222,"column":53}},"74":{"start":{"line":232,"column":25},"end":{"line":232,"column":55}},"75":{"start":{"line":241,"column":25},"end":{"line":241,"column":50}}},"fnMap":{"0":{"name":"EmailProviderConfig","decl":{"start":{"line":9,"column":9},"end":{"line":9,"column":28}},"loc":{"start":{"line":9,"column":72},"end":{"line":278,"column":1}},"line":9},"1":{"name":"(anonymous_1)","decl":{"start":{"line":28,"column":12},"end":{"line":28,"column":13}},"loc":{"start":{"line":28,"column":18},"end":{"line":30,"column":3}},"line":28},"2":{"name":"(anonymous_2)","decl":{"start":{"line":33,"column":22},"end":{"line":33,"column":23}},"loc":{"start":{"line":33,"column":34},"end":{"line":49,"column":3}},"line":33},"3":{"name":"(anonymous_3)","decl":{"start":{"line":54,"column":31},"end":{"line":54,"column":32}},"loc":{"start":{"line":54,"column":38},"end":{"line":56,"column":3}},"line":54},"4":{"name":"(anonymous_4)","decl":{"start":{"line":61,"column":21},"end":{"line":61,"column":22}},"loc":{"start":{"line":61,"column":33},"end":{"line":92,"column":3}},"line":61},"5":{"name":"(anonymous_5)","decl":{"start":{"line":97,"column":21},"end":{"line":97,"column":22}},"loc":{"start":{"line":97,"column":33},"end":{"line":121,"column":3}},"line":97},"6":{"name":"(anonymous_6)","decl":{"start":{"line":126,"column":23},"end":{"line":126,"column":24}},"loc":{"start":{"line":126,"column":35},"end":{"line":157,"column":3}},"line":126},"7":{"name":"(anonymous_7)","decl":{"start":{"line":213,"column":18},"end":{"line":213,"column":19}},"loc":{"start":{"line":213,"column":25},"end":{"line":213,"column":53}},"line":213},"8":{"name":"(anonymous_8)","decl":{"start":{"line":222,"column":18},"end":{"line":222,"column":19}},"loc":{"start":{"line":222,"column":25},"end":{"line":222,"column":53}},"line":222},"9":{"name":"(anonymous_9)","decl":{"start":{"line":232,"column":18},"end":{"line":232,"column":19}},"loc":{"start":{"line":232,"column":25},"end":{"line":232,"column":55}},"line":232},"10":{"name":"(anonymous_10)","decl":{"start":{"line":241,"column":18},"end":{"line":241,"column":19}},"loc":{"start":{"line":241,"column":25},"end":{"line":241,"column":50}},"line":241}},"branchMap":{"0":{"loc":{"start":{"line":9,"column":41},"end":{"line":9,"column":68}},"type":"default-arg","locations":[{"start":{"line":9,"column":59},"end":{"line":9,"column":68}}],"line":9},"1":{"loc":{"start":{"line":36,"column":20},"end":{"line":36,"column":56}},"type":"binary-expr","locations":[{"start":{"line":36,"column":20},"end":{"line":36,"column":47}},{"start":{"line":36,"column":51},"end":{"line":36,"column":56}}],"line":36},"2":{"loc":{"start":{"line":37,"column":16},"end":{"line":37,"column":53}},"type":"binary-expr","locations":[{"start":{"line":37,"column":16},"end":{"line":37,"column":39}},{"start":{"line":37,"column":43},"end":{"line":37,"column":53}}],"line":37},"3":{"loc":{"start":{"line":40,"column":6},"end":{"line":45,"column":7}},"type":"if","locations":[{"start":{"line":40,"column":6},"end":{"line":45,"column":7}},{"start":{},"end":{}}],"line":40},"4":{"loc":{"start":{"line":88,"column":15},"end":{"line":88,"column":92}},"type":"binary-expr","locations":[{"start":{"line":88,"column":15},"end":{"line":88,"column":43}},{"start":{"line":88,"column":47},"end":{"line":88,"column":60}},{"start":{"line":88,"column":64},"end":{"line":88,"column":92}}],"line":88},"5":{"loc":{"start":{"line":105,"column":20},"end":{"line":105,"column":61}},"type":"binary-expr","locations":[{"start":{"line":105,"column":20},"end":{"line":105,"column":34}},{"start":{"line":105,"column":38},"end":{"line":105,"column":61}}],"line":105},"6":{"loc":{"start":{"line":115,"column":15},"end":{"line":115,"column":88}},"type":"binary-expr","locations":[{"start":{"line":115,"column":15},"end":{"line":115,"column":43}},{"start":{"line":115,"column":47},"end":{"line":115,"column":60}},{"start":{"line":115,"column":64},"end":{"line":115,"column":88}}],"line":115},"7":{"loc":{"start":{"line":153,"column":15},"end":{"line":153,"column":94}},"type":"binary-expr","locations":[{"start":{"line":153,"column":15},"end":{"line":153,"column":43}},{"start":{"line":153,"column":47},"end":{"line":153,"column":60}},{"start":{"line":153,"column":64},"end":{"line":153,"column":94}}],"line":153},"8":{"loc":{"start":{"line":166,"column":9},"end":{"line":174,"column":9}},"type":"cond-expr","locations":[{"start":{"line":167,"column":10},"end":{"line":169,"column":18}},{"start":{"line":171,"column":10},"end":{"line":173,"column":18}}],"line":166},"9":{"loc":{"start":{"line":175,"column":9},"end":{"line":183,"column":9}},"type":"binary-expr","locations":[{"start":{"line":175,"column":9},"end":{"line":175,"column":19}},{"start":{"line":176,"column":10},"end":{"line":182,"column":18}}],"line":175},"10":{"loc":{"start":{"line":177,"column":22},"end":{"line":177,"column":94}},"type":"cond-expr","locations":[{"start":{"line":177,"column":44},"end":{"line":177,"column":53}},{"start":{"line":177,"column":56},"end":{"line":177,"column":94}}],"line":177},"11":{"loc":{"start":{"line":177,"column":56},"end":{"line":177,"column":94}},"type":"cond-expr","locations":[{"start":{"line":177,"column":78},"end":{"line":177,"column":85}},{"start":{"line":177,"column":88},"end":{"line":177,"column":94}}],"line":177},"12":{"loc":{"start":{"line":180,"column":13},"end":{"line":181,"column":63}},"type":"cond-expr","locations":[{"start":{"line":180,"column":35},"end":{"line":180,"column":43}},{"start":{"line":181,"column":13},"end":{"line":181,"column":63}}],"line":180},"13":{"loc":{"start":{"line":181,"column":13},"end":{"line":181,"column":63}},"type":"cond-expr","locations":[{"start":{"line":181,"column":35},"end":{"line":181,"column":48}},{"start":{"line":181,"column":51},"end":{"line":181,"column":63}}],"line":181},"14":{"loc":{"start":{"line":186,"column":7},"end":{"line":190,"column":7}},"type":"binary-expr","locations":[{"start":{"line":186,"column":7},"end":{"line":186,"column":12}},{"start":{"line":187,"column":8},"end":{"line":189,"column":16}}],"line":186},"15":{"loc":{"start":{"line":192,"column":7},"end":{"line":196,"column":7}},"type":"binary-expr","locations":[{"start":{"line":192,"column":7},"end":{"line":192,"column":17}},{"start":{"line":193,"column":8},"end":{"line":195,"column":16}}],"line":192},"16":{"loc":{"start":{"line":201,"column":17},"end":{"line":201,"column":31}},"type":"binary-expr","locations":[{"start":{"line":201,"column":17},"end":{"line":201,"column":25}},{"start":{"line":201,"column":29},"end":{"line":201,"column":31}}],"line":201},"17":{"loc":{"start":{"line":254,"column":11},"end":{"line":254,"column":40}},"type":"cond-expr","locations":[{"start":{"line":254,"column":20},"end":{"line":254,"column":31}},{"start":{"line":254,"column":34},"end":{"line":254,"column":40}}],"line":254},"18":{"loc":{"start":{"line":260,"column":20},"end":{"line":260,"column":42}},"type":"binary-expr","locations":[{"start":{"line":260,"column":20},"end":{"line":260,"column":27}},{"start":{"line":260,"column":31},"end":{"line":260,"column":42}}],"line":260},"19":{"loc":{"start":{"line":263,"column":11},"end":{"line":263,"column":42}},"type":"cond-expr","locations":[{"start":{"line":263,"column":21},"end":{"line":263,"column":33}},{"start":{"line":263,"column":36},"end":{"line":263,"column":42}}],"line":263}},"s":{"0":0,"1":0,"2":0,"3":0,"4":0,"5":0,"6":0,"7":0,"8":0,"9":0,"10":0,"11":0,"12":0,"13":0,"14":0,"15":0,"16":0,"17":0,"18":0,"19":0,"20":0,"21":0,"22":0,"23":0,"24":0,"25":0,"26":0,"27":0,"28":0,"29":0,"30":0,"31":0,"32":0,"33":0,"34":0,"35":0,"36":0,"37":0,"38":0,"39":0,"40":0,"41":0,"42":0,"43":0,"44":0,"45":0,"46":0,"47":0,"48":0,"49":0,"50":0,"51":0,"52":0,"53":0,"54":0,"55":0,"56":0,"57":0,"58":0,"59":0,"60":0,"61":0,"62":0,"63":0,"64":0,"65":0,"66":0,"67":0,"68":0,"69":0,"70":0,"71":0,"72":0,"73":0,"74":0,"75":0},"f":{"0":0,"1":0,"2":0,"3":0,"4":0,"5":0,"6":0,"7":0,"8":0,"9":0,"10":0},"b":{"0":[0],"1":[0,0],"2":[0,0],"3":[0,0],"4":[0,0,0],"5":[0,0],"6":[0,0,0],"7":[0,0,0],"8":[0,0],"9":[0,0],"10":[0,0],"11":[0,0],"12":[0,0],"13":[0,0],"14":[0,0],"15":[0,0],"16":[0,0],"17":[0,0],"18":[0,0],"19":[0,0]}}
,"/home/johnj/CascadeProjects/optin-manager/frontend/src/components/ProtectedRoute.jsx": {"path":"/home/johnj/CascadeProjects/optin-manager/frontend/src/components/ProtectedRoute.jsx","statementMap":{"0":{"start":{"line":37,"column":16},"end":{"line":37,"column":52}},"1":{"start":{"line":38,"column":2},"end":{"line":38,"column":54}},"2":{"start":{"line":38,"column":14},"end":{"line":38,"column":54}},"3":{"start":{"line":40,"column":2},"end":{"line":40,"column":18}}},"fnMap":{"0":{"name":"ProtectedRoute","decl":{"start":{"line":36,"column":24},"end":{"line":36,"column":38}},"loc":{"start":{"line":36,"column":53},"end":{"line":41,"column":1}},"line":36}},"branchMap":{"0":{"loc":{"start":{"line":38,"column":2},"end":{"line":38,"column":54}},"type":"if","locations":[{"start":{"line":38,"column":2},"end":{"line":38,"column":54}},{"start":{},"end":{}}],"line":38}},"s":{"0":0,"1":0,"2":0,"3":0},"f":{"0":0},"b":{"0":[0,0]}}
,"/home/johnj/CascadeProjects/optin-manager/frontend/src/components/SmsProviderConfig.jsx": {"path":"/home/johnj/CascadeProjects/optin-manager/frontend/src/components/SmsProviderConfig.jsx","statementMap":{"0":{"start":{"line":11,"column":34},"end":{"line":11,"column":59}},"1":{"start":{"line":12,"column":36},"end":{"line":12,"column":48}},"2":{"start":{"line":13,"column":36},"end":{"line":13,"column":48}},"3":{"start":{"line":14,"column":30},"end":{"line":14,"column":51}},"4":{"start":{"line":17,"column":30},"end":{"line":17,"column":45}},"5":{"start":{"line":18,"column":32},"end":{"line":18,"column":47}},"6":{"start":{"line":19,"column":28},"end":{"line":19,"column":40}},"7":{"start":{"line":20,"column":38},"end":{"line":20,"column":50}},"8":{"start":{"line":23,"column":38},"end":{"line":23,"column":53}},"9":{"start":{"line":24,"column":30},"end":{"line":24,"column":50}},"10":{"start":{"line":27,"column":2},"end":{"line":29,"column":9}},"11":{"start":{"line":28,"column":4},"end":{"line":28,"column":18}},"12":{"start":{"line":32,"column":22},"end":{"line":48,"column":3}},"13":{"start":{"line":33,"column":4},"end":{"line":47,"column":5}},"14":{"start":{"line":34,"column":25},"end":{"line":34,"column":49}},"15":{"start":{"line":35,"column":6},"end":{"line":35,"column":56}},"16":{"start":{"line":36,"column":6},"end":{"line":36,"column":53}},"17":{"start":{"line":39,"column":6},"end":{"line":44,"column":7}},"18":{"start":{"line":42,"column":8},"end":{"line":42,"column":33}},"19":{"start":{"line":43,"column":8},"end":{"line":43,"column":33}},"20":{"start":{"line":46,"column":6},"end":{"line":46,"column":66}},"21":{"start":{"line":53,"column":31},"end":{"line":55,"column":3}},"22":{"start":{"line":54,"column":4},"end":{"line":54,"column":32}},"23":{"start":{"line":60,"column":21},"end":{"line":98,"column":3}},"24":{"start":{"line":61,"column":4},"end":{"line":64,"column":5}},"25":{"start":{"line":62,"column":6},"end":{"line":62,"column":57}},"26":{"start":{"line":63,"column":6},"end":{"line":63,"column":13}},"27":{"start":{"line":66,"column":4},"end":{"line":66,"column":20}},"28":{"start":{"line":67,"column":4},"end":{"line":67,"column":17}},"29":{"start":{"line":69,"column":4},"end":{"line":97,"column":5}},"30":{"start":{"line":71,"column":26},"end":{"line":76,"column":7}},"31":{"start":{"line":79,"column":6},"end":{"line":79,"column":43}},"32":{"start":{"line":82,"column":6},"end":{"line":82,"column":26}},"33":{"start":{"line":83,"column":6},"end":{"line":83,"column":28}},"34":{"start":{"line":84,"column":6},"end":{"line":84,"column":24}},"35":{"start":{"line":87,"column":6},"end":{"line":87,"column":53}},"36":{"start":{"line":88,"column":6},"end":{"line":88,"column":50}},"37":{"start":{"line":91,"column":6},"end":{"line":91,"column":20}},"38":{"start":{"line":93,"column":6},"end":{"line":93,"column":69}},"39":{"start":{"line":94,"column":6},"end":{"line":94,"column":94}},"40":{"start":{"line":96,"column":6},"end":{"line":96,"column":23}},"41":{"start":{"line":103,"column":21},"end":{"line":127,"column":3}},"42":{"start":{"line":104,"column":4},"end":{"line":104,"column":21}},"43":{"start":{"line":105,"column":4},"end":{"line":105,"column":22}},"44":{"start":{"line":106,"column":4},"end":{"line":106,"column":17}},"45":{"start":{"line":108,"column":4},"end":{"line":126,"column":5}},"46":{"start":{"line":110,"column":21},"end":{"line":110,"column":74}},"47":{"start":{"line":111,"column":6},"end":{"line":111,"column":63}},"48":{"start":{"line":114,"column":6},"end":{"line":114,"column":26}},"49":{"start":{"line":115,"column":6},"end":{"line":115,"column":49}},"50":{"start":{"line":118,"column":6},"end":{"line":118,"column":20}},"51":{"start":{"line":120,"column":6},"end":{"line":120,"column":69}},"52":{"start":{"line":121,"column":6},"end":{"line":121,"column":90}},"53":{"start":{"line":122,"column":6},"end":{"line":122,"column":26}},"54":{"start":{"line":123,"column":6},"end":{"line":123,"column":50}},"55":{"start":{"line":125,"column":6},"end":{"line":125,"column":24}},"56":{"start":{"line":132,"column":23},"end":{"line":162,"column":3}},"57":{"start":{"line":133,"column":4},"end":{"line":133,"column":20}},"58":{"start":{"line":134,"column":4},"end":{"line":134,"column":17}},"59":{"start":{"line":136,"column":4},"end":{"line":161,"column":5}},"60":{"start":{"line":138,"column":6},"end":{"line":138,"column":58}},"61":{"start":{"line":141,"column":6},"end":{"line":141,"column":23}},"62":{"start":{"line":142,"column":6},"end":{"line":142,"column":23}},"63":{"start":{"line":143,"column":6},"end":{"line":143,"column":29}},"64":{"start":{"line":144,"column":6},"end":{"line":144,"column":24}},"65":{"start":{"line":147,"column":6},"end":{"line":147,"column":27}},"66":{"start":{"line":148,"column":6},"end":{"line":148,"column":28}},"67":{"start":{"line":151,"column":6},"end":{"line":151,"column":48}},"68":{"start":{"line":152,"column":6},"end":{"line":152,"column":44}},"69":{"start":{"line":155,"column":6},"end":{"line":155,"column":20}},"70":{"start":{"line":157,"column":6},"end":{"line":157,"column":71}},"71":{"start":{"line":158,"column":6},"end":{"line":158,"column":96}},"72":{"start":{"line":160,"column":6},"end":{"line":160,"column":23}},"73":{"start":{"line":164,"column":2},"end":{"line":274,"column":4}},"74":{"start":{"line":218,"column":25},"end":{"line":218,"column":53}},"75":{"start":{"line":227,"column":25},"end":{"line":227,"column":53}},"76":{"start":{"line":237,"column":25},"end":{"line":237,"column":50}}},"fnMap":{"0":{"name":"SmsProviderConfig","decl":{"start":{"line":9,"column":9},"end":{"line":9,"column":26}},"loc":{"start":{"line":9,"column":70},"end":{"line":275,"column":1}},"line":9},"1":{"name":"(anonymous_1)","decl":{"start":{"line":27,"column":12},"end":{"line":27,"column":13}},"loc":{"start":{"line":27,"column":18},"end":{"line":29,"column":3}},"line":27},"2":{"name":"(anonymous_2)","decl":{"start":{"line":32,"column":22},"end":{"line":32,"column":23}},"loc":{"start":{"line":32,"column":34},"end":{"line":48,"column":3}},"line":32},"3":{"name":"(anonymous_3)","decl":{"start":{"line":53,"column":31},"end":{"line":53,"column":32}},"loc":{"start":{"line":53,"column":38},"end":{"line":55,"column":3}},"line":53},"4":{"name":"(anonymous_4)","decl":{"start":{"line":60,"column":21},"end":{"line":60,"column":22}},"loc":{"start":{"line":60,"column":33},"end":{"line":98,"column":3}},"line":60},"5":{"name":"(anonymous_5)","decl":{"start":{"line":103,"column":21},"end":{"line":103,"column":22}},"loc":{"start":{"line":103,"column":33},"end":{"line":127,"column":3}},"line":103},"6":{"name":"(anonymous_6)","decl":{"start":{"line":132,"column":23},"end":{"line":132,"column":24}},"loc":{"start":{"line":132,"column":35},"end":{"line":162,"column":3}},"line":132},"7":{"name":"(anonymous_7)","decl":{"start":{"line":218,"column":18},"end":{"line":218,"column":19}},"loc":{"start":{"line":218,"column":25},"end":{"line":218,"column":53}},"line":218},"8":{"name":"(anonymous_8)","decl":{"start":{"line":227,"column":18},"end":{"line":227,"column":19}},"loc":{"start":{"line":227,"column":25},"end":{"line":227,"column":53}},"line":227},"9":{"name":"(anonymous_9)","decl":{"start":{"line":237,"column":18},"end":{"line":237,"column":19}},"loc":{"start":{"line":237,"column":25},"end":{"line":237,"column":50}},"line":237}},"branchMap":{"0":{"loc":{"start":{"line":9,"column":39},"end":{"line":9,"column":66}},"type":"default-arg","locations":[{"start":{"line":9,"column":57},"end":{"line":9,"column":66}}],"line":9},"1":{"loc":{"start":{"line":35,"column":20},"end":{"line":35,"column":54}},"type":"binary-expr","locations":[{"start":{"line":35,"column":20},"end":{"line":35,"column":45}},{"start":{"line":35,"column":49},"end":{"line":35,"column":54}}],"line":35},"2":{"loc":{"start":{"line":36,"column":16},"end":{"line":36,"column":51}},"type":"binary-expr","locations":[{"start":{"line":36,"column":16},"end":{"line":36,"column":37}},{"start":{"line":36,"column":41},"end":{"line":36,"column":51}}],"line":36},"3":{"loc":{"start":{"line":39,"column":6},"end":{"line":44,"column":7}},"type":"if","locations":[{"start":{"line":39,"column":6},"end":{"line":44,"column":7}},{"start":{},"end":{}}],"line":39},"4":{"loc":{"start":{"line":61,"column":4},"end":{"line":64,"column":5}},"type":"if","locations":[{"start":{"line":61,"column":4},"end":{"line":64,"column":5}},{"start":{},"end":{}}],"line":61},"5":{"loc":{"start":{"line":61,"column":8},"end":{"line":61,"column":32}},"type":"binary-expr","locations":[{"start":{"line":61,"column":8},"end":{"line":61,"column":18}},{"start":{"line":61,"column":22},"end":{"line":61,"column":32}}],"line":61},"6":{"loc":{"start":{"line":94,"column":15},"end":{"line":94,"column":92}},"type":"binary-expr","locations":[{"start":{"line":94,"column":15},"end":{"line":94,"column":43}},{"start":{"line":94,"column":47},"end":{"line":94,"column":60}},{"start":{"line":94,"column":64},"end":{"line":94,"column":92}}],"line":94},"7":{"loc":{"start":{"line":111,"column":20},"end":{"line":111,"column":61}},"type":"binary-expr","locations":[{"start":{"line":111,"column":20},"end":{"line":111,"column":34}},{"start":{"line":111,"column":38},"end":{"line":111,"column":61}}],"line":111},"8":{"loc":{"start":{"line":121,"column":15},"end":{"line":121,"column":88}},"type":"binary-expr","locations":[{"start":{"line":121,"column":15},"end":{"line":121,"column":43}},{"start":{"line":121,"column":47},"end":{"line":121,"column":60}},{"start":{"line":121,"column":64},"end":{"line":121,"column":88}}],"line":121},"9":{"loc":{"start":{"line":158,"column":15},"end":{"line":158,"column":94}},"type":"binary-expr","locations":[{"start":{"line":158,"column":15},"end":{"line":158,"column":43}},{"start":{"line":158,"column":47},"end":{"line":158,"column":60}},{"start":{"line":158,"column":64},"end":{"line":158,"column":94}}],"line":158},"10":{"loc":{"start":{"line":171,"column":9},"end":{"line":179,"column":9}},"type":"cond-expr","locations":[{"start":{"line":172,"column":10},"end":{"line":174,"column":18}},{"start":{"line":176,"column":10},"end":{"line":178,"column":18}}],"line":171},"11":{"loc":{"start":{"line":180,"column":9},"end":{"line":188,"column":9}},"type":"binary-expr","locations":[{"start":{"line":180,"column":9},"end":{"line":180,"column":19}},{"start":{"line":181,"column":10},"end":{"line":187,"column":18}}],"line":180},"12":{"loc":{"start":{"line":182,"column":22},"end":{"line":182,"column":94}},"type":"cond-expr","locations":[{"start":{"line":182,"column":44},"end":{"line":182,"column":53}},{"start":{"line":182,"column":56},"end":{"line":182,"column":94}}],"line":182},"13":{"loc":{"start":{"line":182,"column":56},"end":{"line":182,"column":94}},"type":"cond-expr","locations":[{"start":{"line":182,"column":78},"end":{"line":182,"column":85}},{"start":{"line":182,"column":88},"end":{"line":182,"column":94}}],"line":182},"14":{"loc":{"start":{"line":185,"column":13},"end":{"line":186,"column":63}},"type":"cond-expr","locations":[{"start":{"line":185,"column":35},"end":{"line":185,"column":43}},{"start":{"line":186,"column":13},"end":{"line":186,"column":63}}],"line":185},"15":{"loc":{"start":{"line":186,"column":13},"end":{"line":186,"column":63}},"type":"cond-expr","locations":[{"start":{"line":186,"column":35},"end":{"line":186,"column":48}},{"start":{"line":186,"column":51},"end":{"line":186,"column":63}}],"line":186},"16":{"loc":{"start":{"line":191,"column":7},"end":{"line":195,"column":7}},"type":"binary-expr","locations":[{"start":{"line":191,"column":7},"end":{"line":191,"column":12}},{"start":{"line":192,"column":8},"end":{"line":194,"column":16}}],"line":191},"17":{"loc":{"start":{"line":197,"column":7},"end":{"line":201,"column":7}},"type":"binary-expr","locations":[{"start":{"line":197,"column":7},"end":{"line":197,"column":17}},{"start":{"line":198,"column":8},"end":{"line":200,"column":16}}],"line":197},"18":{"loc":{"start":{"line":206,"column":17},"end":{"line":206,"column":31}},"type":"binary-expr","locations":[{"start":{"line":206,"column":17},"end":{"line":206,"column":25}},{"start":{"line":206,"column":29},"end":{"line":206,"column":31}}],"line":206},"19":{"loc":{"start":{"line":252,"column":11},"end":{"line":252,"column":40}},"type":"cond-expr","locations":[{"start":{"line":252,"column":20},"end":{"line":252,"column":31}},{"start":{"line":252,"column":34},"end":{"line":252,"column":40}}],"line":252},"20":{"loc":{"start":{"line":261,"column":11},"end":{"line":261,"column":42}},"type":"cond-expr","locations":[{"start":{"line":261,"column":21},"end":{"line":261,"column":33}},{"start":{"line":261,"column":36},"end":{"line":261,"column":42}}],"line":261}},"s":{"0":0,"1":0,"2":0,"3":0,"4":0,"5":0,"6":0,"7":0,"8":0,"9":0,"10":0,"11":0,"12":0,"13":0,"14":0,"15":0,"16":0,"17":0,"18":0,"19":0,"20":0,"21":0,"22":0,"23":0,"24":0,"25":0,"26":0,"27":0,"28":0,"29":0,"30":0,"31":0,"32":0,"33":0,"34":0,"35":0,"36":0,"37":0,"38":0,"39":0,"40":0,"41":0,"42":0,"43":0,"44":0,"45":0,"46":0,"47":0,"48":0,"49":0,"50":0,"51":0,"52":0,"53":0,"54":0,"55":0,"56":0,"57":0,"58":0,"59":0,"60":0,"61":0,"62":0,"63":0,"64":0,"65":0,"66":0,"67":0,"68":0,"69":0,"70":0,"71":0,"72":0,"73":0,"74":0,"75":0,"76":0},"f":{"0":0,"1":0,"2":0,"3":0,"4":0,"5":0,"6":0,"7":0,"8":0,"9":0},"b":{"0":[0],"1":[0,0],"2":[0,0],"3":[0,0],"4":[0,0],"5":[0,0],"6":[0,0,0],"7":[0,0],"8":[0,0,0],"9":[0,0,0],"10":[0,0],"11":[0,0],"12":[0,0],"13":[0,0],"14":[0,0],"15":[0,0],"16":[0,0],"17":[0,0],"18":[0,0],"19":[0,0],"20":[0,0]}}
,"/home/johnj/CascadeProjects/optin-manager/frontend/src/pages/AdminLogin.jsx": {"path":"/home/johnj/CascadeProjects/optin-manager/frontend/src/pages/AdminLogin.jsx","statementMap":{"0":{"start":{"line":38,"column":34},"end":{"line":38,"column":46}},"1":{"start":{"line":39,"column":34},"end":{"line":39,"column":46}},"2":{"start":{"line":40,"column":32},"end":{"line":40,"column":47}},"3":{"start":{"line":41,"column":28},"end":{"line":41,"column":40}},"4":{"start":{"line":42,"column":19},"end":{"line":42,"column":32}},"5":{"start":{"line":55,"column":23},"end":{"line":76,"column":3}},"6":{"start":{"line":56,"column":4},"end":{"line":56,"column":23}},"7":{"start":{"line":57,"column":4},"end":{"line":57,"column":21}},"8":{"start":{"line":58,"column":4},"end":{"line":58,"column":17}},"9":{"start":{"line":59,"column":4},"end":{"line":75,"column":5}},"10":{"start":{"line":60,"column":6},"end":{"line":60,"column":63}},"11":{"start":{"line":61,"column":19},"end":{"line":61,"column":54}},"12":{"start":{"line":62,"column":6},"end":{"line":62,"column":43}},"13":{"start":{"line":63,"column":6},"end":{"line":67,"column":7}},"14":{"start":{"line":64,"column":8},"end":{"line":64,"column":59}},"15":{"start":{"line":65,"column":8},"end":{"line":65,"column":66}},"16":{"start":{"line":66,"column":8},"end":{"line":66,"column":15}},"17":{"start":{"line":68,"column":6},"end":{"line":68,"column":62}},"18":{"start":{"line":69,"column":6},"end":{"line":69,"column":29}},"19":{"start":{"line":71,"column":6},"end":{"line":71,"column":41}},"20":{"start":{"line":72,"column":6},"end":{"line":72,"column":55}},"21":{"start":{"line":74,"column":6},"end":{"line":74,"column":24}},"22":{"start":{"line":78,"column":2},"end":{"line":122,"column":4}},"23":{"start":{"line":99,"column":29},"end":{"line":99,"column":56}},"24":{"start":{"line":107,"column":29},"end":{"line":107,"column":56}}},"fnMap":{"0":{"name":"AdminLogin","decl":{"start":{"line":37,"column":24},"end":{"line":37,"column":34}},"loc":{"start":{"line":37,"column":37},"end":{"line":123,"column":1}},"line":37},"1":{"name":"(anonymous_1)","decl":{"start":{"line":55,"column":23},"end":{"line":55,"column":24}},"loc":{"start":{"line":55,"column":36},"end":{"line":76,"column":3}},"line":55},"2":{"na
[...]
"line":119,"column":24}},"loc":{"start":{"line":119,"column":35},"end":{"line":135,"column":5}},"line":119},"8":{"name":"(anonymous_8)","decl":{"start":{"line":125,"column":41},"end":{"line":125,"column":42}},"loc":{"start":{"line":125,"column":50},"end":{"line":125,"column":75}},"line":125},"9":{"name":"(anonymous_9)","decl":{"start":{"line":141,"column":30},"end":{"line":141,"column":31}},"loc":{"start":{"line":141,"column":43},"end":{"line":239,"column":3}},"line":141},"10":{"name":"(anonymous_10)","decl":{"start":{"line":182,"column":37},"end":{"line":182,"column":38}},"loc":{"start":{"line":182,"column":48},"end":{"line":185,"column":11}},"line":182},"11":{"name":"(anonymous_11)","decl":{"start":{"line":188,"column":43},"end":{"line":188,"column":44}},"loc":{"start":{"line":188,"column":52},"end":{"line":200,"column":11}},"line":188},"12":{"name":"(anonymous_12)","decl":{"start":{"line":210,"column":48},"end":{"line":210,"column":49}},"loc":{"start":{"line":210,"column":58},"end":{"line":215,"column":11}},"line":210},"13":{"name":"(anonymous_13)","decl":{"start":{"line":222,"column":46},"end":{"line":222,"column":47}},"loc":{"start":{"line":222,"column":56},"end":{"line":227,"column":9}},"line":222},"14":{"name":"(anonymous_14)","decl":{"start":{"line":242,"column":28},"end":{"line":242,"column":29}},"loc":{"start":{"line":242,"column":39},"end":{"line":248,"column":3}},"line":242},"15":{"name":"(anonymous_15)","decl":{"start":{"line":243,"column":26},"end":{"line":243,"column":27}},"loc":{"start":{"line":244,"column":6},"end":{"line":246,"column":7}},"line":244},"16":{"name":"(anonymous_16)","decl":{"start":{"line":244,"column":16},"end":{"line":244,"column":17}},"loc":{"start":{"line":245,"column":8},"end":{"line":245,"column":66}},"line":245},"17":{"name":"(anonymous_17)","decl":{"start":{"line":251,"column":32},"end":{"line":251,"column":33}},"loc":{"start":{"line":251,"column":44},"end":{"line":298,"column":3}},"line":251},"18":{"name":"(anonymous_18)","decl":{"start":{"line":283,"column":17},"end":{"line":283,"column":18}},"loc":{"start":{"line":283,"column":23},"end":{"line":290,"column":7}},"line":283},"19":{"name":"(anonymous_19)","decl":{"start":{"line":330,"column":26},"end":{"line":330,"column":27}},"loc":{"start":{"line":330,"column":33},"end":{"line":330,"column":59}},"line":330},"20":{"name":"(anonymous_20)","decl":{"start":{"line":363,"column":37},"end":{"line":363,"column":38}},"loc":{"start":{"line":364,"column":16},"end":{"line":378,"column":18}},"line":364},"21":{"name":"(anonymous_21)","decl":{"start":{"line":369,"column":32},"end":{"line":369,"column":33}},"loc":{"start":{"line":369,"column":38},"end":{"line":369,"column":62}},"line":369},"22":{"name":"(anonymous_22)","decl":{"start":{"line":385,"column":24},"end":{"line":385,"column":25}},"loc":{"start":{"line":385,"column":31},"end":{"line":385,"column":57}},"line":385},"23":{"name":"(anonymous_23)","decl":{"start":{"line":398,"column":25},"end":{"line":398,"column":26}},"loc":{"start":{"line":398,"column":31},"end":{"line":398,"column":41}},"line":398}},"branchMap":{"0":{"loc":{"start":{"line":22,"column":2},"end":{"line":22,"column":24}},"type":"if","locations":[{"start":{"line":22,"column":2},"end":{"line":22,"column":24}},{"start":{},"end":{}}],"line":22},"1":{"loc":{"start":{"line":29,"column":2},"end":{"line":29,"column":24}},"type":"if","locations":[{"start":{"line":29,"column":2},"end":{"line":29,"column":24}},{"start":{},"end":{}}],"line":29},"2":{"loc":{"start":{"line":67,"column":6},"end":{"line":67,"column":32}},"type":"if","locations":[{"start":{"line":67,"column":6},"end":{"line":67,"column":32}},{"start":{},"end":{}}],"line":67},"3":{"loc":{"start":{"line":74,"column":6},"end":{"line":84,"column":7}},"type":"if","locations":[{"start":{"line":74,"column":6},"end":{"line":84,"column":7}},{"start":{"line":78,"column":13},"end":{"line":84,"column":7}}],"line":74},"4":{"loc":{"start":{"line":78,"column":13},"end":{"line":84,"column":7}},"type":"if","locations":[{"start":{"line":78,"column":13},"end":{"line":84,"column":7}},{"start":{"line":82,"column":13},"end":{"line":84,"column":7}}],"line":78},"5":{"loc":{"start":{"line":104,"column":30},"end":{"line":104,"column":56}},"type":"binary-expr","locations":[{"start":{"line":104,"column":30},"end":{"line":104,"column":50}},{"start":{"line":104,"column":54},"end":{"line":104,"column":56}}],"line":104},"6":{"loc":{"start":{"line":147,"column":6},"end":{"line":150,"column":7}},"type":"if","locations":[{"start":{"line":147,"column":6},"end":{"line":150,"column":7}},{"start":{},"end":{}}],"line":147},"7":{"loc":{"start":{"line":154,"column":22},"end":{"line":154,"column":61}},"type":"binary-expr","locations":[{"start":{"line":154,"column":22},"end":{"line":154,"column":30}},{"start":{"line":154,"column":34},"end":{"line":154,"column":61}}],"line":154},"8":{"loc":{"start":{"line":156,"column":6},"end":{"line":159,"column":7}},"type":"if","locations":[{"start":{"line":156,"column":6},"end":{"line":159,"column":7}},{"start":{},"end":{}}],"line":156},"9":{"loc":{"start":{"line":156,"column":10},"end":{"line":156,"column":30}},"type":"binary-expr","locations":[{"start":{"line":156,"column":10},"end":{"line":156,"column":18}},{"start":{"line":156,"column":22},"end":{"line":156,"column":30}}],"line":156},"10":{"loc":{"start":{"line":163,"column":6},"end":{"line":166,"column":7}},"type":"if","locations":[{"start":{"line":163,"column":6},"end":{"line":166,"column":7}},{"start":{},"end":{}}],"line":163},"11":{"loc":{"start":{"line":170,"column":21},"end":{"line":170,"column":48}},"type":"cond-expr","locations":[{"start":{"line":170,"column":31},"end":{"line":170,"column":38}},{"start":{"line":170,"column":41},"end":{"line":170,"column":48}}],"line":170},"12":{"loc":{"start":{"line":171,"column":16},"end":{"line":171,"column":83}},"type":"cond-expr","locations":[{"start":{"line":171,"column":26},"end":{"line":171,"column":53}},{"start":{"line":171,"column":56},"end":{"line":171,"column":83}}],"line":171},"13":{"loc":{"start":{"line":179,"column":8},"end":{"line":218,"column":9}},"type":"if","locations":[{"start":{"line":179,"column":8},"end":{"line":218,"column":9}},{"start":{"line":208,"column":15},"end":{"line":218,"column":9}}],"line":179},"14":{"loc":{"start":{"line":179,"column":12},"end":{"line":179,"column":76}},"type":"binary-expr","locations":[{"start":{"line":179,"column":12},"end":{"line":179,"column":21}},{"start":{"line":179,"column":25},"end":{"line":179,"column":43}},{"start":{"line":179,"column":47},"end":{"line":179,"column":76}}],"line":179},"15":{"loc":{"start":{"line":245,"column":8},"end":{"line":245,"column":66}},"type":"cond-expr","locations":[{"start":{"line":245,"column":22},"end":{"line":245,"column":59}},{"start":{"line":245,"column":62},"end":{"line":245,"column":66}}],"line":245},"16":{"loc":{"start":{"line":258,"column":27},"end":{"line":258,"column":78}},"type":"binary-expr","locations":[{"start":{"line":258,"column":27},"end":{"line":258,"column":59}},{"start":{"line":258,"column":63},"end":{"line":258,"column":78}}],"line":258},"17":{"loc":{"start":{"line":259,"column":28},"end":{"line":259,"column":82}},"type":"binary-expr","locations":[{"start":{"line":259,"column":28},"end":{"line":259,"column":57}},{"start":{"line":259,"column":61},"end":{"line":259,"column":82}}],"line":259},"18":{"loc":{"start":{"line":324,"column":9},"end":{"line":415,"column":9}},"type":"cond-expr","locations":[{"start":{"line":325,"column":10},"end":{"line":347,"column":17}},{"start":{"line":349,"column":10},"end":{"line":414,"column":18}}],"line":324},"19":{"loc":{"start":{"line":336,"column":15},"end":{"line":336,"column":63}},"type":"binary-expr","locations":[{"start":{"line":336,"column":15},"end":{"line":336,"column":20}},{"start":{"line":336,"column":24},"end":{"line":336,"column":63}}],"line":336},"20":{"loc":{"start":{"line":344,"column":17},"end":{"line":344,"column":76}},"type":"cond-expr","locations":[{"start":{"line":344,"column":33},"end":{"line":344,"column":63}},{"start":{"line":344,"column":66},"end":{"line":344,"column":76}}],"line":344},"21":{"loc":{"start":{"line":360,"column":13},"end":{"line":380,"column":13}},"type":"cond-expr","locations":[{"start":{"line":361,"column":14},"end":{"line":361,"column":74}},{"start":{"line":363,"column":14},"end":{"line":379,"column":16}}],"line":360},"22":{"loc":{"start":{"line":392,"column":13},"end":{"line":392,"column":61}},"type":"binary-expr","locations":[{"start":{"line":392,"column":13},"end":{"line":392,"column":18}},{"start":{"line":392,"column":22},"end":{"line":392,"column":61}}],"line":392},"23":{"loc":{"start":{"line":393,"column":13},"end":{"line":393,"column":67}},"type":"binary-expr","locations":[{"start":{"line":393,"column":13},"end":{"line":393,"column":20}},{"start":{"line":393,"column":24},"end":{"line":393,"column":67}}],"line":393},"24":{"loc":{"start":{"line":408,"column":26},"end":{"line":408,"column":68}},"type":"binary-expr","locations":[{"start":{"line":408,"column":26},"end":{"line":408,"column":33}},{"start":{"line":408,"column":37},"end":{"line":408,"column":68}}],"line":408},"25":{"loc":{"start":{"line":411,"column":17},"end":{"line":411,"column":96}},"type":"cond-expr","locations":[{"start":{"line":411,"column":27},"end":{"line":411,"column":57}},{"start":{"line":411,"column":60},"end":{"line":411,"column":96}}],"line":411}},"s":{"0":5,"1":0,"2":5,"3":5,"4":1,"5":0,"6":1,"7":54,"8":54,"9":54,"10":54,"11":54,"12":54,"13":54,"14":54,"15":54,"16":54,"17":54,"18":54,"19":54,"20":54,"21":54,"22":54,"23":54,"24":54,"25":54,"26":54,"27":54,"28":0,"29":0,"30":0,"31":0,"32":0,"33":0,"34":0,"35":0,"36":0,"37":0,"38":0,"39":0,"40":0,"41":0,"42":0,"43":0,"44":0,"45":0,"46":0,"47":0,"48":0,"49":0,"50":0,"51":54,"52":54,"53":9,"54":9,"55":9,"56":9,"57":8,"58":24,"59":8,"60":8,"61":1,"62":1,"63":9,"64":9,"65":54,"66":8,"67":8,"68":8,"69":8,"70":8,"71":1,"72":1,"73":7,"74":7,"75":7,"76":1,"77":1,"78":6,"79":6,"80":1,"81":1,"82":6,"83":6,"84":6,"85":6,"86":6,"87":6,"88":6,"89":6,"90":1,"91":1,"92":3,"93":3,"94":1,"95":3,"96":3,"97":3,"98":1,"99":1,"100":1,"101":1,"102":5,"103":15,"104":5,"105":0,"106":0,"107":0,"108":0,"109":6,"110":0,"111":0,"112":8,"113":54,"114":1,"115":1,"116":3,"117":54,"118":2,"119":2,"120":2,"121":2,"122":2,"123":2,"124":2,"125":2,"126":1,"127":1,"128":1,"129":0,"130":0,"131":0,"132":0,"133":0,"134":0,"135":1,"136":1,"137":2,"138":54,"139":7,"140":36,"141":1,"142":1,"143":1},"f":{"0":5,"1":1,"2":54,"3":54,"4":54,"5":54,"6":9,"7":9,"8":24,"9":8,"10":3,"11":3,"12":15,"13":0,"14":1,"15":1,"16":3,"17":2,"18":0,"19":7,"20":36,"21":1,"22":1,"23":1},"b":{"0":[0,5],"1":[0,1],"2":[54,0],"3":[0,0],"4":[0,0],"5":[0,0],"6":[1,7],"7":[7,2],"8":[1,6],"9":[7,2],"10":[1,5],"11":[5,1],"12":[5,1],"13":[1,5],"14":[6,6,6],"15":[1,2],"16":[2,2],"17":[2,2],"18":[42,12],"19":[42,5],"20":[9,33],"21":[0,12],"22":[12,1],"23":[12,2],"24":[12,10],"25":[2,10]},"_coverageSchema":"1a1c01bbd47fc00a2c39e90264f33305004495a9","hash":"e5db8d790861a9987bea4e019710d16e5a53031a"}
,"/home/johnj/CascadeProjects/optin-manager/frontend/src/utils/auth.js": {"path":"/home/johnj/CascadeProjects/optin-manager/frontend/src/utils/auth.js","statementMap":{"0":{"start":{"line":4,"column":2},"end":{"line":4,"column":26}},"1":{"start":{"line":4,"column":14},"end":{"line":4,"column":26}},"2":{"start":{"line":5,"column":2},"end":{"line":11,"column":3}},"3":{"start":{"line":6,"column":22},"end":{"line":6,"column":41}},"4":{"start":{"line":7,"column":19},"end":{"line":7,"column":66}},"5":{"start":{"line":8,"column":4},"end":{"line":8,"column":36}},"6":{"start":{"line":10,"column":4},"end":{"line":10,"column":16}},"7":{"start":{"line":15,"column":18},"end":{"line":15,"column":33}},"8":{"start":{"line":16,"column":2},"end":{"line":16,"column":32}},"9":{"start":{"line":20,"column":2},"end":{"line":20,"column":45}},"10":{"start":{"line":24,"column":2},"end":{"line":24,"column":47}},"11":{"start":{"line":28,"column":18},"end":{"line":28,"column":33}},"12":{"start":{"line":29,"column":2},"end":{"line":29,"column":29}},"13":{"start":{"line":29,"column":16},"end":{"line":29,"column":29}},"14":{"start":{"line":32,"column":2},"end":{"line":39,"column":3}},"15":{"start":{"line":34,"column":24},"end":{"line":34,"column":53}},"16":{"start":{"line":35,"column":4},"end":{"line":38,"column":5}},"17":{"start":{"line":37,"column":6},"end":{"line":37,"column":19}},"18":{"start":{"line":41,"column":2},"end":{"line":41,"column":25}}},"fnMap":{"0":{"name":"parseJwt","decl":{"start":{"line":3,"column":16},"end":{"line":3,"column":24}},"loc":{"start":{"line":3,"column":32},"end":{"line":12,"column":1}},"line":3},"1":{"name":"getRoleFromToken","decl":{"start":{"line":14,"column":16},"end":{"line":14,"column":32}},"loc":{"start":{"line":14,"column":40},"end":{"line":17,"column":1}},"line":14},"2":{"name":"isAdmin","decl":{"start":{"line":19,"column":16},"end":{"line":19,"column":23}},"loc":{"start":{"line":19,"column":31},"end":{"line":21,"column":1}},"line":19},"3":{"name":"isSupport","decl":{"start":{"line":23,"column":16},"end":{"line":23,"column":25}},"loc":{"start":{"line":23,"column":33},"end":{"line":25,"column":1}},"line":23},"4":{"name":"isAuthenticated","decl":{"start":{"line":27,"column":16},"end":{"line":27,"column":31}},"loc":{"start":{"line":27,"column":39},"end":{"line":42,"column":1}},"line":27}},"branchMap":{"0":{"loc":{"start":{"line":4,"column":2},"end":{"line":4,"column":26}},"type":"if","locations":[{"start":{"line":4,"column":2},"end":{"line":4,"column":26}},{"start":{},"end":{}}],"line":4},"1":{"loc":{"start":{"line":16,"column":9},"end":{"line":16,"column":31}},"type":"binary-expr","locations":[{"start":{"line":16,"column":9},"end":{"line":16,"column":23}},{"start":{"line":16,"column":27},"end":{"line":16,"column":31}}],"line":16},"2":{"loc":{"start":{"line":29,"column":2},"end":{"line":29,"column":29}},"type":"if","locations":[{"start":{"line":29,"column":2},"end":{"line":29,"column":29}},{"start":{},"end":{}}],"line":29},"3":{"loc":{"start":{"line":32,"column":2},"end":{"line":39,"column":3}},"type":"if","locations":[{"start":{"line":32,"column":2},"end":{"line":39,"column":3}},{"start":{},"end":{}}],"line":32},"4":{"loc":{"start":{"line":35,"column":4},"end":{"line":38,"column":5}},"type":"if","locations":[{"start":{"line":35,"column":4},"end":{"line":38,"column":5}},{"start":{},"end":{}}],"line":35}},"s":{"0":0,"1":0,"2":0,"3":0,"4":0,"5":0,"6":0,"7":0,"8":0,"9":0,"10":0,"11":0,"12":0,"13":0,"14":0,"15":0,"16":0,"17":0,"18":0},"f":{"0":0,"1":0,"2":0,"3":0,"4":0},"b":{"0":[0,0],"1":[0,0],"2":[0,0],"3":[0,0],"4":[0,0]}}
,"/home/johnj/CascadeProjects/optin-manager/frontend/src/utils/phoneUtils.js": {"path":"/home/johnj/CascadeProjects/optin-manager/frontend/src/utils/phoneUtils.js","statementMap":{"0":{"start":{"line":13,"column":2},"end":{"line":13,"column":30}},"1":{"start":{"line":13,"column":20},"end":{"line":13,"column":30}},"2":{"start":{"line":16,"column":19},"end":{"line":16,"column":49}},"3":{"start":{"line":19,"column":25},"end":{"line":19,"column":79}},"4":{"start":{"line":22,"column":2},"end":{"line":40,"column":3}},"5":{"start":{"line":24,"column":4},"end":{"line":30,"column":5}},"6":{"start":{"line":25,"column":6},"end":{"line":25,"column":31}},"7":{"start":{"line":28,"column":9},"end":{"line":30,"column":5}},"8":{"start":{"line":29,"column":6},"end":{"line":29,"column":31}},"9":{"start":{"line":33,"column":4},"end":{"line":39,"column":5}},"10":{"start":{"line":34,"column":6},"end":{"line":34,"column":30}},"11":{"start":{"line":37,"column":9},"end":{"line":39,"column":5}},"12":{"start":{"line":38,"column":6},"end":{"line":38,"column":30}},"13":{"start":{"line":43,"column":2},"end":{"line":43,"column":26}},"14":{"start":{"line":53,"column":2},"end":{"line":53,"column":33}},"15":{"start":{"line":53,"column":20},"end":{"line":53,"column":33}},"16":{"start":{"line":56,"column":21},"end":{"line":56,"column":51}},"17":{"start":{"line":57,"column":2},"end":{"line":57,"column":32}}},"fnMap":{"0":{"name":"formatPhoneToE164","decl":{"start":{"line":12,"column":16},"end":{"line":12,"column":33}},"loc":{"start":{"line":12,"column":47},"end":{"line":44,"column":1}},"line":12},"1":{"name":"isValidPhoneNumber","decl":{"start":{"line":52,"column":16},"end":{"line":52,"column":34}},"loc":{"start":{"line":52,"column":48},"end":{"line":58,"column":1}},"line":52}},"branchMap":{"0":{"loc":{"start":{"line":13,"column":2},"end":{"line":13,"column":30}},"type":"if","locations":[{"start":{"line":13,"column":2},"end":{"line":13,"column":30}},{"start":{},"end":{}}],"line":13},"1":{"loc":{"start":{"line":19,"column":25},"end":{"line":19,"column":79}},"type":"binary-expr","locations":[{"start":{"line":19,"column":25},"end":{"line":19,"column":52}},{"start":{"line":19,"column":56},"end":{"line":19,"column":79}}],"line":19},"2":{"loc":{"start":{"line":22,"column":2},"end":{"line":40,"column":3}},"type":"if","locations":[{"start":{"line":22,"column":2},"end":{"line":40,"column":3}},{"start":{"line":31,"column":9},"end":{"line":40,"column":3}}],"line":22},"3":{"loc":{"start":{"line":24,"column":4},"end":{"line":30,"column":5}},"type":"if","locations":[{"start":{"line":24,"column":4},"end":{"line":30,"column":5}},{"start":{"line":28,"column":9},"end":{"line":30,"column":5}}],"line":24},"4":{"loc":{"start":{"line":28,"column":9},"end":{"line":30,"column":5}},"type":"if","locations":[{"start":{"line":28,"column":9},"end":{"line":30,"column":5}},{"start":{},"end":{}}],"line":28},"5":{"loc":{"start":{"line":33,"column":4},"end":{"line":39,"column":5}},"type":"if","locations":[{"start":{"line":33,"column":4},"end":{"line":39,"column":5}},{"start":{"line":37,"column":9},"end":{"line":39,"column":5}}],"line":33},"6":{"loc":{"start":{"line":37,"column":9},"end":{"line":39,"column":5}},"type":"if","locations":[{"start":{"line":37,"column":9},"end":{"line":39,"column":5}},{"start":{},"end":{}}],"line":37},"7":{"loc":{"start":{"line":53,"column":2},"end":{"line":53,"column":33}},"type":"if","locations":[{"start":{"line":53,"column":2},"end":{"line":53,"column":33}},{"start":{},"end":{}}],"line":53}},"s":{"0":0,"1":0,"2":0,"3":0,"4":0,"5":0,"6":0,"7":0,"8":0,"9":0,"10":0,"11":0,"12":0,"13":0,"14":0,"15":0,"16":0,"17":0},"f":{"0":0,"1":0},"b":{"0":[0,0],"1":[0,0],"2":[0,0],"3":[0,0],"4":[0,0],"5":[0,0],"6":[0,0],"7":[0,0]}}
,"/home/johnj/CascadeProjects/optin-manager/frontend/src/utils/urlUtils.js": {"path":"/home/johnj/CascadeProjects/optin-manager/frontend/src/utils/urlUtils.js","statementMap":{"0":{"start":{"line":16,"column":2},"end":{"line":16,"column":28}},"1":{"start":{"line":16,"column":16},"end":{"line":16,"column":28}},"2":{"start":{"line":19,"column":2},"end":{"line":22,"column":3}},"3":{"start":{"line":20,"column":24},"end":{"line":20,"column":61}},"4":{"start":{"line":21,"column":4},"end":{"line":21,"column":38}},"5":{"start":{"line":25,"column":20},"end":{"line":25,"column":40}},"6":{"start":{"line":26,"column":2},"end":{"line":26,"column":37}}},"fnMap":{"0":{"name":"processLogoUrl","decl":{"start":{"line":15,"column":16},"end":{"line":15,"column":30}},"loc":{"start":{"line":15,"column":40},"end":{"line":27,"column":1}},"line":15}},"branchMap":{"0":{"loc":{"start":{"line":16,"column":2},"end":{"line":16,"column":28}},"type":"if","locations":[{"start":{"line":16,"column":2},"end":{"line":16,"column":28}},{"start":{},"end":{}}],"line":16},"1":{"loc":{"start":{"line":19,"column":2},"end":{"line":22,"column":3}},"type":"if","locations":[{"start":{"line":19,"column":2},"end":{"line":22,"column":3}},{"start":{},"end":{}}],"line":19},"2":{"loc":{"start":{"line":19,"column":6},"end":{"line":19,"column":57}},"type":"binary-expr","locations":[{"start":{"line":19,"column":6},"end":{"line":19,"column":29}},{"start":{"line":19,"column":33},"end":{"line":19,"column":57}}],"line":19}},"s":{"0":0,"1":0,"2":0,"3":0,"4":0,"5":0,"6":0},"f":{"0":0},"b":{"0":[0,0],"1":[0,0],"2":[0,0]}}
}
