{"/home/johnj/CascadeProjects/optin-manager/frontend/src/App.jsx": {"path":"/home/johnj/CascadeProjects/optin-manager/frontend/src/App.jsx","statementMap":{"0":{"start":{"line":47,"column":17},"end":{"line":56,"column":1}},"1":{"start":{"line":78,"column":26},"end":{"line":78,"column":44}},"2":{"start":{"line":80,"column":32},"end":{"line":80,"column":44}},"3":{"start":{"line":81,"column":36},"end":{"line":81,"column":48}},"4":{"start":{"line":82,"column":32},"end":{"line":82,"column":46}},"5":{"start":{"line":83,"column":40},"end":{"line":83,"column":52}},"6":{"start":{"line":84,"column":44},"end":{"line":84,"column":56}},"7":{"start":{"line":87,"column":2},"end":{"line":121,"column":9}},"8":{"start":{"line":88,"column":4},"end":{"line":120,"column":7}},"9":{"start":{"line":89,"column":6},"end":{"line":115,"column":7}},"10":{"start":{"line":91,"column":8},"end":{"line":109,"column":9}},"11":{"start":{"line":92,"column":24},"end":{"line":92,"column":37}},"12":{"start":{"line":94,"column":10},"end":{"line":99,"column":11}},"13":{"start":{"line":96,"column":29},"end":{"line":96,"column":59}},"14":{"start":{"line":97,"column":32},"end":{"line":97,"column":69}},"15":{"start":{"line":98,"column":12},"end":{"line":98,"column":46}},"16":{"start":{"line":102,"column":28},"end":{"line":102,"column":48}},"17":{"start":{"line":103,"column":10},"end":{"line":103,"column":48}},"18":{"start":{"line":105,"column":10},"end":{"line":105,"column":76}},"19":{"start":{"line":106,"column":10},"end":{"line":106,"column":30}},"20":{"start":{"line":108,"column":10},"end":{"line":108,"column":27}},"21":{"start":{"line":111,"column":8},"end":{"line":111,"column":45}},"22":{"start":{"line":112,"column":8},"end":{"line":112,"column":49}},"23":{"start":{"line":113,"column":8},"end":{"line":113,"column":48}},"24":{"start":{"line":114,"column":8},"end":{"line":114,"column":56}},"25":{"start":{"line":117,"column":6},"end":{"line":117,"column":63}},"26":{"start":{"line":119,"column":6},"end":{"line":119,"column":56}},"27":{"start":{"line":124,"column":21},"end":{"line":126,"column":10}},"28":{"start":{"line":127,"column":16},"end":{"line":127,"column":105}},"29":{"start":{"line":127,"column":30},"end":{"line":127,"column":70}},"30":{"start":{"line":129,"column":2},"end":{"line":192,"column":4}},"31":{"start":{"line":169,"column":30},"end":{"line":169,"column":70}}},"fnMap":{"0":{"name":"App","decl":{"start":{"line":76,"column":9},"end":{"line":76,"column":12}},"loc":{"start":{"line":76,"column":15},"end":{"line":193,"column":1}},"line":76},"1":{"name":"(anonymous_1)","decl":{"start":{"line":87,"column":12},"end":{"line":87,"column":13}},"loc":{"start":{"line":87,"column":18},"end":{"line":121,"column":3}},"line":87},"2":{"name":"(anonymous_2)","decl":{"start":{"line":88,"column":30},"end":{"line":88,"column":31}},"loc":{"start":{"line":88,"column":38},"end":{"line":116,"column":5}},"line":88},"3":{"name":"(anonymous_3)","decl":{"start":{"line":116,"column":13},"end":{"line":116,"column":14}},"loc":{"start":{"line":116,"column":18},"end":{"line":120,"column":5}},"line":116},"4":{"name":"(anonymous_4)","decl":{"start":{"line":127,"column":24},"end":{"line":127,"column":25}},"loc":{"start":{"line":127,"column":30},"end":{"line":127,"column":70}},"line":127},"5":{"name":"(anonymous_5)","decl":{"start":{"line":169,"column":19},"end":{"line":169,"column":20}},"loc":{"start":{"line":169,"column":30},"end":{"line":169,"column":70}},"line":169}},"branchMap":{"0":{"loc":{"start":{"line":89,"column":6},"end":{"line":115,"column":7}},"type":"if","locations":[{"start":{"line":89,"column":6},"end":{"line":115,"column":7}},{"start":{},"end":{}}],"line":89},"1":{"loc":{"start":{"line":91,"column":8},"end":{"line":109,"column":9}},"type":"if","locations":[{"start":{"line":91,"column":8},"end":{"line":109,"column":9}},{"start":{"line":107,"column":15},"end":{"line":109,"column":9}}],"line":91},"2":{"loc":{"start":{"line":94,"column":10},"end":{"line":99,"column":11}},"type":"if","locations":[{"start":{"line":94,"column":10},"end":{"line":99,"column":11}},{"start":{},"end":{}}],"line":94},"3":{"loc":{"start":{"line":94,"column":14},"end":{"line":94,"column":76}},"type":"binary-expr","locations":[{"start":{"line":94,"column":14},"end":{"line":94,"column":21}},{"start":{"line":94,"column":25},"end":{"line":94,"column":48}},{"start":{"line":94,"column":52},"end":{"line":94,"column":76}}],"line":94},"4":{"loc":{"start":{"line":111,"column":19},"end":{"line":111,"column":43}},"type":"binary-expr","locations":[{"start":{"line":111,"column":19},"end":{"line":111,"column":37}},{"start":{"line":111,"column":41},"end":{"line":111,"column":43}}],"line":111},"5":{"loc":{"start":{"line":112,"column":21},"end":{"line":112,"column":47}},"type":"binary-expr","locations":[{"start":{"line":112,"column":21},"end":{"line":112,"column":41}},{"start":{"line":112,"column":45},"end":{"line":112,"column":47}}],"line":112},"6":{"loc":{"start":{"line":113,"column":23},"end":{"line":113,"column":46}},"type":"binary-expr","locations":[{"start":{"line":113,"column":23},"end":{"line":113,"column":40}},{"start":{"line":113,"column":44},"end":{"line":113,"column":46}}],"line":113},"7":{"loc":{"start":{"line":114,"column":25},"end":{"line":114,"column":54}},"type":"binary-expr","locations":[{"start":{"line":114,"column":25},"end":{"line":114,"column":48}},{"start":{"line":114,"column":52},"end":{"line":114,"column":54}}],"line":114},"8":{"loc":{"start":{"line":124,"column":21},"end":{"line":126,"column":10}},"type":"cond-expr","locations":[{"start":{"line":125,"column":7},"end":{"line":125,"column":104}},{"start":{"line":126,"column":6},"end":{"line":126,"column":10}}],"line":124},"9":{"loc":{"start":{"line":125,"column":7},"end":{"line":125,"column":104}},"type":"cond-expr","locations":[{"start":{"line":125,"column":88},"end":{"line":125,"column":94}},{"start":{"line":125,"column":97},"end":{"line":125,"column":104}}],"line":125},"10":{"loc":{"start":{"line":125,"column":7},"end":{"line":125,"column":85}},"type":"binary-expr","locations":[{"start":{"line":125,"column":7},"end":{"line":125,"column":24}},{"start":{"line":125,"column":28},"end":{"line":125,"column":85}}],"line":125},"11":{"loc":{"start":{"line":179,"column":61},"end":{"line":179,"column":94}},"type":"binary-expr","locations":[{"start":{"line":179,"column":61},"end":{"line":179,"column":72}},{"start":{"line":179,"column":76},"end":{"line":179,"column":94}}],"line":179},"12":{"loc":{"start":{"line":180,"column":13},"end":{"line":187,"column":13}},"type":"binary-expr","locations":[{"start":{"line":180,"column":13},"end":{"line":180,"column":26}},{"start":{"line":181,"column":14},"end":{"line":186,"column":17}}],"line":180}},"s":{"0":1,"1":19,"2":19,"3":19,"4":19,"5":19,"6":19,"7":19,"8":10,"9":9,"10":9,"11":0,"12":0,"13":0,"14":0,"15":0,"16":0,"17":0,"18":0,"19":0,"20":9,"21":9,"22":9,"23":9,"24":9,"25":1,"26":1,"27":19,"28":19,"29":10,"30":19,"31":19},"f":{"0":19,"1":10,"2":9,"3":1,"4":10,"5":19},"b":{"0":[9,0],"1":[0,9],"2":[0,0],"3":[0,0,0],"4":[9,9],"5":[9,9],"6":[9,0],"7":[9,0],"8":[19,0],"9":[0,19],"10":[19,19],"11":[19,9],"12":[19,9]},"_coverageSchema":"1a1c01bbd47fc00a2c39e90264f33305004495a9","hash":"75b4594d84484b592fea47c8308bc12aa5c95705"}
,"/home/johnj/CascadeProjects/optin-manager/frontend/src/api.js": {"path":"/home/johnj/CascadeProjects/optin-manager/frontend/src/api.js","statementMap":{"0":{"start":{"line":29,"column":24},"end":{"line":29,"column":54}},"1":{"start":{"line":45,"column":34},"end":{"line":69,"column":1}},"2":{"start":{"line":46,"column":16},"end":{"line":46,"column":52}},"3":{"start":{"line":47,"column":18},"end":{"line":47,"column":67}},"4":{"start":{"line":49,"column":2},"end":{"line":68,"column":3}},"5":{"start":{"line":50,"column":16},"end":{"line":50,"column":74}},"6":{"start":{"line":51,"column":4},"end":{"line":51,"column":52}},"7":{"start":{"line":54,"column":4},"end":{"line":61,"column":5}},"8":{"start":{"line":55,"column":20},"end":{"line":55,"column":37}},"9":{"start":{"line":57,"column":6},"end":{"line":60,"column":7}},"10":{"start":{"line":58,"column":28},"end":{"line":58,"column":65}},"11":{"start":{"line":59,"column":8},"end":{"line":59,"column":52}},"12":{"start":{"line":63,"column":4},"end":{"line":63,"column":20}},"13":{"start":{"line":65,"column":4},"end":{"line":65,"column":90}},"14":{"start":{"line":67,"column":4},"end":{"line":67,"column":14}},"15":{"start":{"line":93,"column":33},"end":{"line":129,"column":1}},"16":{"start":{"line":94,"column":19},"end":{"line":94,"column":33}},"17":{"start":{"line":95,"column":2},"end":{"line":95,"column":42}},"18":{"start":{"line":95,"column":12},"end":{"line":95,"column":42}},"19":{"start":{"line":96,"column":2},"end":{"line":96,"column":51}},"20":{"start":{"line":96,"column":15},"end":{"line":96,"column":51}},"21":{"start":{"line":97,"column":2},"end":{"line":97,"column":57}},"22":{"start":{"line":97,"column":17},"end":{"line":97,"column":57}},"23":{"start":{"line":98,"column":2},"end":{"line":98,"column":66}},"24":{"start":{"line":98,"column":20},"end":{"line":98,"column":66}},"25":{"start":{"line":99,"column":2},"end":{"line":99,"column":84}},"26":{"start":{"line":99,"column":26},"end":{"line":99,"column":84}},"27":{"start":{"line":100,"column":2},"end":{"line":100,"column":72}},"28":{"start":{"line":100,"column":22},"end":{"line":100,"column":72}},"29":{"start":{"line":101,"column":2},"end":{"line":101,"column":66}},"30":{"start":{"line":101,"column":20},"end":{"line":101,"column":66}},"31":{"start":{"line":103,"column":16},"end":{"line":103,"column":52}},"32":{"start":{"line":106,"column":2},"end":{"line":106,"column":76}},"33":{"start":{"line":107,"column":2},"end":{"line":107,"column":69}},"34":{"start":{"line":109,"column":2},"end":{"line":112,"column":3}},"35":{"start":{"line":110,"column":4},"end":{"line":110,"column":98}},"36":{"start":{"line":111,"column":4},"end":{"line":111,"column":77}},"37":{"start":{"line":114,"column":2},"end":{"line":128,"column":3}},"38":{"start":{"line":116,"column":16},"end":{"line":121,"column":6}},"39":{"start":{"line":122,"column":4},"end":{"line":122,"column":63}},"40":{"start":{"line":123,"column":4},"end":{"line":123,"column":20}},"41":{"start":{"line":125,"column":4},"end":{"line":125,"column":88}},"42":{"start":{"line":126,"column":4},"end":{"line":126,"column":58}},"43":{"start":{"line":127,"column":4},"end":{"line":127,"column":16}},"44":{"start":{"line":145,"column":21},"end":{"line":153,"column":1}},"45":{"start":{"line":147,"column":14},"end":{"line":151,"column":3}},"46":{"start":{"line":152,"column":2},"end":{"line":152,"column":18}},"47":{"start":{"line":166,"column":35},"end":{"line":171,"column":1}},"48":{"start":{"line":167,"column":16},"end":{"line":167,"column":52}},"49":{"start":{"line":168,"column":18},"end":{"line":168,"column":67}},"50":{"start":{"line":169,"column":14},"end":{"line":169,"column":86}},"51":{"start":{"line":170,"column":2},"end":{"line":170,"column":18}},"52":{"start":{"line":173,"column":29},"end":{"line":175,"column":1}},"53":{"start":{"line":174,"column":2},"end":{"line":174,"column":64}},"54":{"start":{"line":177,"column":29},"end":{"line":208,"column":1}},"55":{"start":{"line":178,"column":16},"end":{"line":178,"column":52}},"56":{"start":{"line":181,"column":2},"end":{"line":181,"column":81}},"57":{"start":{"line":182,"column":2},"end":{"line":182,"column":69}},"58":{"start":{"line":184,"column":2},"end":{"line":187,"column":3}},"59":{"start":{"line":185,"column":4},"end":{"line":185,"column":94}},"60":{"start":{"line":186,"column":4},"end":{"line":186,"column":77}},"61":{"start":{"line":189,"column":17},"end":{"line":189,"column":19}},"62":{"start":{"line":190,"column":2},"end":{"line":190,"column":37}},"63":{"start":{"line":190,"column":14},"end":{"line":190,"column":37}},"64":{"start":{"line":191,"column":2},"end":{"line":191,"column":40}},"65":{"start":{"line":191,"column":15},"end":{"line":191,"column":40}},"66":{"start":{"line":192,"column":2},"end":{"line":192,"column":50}},"67":{"start":{"line":192,"column":18},"end":{"line":192,"column":50}},"68":{"start":{"line":194,"column":2},"end":{"line":207,"column":3}},"69":{"start":{"line":195,"column":16},"end":{"line":200,"column":6}},"70":{"start":{"line":201,"column":4},"end":{"line":201,"column":60}},"71":{"start":{"line":202,"column":4},"end":{"line":202,"column":20}},"72":{"start":{"line":204,"column":4},"end":{"line":204,"column":85}},"73":{"start":{"line":205,"column":4},"end":{"line":205,"column":58}},"74":{"start":{"line":206,"column":4},"end":{"line":206,"column":16}},"75":{"start":{"line":210,"column":26},"end":{"line":213,"column":1}},"76":{"start":{"line":211,"column":14},"end":{"line":211,"column":68}},"77":{"start":{"line":212,"column":2},"end":{"line":212,"column":18}},"78":{"start":{"line":236,"column":36},"end":{"line":271,"column":1}},"79":{"start":{"line":241,"column":2},"end":{"line":254,"column":3}},"80":{"start":{"line":242,"column":4},"end":{"line":242,"column":34}},"81":{"start":{"line":243,"column":4},"end":{"line":243,"column":52}},"82":{"start":{"line":244,"column":4},"end":{"line":244,"column":41}},"83":{"start":{"line":246,"column":4},"end":{"line":246,"column":81}},"84":{"start":{"line":249,"column":4},"end":{"line":249,"column":26}},"85":{"start":{"line":250,"column":4},"end":{"line":250,"column":33}},"86":{"start":{"line":251,"column":4},"end":{"line":251,"column":24}},"87":{"start":{"line":253,"column":4},"end":{"line":253,"column":81}},"88":{"start":{"line":257,"column":22},"end":{"line":257,"column":44}},"89":{"start":{"line":258,"column":25},"end":{"line":258,"column":97}},"90":{"start":{"line":260,"column":2},"end":{"line":260,"column":115}},"91":{"start":{"line":263,"column":14},"end":{"line":269,"column":4}},"92":{"start":{"line":270,"column":2},"end":{"line":270,"column":18}},"93":{"start":{"line":286,"column":26},"end":{"line":297,"column":1}},"94":{"start":{"line":288,"column":22},"end":{"line":288,"column":74}},"95":{"start":{"line":291,"column":14},"end":{"line":295,"column":4}},"96":{"start":{"line":296,"column":2},"end":{"line":296,"column":18}},"97":{"start":{"line":312,"column":39},"end":{"line":339,"column":1}},"98":{"start":{"line":313,"column":2},"end":{"line":313,"column":88}},"99":{"start":{"line":315,"column":2},"end":{"line":338,"column":3}},"100":{"start":{"line":317,"column":19},"end":{"line":317,"column":21}},"101":{"start":{"line":320,"column":18},"end":{"line":320,"column":20}},"102":{"start":{"line":321,"column":4},"end":{"line":329,"column":5}},"103":{"start":{"line":322,"column":6},"end":{"line":322,"column":53}},"104":{"start":{"line":323,"column":11},"end":{"line":329,"column":5}},"105":{"start":{"line":324,"column":6},"end":{"line":324,"column":31}},"106":{"start":{"line":328,"column":6},"end":{"line":328,"column":66}},"107":{"start":{"line":332,"column":16},"end":{"line":332,"column":96}},"108":{"start":{"line":333,"column":4},"end":{"line":333,"column":51}},"109":{"start":{"line":334,"column":4},"end":{"line":334,"column":20}},"110":{"start":{"line":336,"column":4},"end":{"line":336,"column":88}},"111":{"start":{"line":337,"column":4},"end":{"line":337,"column":16}},"112":{"start":{"line":358,"column":40},"end":{"line":385,"column":1}},"113":{"start":{"line":360,"column":18},"end":{"line":360,"column":20}},"114":{"start":{"line":361,"column":16},"end":{"line":361,"column":18}},"115":{"start":{"line":363,"column":2},"end":{"line":367,"column":3}},"116":{"start":{"line":364,"column":4},"end":{"line":364,"column":51}},"117":{"start":{"line":365,"column":9},"end":{"line":367,"column":3}},"118":{"start":{"line":366,"column":4},"end":{"line":366,"column":30}},"119":{"start":{"line":370,"column":2},"end":{"line":374,"column":3}},"120":{"start":{"line":371,"column":4},"end":{"line":371,"column":32}},"121":{"start":{"line":372,"column":9},"end":{"line":374,"column":3}},"122":{"start":{"line":373,"column":4},"end":{"line":373,"column":38}},"123":{"start":{"line":377,"column":2},"end":{"line":377,"column":55}},"124":{"start":{"line":377,"column":29},"end":{"line":377,"column":55}},"125":{"start":{"line":378,"column":2},"end":{"line":378,"column":76}},"126":{"start":{"line":378,"column":36},"end":{"line":378,"column":76}},"127":{"start":{"line":380,"column":2},"end":{"line":380,"column":67}},"128":{"start":{"line":383,"column":14},"end":{"line":383,"column":97}},"129":{"start":{"line":384,"column":2},"end":{"line":384,"column":18}},"130":{"start":{"line":407,"column":27},"end":{"line":415,"column":1}},"131":{"start":{"line":408,"column":16},"end":{"line":408,"column":52}},"132":{"start":{"line":409,"column":14},"end":{"line":413,"column":3}},"133":{"start":{"line":414,"column":2},"end":{"line":414,"column":18}},"134":{"start":{"line":426,"column":27},"end":{"line":432,"column":1}},"135":{"start":{"line":427,"column":16},"end":{"line":427,"column":52}},"136":{"start":{"line":428,"column":14},"end":{"line":430,"column":4}},"137":{"start":{"line":431,"column":2},"end":{"line":431,"column":18}},"138":{"start":{"line":448,"column":27},"end":{"line":459,"column":1}},"139":{"start":{"line":449,"column":16},"end":{"line":449,"column":52}},"140":{"start":{"line":450,"column":18},"end":{"line":450,"column":20}},"141":{"start":{"line":451,"column":2},"end":{"line":451,"column":46}},"142":{"start":{"line":451,"column":26},"end":{"line":451,"column":46}},"143":{"start":{"line":452,"column":2},"end":{"line":452,"column":52}},"144":{"start":{"line":452,"column":28},"end":{"line":452,"column":52}},"145":{"start":{"line":453,"column":14},"end":{"line":457,"column":3}},"146":{"start":{"line":458,"column":2},"end":{"line":458,"column":18}}},"fnMap":{"0":{"name":"(anonymous_0)","decl":{"start":{"line":45,"column":34},"end":{"line":45,"column":35}},"loc":{"start":{"line":45,"column":46},"end":{"line":69,"column":1}},"line":45},"1":{"name":"(anonymous_1)","decl":{"start":{"line":93,"column":33},"end":{"line":93,"column":34}},"loc":{"start":{"line":93,"column":137},"end":{"line":129,"column":1}},"line":93},"2":{"name":"(anonymous_2)","decl":{"start":{"line":145,"column":21},"end":{"line":145,"column":22}},"loc":{"start":{"line":145,"column":55},"end":{"line":153,"column":1}},"line":145},"3":{"name":"(anonymous_3)","decl":{"start":{"line":166,"column":35},"end":{"line":166,"column":36}},"loc":{"start":{"line":166,"column":56},"end":{"line":171,"column":1}},"line":166},"4":{"name":"(anonymous_4)","decl":{"start":{"line":173,"column":29},"end":{"line":173,"column":30}},"loc":{"start":{"line":173,"column":52},"end":{"line":175,"column":1}},"line":173},"5":{"name":"(anonymous_5)","decl":{"start":{"line":177,"column":29},"end":{"line":177,"column":30}},"loc":{"start":{"line":177,"column":72},"end":{"line":208,"column":1}},"line":177},"6":{"name":"(anonymous_6)","decl":{"start":{"line":210,"column":26},"end":{"line":210,"column":27}},"loc":{"start":{"line":210,"column":40},"end":{"line":213,"column":1}},"line":210},"7":{"name":"(anonymous_7)","decl":{"start":{"line":236,"column":36},"end":{"line":236,"column":37}},"loc":{"start":{"line":236,"column":54},"end":{"line":271,"column":1}},"line":236},"8":{"name":"(anonymous_8)","decl":{"start":{"line":286,"column":26},"end":{"line":286,"column":27}},"loc":{"start":{"line":286,"column":55},"end":{"line":297,"column":1}},"line":286},"9":{"name":"(anonymous_9)","decl":{"start":{"line":312,"column":39},"end":{"line":312,"column":40}},"loc":{"start":{"line":312,"column":69},"end":{"line":339,"column":1}},"line":312},"10":{"name":"(anonymous_10)","decl":{"start":{"line":358,"column":40},"end":{"line":358,"column":41}},"loc":{"start":{"line":358,"column":123},"end":{"line":385,"column":1}},"line":358},"11":{"name":"(anonymous_11)","decl":{"start":{"line":407,"column":27},"end":{"line":407,"column":28}},"loc":{"start":{"line":407,"column":53},"end":{"line":415,"column":1}},"line":407},"12":{"name":"(anonymous_12)","decl":{"start":{"line":426,"column":27},"end":{"line":426,"column":28}},"loc":{"start":{"line":426,"column":39},"end":{"line":432,"column":1}},"line":426},"13":{"name":"(anonymous_13)","decl":{"start":{"line":448,"column":27},"end":{"line":448,"column":28}},"loc":{"start":{"line":448,"column":59},"end":{"line":459,"column":1}},"line":448}},"branchMap":{"0":{"loc":{"start":{"line":47,"column":18},"end":{"line":47,"column":67}},"type":"cond-expr","locations":[{"start":{"line":47,"column":26},"end":{"line":47,"column":62}},{"start":{"line":47,"column":65},"end":{"line":47,"column":67}}],"line":47},"1":{"loc":{"start":{"line":54,"column":4},"end":{"line":61,"column":5}},"type":"if","locations":[{"start":{"line":54,"column":4},"end":{"line":61,"column":5}},{"start":{},"end":{}}],"line":54},"2":{"loc":{"start":{"line":54,"column":8},"end":{"line":54,"column":37}},"type":"binary-expr","locations":[{"start":{"line":54,"column":8},"end":{"line":54,"column":16}},{"start":{"line":54,"column":20},"end":{"line":54,"column":37}}],"line":54},"3":{"loc":{"start":{"line":57,"column":6},"end":{"line":60,"column":7}},"type":"if","locations":[{"start":{"line":57,"column":6},"end":{"line":60,"column":7}},{"start":{},"end":{}}],"line":57},"4":{"loc":{"start":{"line":57,"column":10},"end":{"line":57,"column":72}},"type":"binary-expr","locations":[{"start":{"line":57,"column":10},"end":{"line":57,"column":17}},{"start":{"line":57,"column":21},"end":{"line":57,"column":44}},{"start":{"line":57,"column":48},"end":{"line":57,"column":72}}],"line":57},"5":{"loc":{"start":{"line":65,"column":51},"end":{"line":65,"column":88}},"type":"binary-expr","locations":[{"start":{"line":65,"column":51},"end":{"line":65,"column":71}},{"start":{"line":65,"column":75},"end":{"line":65,"column":88}}],"line":65},"6":{"loc":{"start":{"line":95,"column":2},"end":{"line":95,"column":42}},"type":"if","locations":[{"start":{"line":95,"column":2},"end":{"line":95,"column":42}},{"start":{},"end":{}}],"line":95},"7":{"loc":{"start":{"line":96,"column":2},"end":{"line":96,"column":51}},"type":"if","locations":[{"start":{"line":96,"column":2},"end":{"line":96,"column":51}},{"start":{},"end":{}}],"line":96},"8":{"loc":{"start":{"line":97,"column":2},"end":{"line":97,"column":57}},"type":"if","locations":[{"start":{"line":97,"column":2},"end":{"line":97,"column":57}},{"start":{},"end":{}}],"line":97},"9":{"loc":{"start":{"line":98,"column":2},"end":{"line":98,"column":66}},"type":"if","locations":[{"start":{"line":98,"column":2},"end":{"line":98,"column":66}},{"start":{},"end":{}}],"line":98},"10":{"loc":{"start":{"line":99,"column":2},"end":{"line":99,"column":84}},"type":"if","locations":[{"start":{"line":99,"column":2},"end":{"line":99,"column":84}},{"start":{},"end":{}}],"line":99},"11":{"loc":{"start":{"line":100,"column":2},"end":{"line":100,"column":72}},"type":"if","locations":[{"start":{"line":100,"column":2},"end":{"line":100,"column":72}},{"start":{},"end":{}}],"line":100},"12":{"loc":{"start":{"line":101,"column":2},"end":{"line":101,"column":66}},"type":"if","locations":[{"start":{"line":101,"column":2},"end":{"line":101,"column":66}},{"start":{},"end":{}}],"line":101},"13":{"loc":{"start":{"line":106,"column":49},"end":{"line":106,"column":74}},"type":"cond-expr","locations":[{"start":{"line":106,"column":56},"end":{"line":106,"column":65}},{"start":{"line":106,"column":68},"end":{"line":106,"column":74}}],"line":106},"14":{"loc":{"start":{"line":107,"column":47},"end":{"line":107,"column":67}},"type":"cond-expr","locations":[{"start":{"line":107,"column":55},"end":{"line":107,"column":60}},{"start":{"line":107,"column":63},"end":{"line":107,"column":67}}],"line":107},"15":{"loc":{"start":{"line":109,"column":2},"end":{"line":112,"column":3}},"type":"if","locations":[{"start":{"line":109,"column":2},"end":{"line":112,"column":3}},{"start":{},"end":{}}],"line":109},"16":{"loc":{"start":{"line":125,"column":49},"end":{"line":125,"column":86}},"type":"binary-expr","locations":[{"start":{"line":125,"column":49},"end":{"line":125,"column":69}},{"start":{"line":125,"column":73},"end":{"line":125,"column":86}}],"line":125},"17":{"loc":{"start":{"line":166,"column":42},"end":{"line":166,"column":51}},"type":"default-arg","locations":[{"start":{"line":166,"column":49},"end":{"line":166,"column":51}}],"line":166},"18":{"loc":{"start":{"line":168,"column":18},"end":{"line":168,"column":67}},"type":"cond-expr","locations":[{"start":{"line":168,"column":26},"end":{"line":168,"column":62}},{"start":{"line":168,"column":65},"end":{"line":168,"column":67}}],"line":168},"19":{"loc":{"start":{"line":182,"column":47},"end":{"line":182,"column":67}},"type":"cond-expr","locations":[{"start":{"line":182,"column":55},"end":{"line":182,"column":60}},{"start":{"line":182,"column":63},"end":{"line":182,"column":67}}],"line":182},"20":{"loc":{"start":{"line":184,"column":2},"end":{"line":187,"column":3}},"type":"if","locations":[{"start":{"line":184,"column":2},"end":{"line":187,"column":3}},{"start":{},"end":{}}],"line":184},"21":{"loc":{"start":{"line":190,"column":2},"end":{"line":190,"column":37}},"type":"if","locations":[{"start":{"line":190,"column":2},"end":{"line":190,"column":37}},{"start":{},"end":{}}],"line":190},"22":{"loc":{"start":{"line":191,"column":2},"end":{"line":191,"column":40}},"type":"if","locations":[{"start":{"line":191,"column":2},"end":{"line":191,"column":40}},{"start":{},"end":{}}],"line":191},"23":{"loc":{"start":{"line":192,"column":2},"end":{"line":192,"column":50}},"type":"if","locations":[{"start":{"line":192,"column":2},"end":{"line":192,"column":50}},{"start":{},"end":{}}],"line":192},"24":{"loc":{"start":{"line":204,"column":46},"end":{"line":204,"column":83}},"type":"binary-expr","locations":[{"start":{"line":204,"column":46},"end":{"line":204,"column":66}},{"start":{"line":204,"column":70},"end":{"line":204,"column":83}}],"line":204},"25":{"loc":{"start":{"line":241,"column":2},"end":{"line":254,"column":3}},"type":"if","locations":[{"start":{"line":241,"column":2},"end":{"line":254,"column":3}},{"start":{"line":247,"column":9},"end":{"line":254,"column":3}}],"line":241},"26":{"loc":{"start":{"line":241,"column":6},"end":{"line":241,"column":51}},"type":"binary-expr","locations":[{"start":{"line":241,"column":6},"end":{"line":241,"column":32}},{"start":{"line":241,"column":36},"end":{"line":241,"column":51}}],"line":241},"27":{"loc":{"start":{"line":243,"column":19},"end":{"line":243,"column":51}},"type":"binary-expr","locations":[{"start":{"line":243,"column":19},"end":{"line":243,"column":33}},{"start":{"line":243,"column":37},"end":{"line":243,"column":51}}],"line":243},"28":{"loc":{"start":{"line":246,"column":18},"end":{"line":246,"column":80}},"type":"cond-expr","locations":[{"start":{"line":246,"column":63},"end":{"line":246,"column":70}},{"start":{"line":246,"column":73},"end":{"line":246,"column":80}}],"line":246},"29":{"loc":{"start":{"line":246,"column":18},"end":{"line":246,"column":60}},"type":"binary-expr","locations":[{"start":{"line":246,"column":18},"end":{"line":246,"column":30}},{"start":{"line":246,"column":34},"end":{"line":246,"column":60}}],"line":246},"30":{"loc":{"start":{"line":253,"column":18},"end":{"line":253,"column":80}},"type":"cond-expr","locations":[{"start":{"line":253,"column":63},"end":{"line":253,"column":70}},{"start":{"line":253,"column":73},"end":{"line":253,"column":80}}],"line":253},"31":{"loc":{"start":{"line":253,"column":18},"end":{"line":253,"column":60}},"type":"binary-expr","locations":[{"start":{"line":253,"column":18},"end":{"line":253,"column":30}},{"start":{"line":253,"column":34},"end":{"line":253,"column":60}}],"line":253},"32":{"loc":{"start":{"line":288,"column":22},"end":{"line":288,"column":74}},"type":"cond-expr","locations":[{"start":{"line":288,"column":57},"end":{"line":288,"column":64}},{"start":{"line":288,"column":67},"end":{"line":288,"column":74}}],"line":288},"33":{"loc":{"start":{"line":288,"column":22},"end":{"line":288,"column":54}},"type":"binary-expr","locations":[{"start":{"line":288,"column":22},"end":{"line":288,"column":29}},{"start":{"line":288,"column":33},"end":{"line":288,"column":54}}],"line":288},"34":{"loc":{"start":{"line":313,"column":44},"end":{"line":313,"column":71}},"type":"cond-expr","locations":[{"start":{"line":313,"column":52},"end":{"line":313,"column":59}},{"start":{"line":313,"column":62},"end":{"line":313,"column":71}}],"line":313},"35":{"loc":{"start":{"line":313,"column":73},"end":{"line":313,"column":86}},"type":"binary-expr","locations":[{"start":{"line":313,"column":73},"end":{"line":313,"column":80}},{"start":{"line":313,"column":84},"end":{"line":313,"column":86}}],"line":313},"36":{"loc":{"start":{"line":321,"column":4},"end":{"line":329,"column":5}},"type":"if","locations":[{"start":{"line":321,"column":4},"end":{"line":329,"column":5}},{"start":{"line":323,"column":11},"end":{"line":329,"column":5}}],"line":321},"37":{"loc":{"start":{"line":323,"column":11},"end":{"line":329,"column":5}},"type":"if","locations":[{"start":{"line":323,"column":11},"end":{"line":329,"column":5}},{"start":{"line":327,"column":9},"end":{"line":329,"column":5}}],"line":323},"38":{"loc":{"start":{"line":336,"column":49},"end":{"line":336,"column":86}},"type":"binary-expr","locations":[{"start":{"line":336,"column":49},"end":{"line":336,"column":69}},{"start":{"line":336,"column":73},"end":{"line":336,"column":86}}],"line":336},"39":{"loc":{"start":{"line":358,"column":65},"end":{"line":358,"column":81}},"type":"default-arg","locations":[{"start":{"line":358,"column":79},"end":{"line":358,"column":81}}],"line":358},"40":{"loc":{"start":{"line":363,"column":2},"end":{"line":367,"column":3}},"type":"if","locations":[{"start":{"line":363,"column":2},"end":{"line":367,"column":3}},{"start":{"line":365,"column":9},"end":{"line":367,"column":3}}],"line":363},"41":{"loc":{"start":{"line":365,"column":9},"end":{"line":367,"column":3}},"type":"if","locations":[{"start":{"line":365,"column":9},"end":{"line":367,"column":3}},{"start":{},"end":{}}],"line":365},"42":{"loc":{"start":{"line":370,"column":2},"end":{"line":374,"column":3}},"type":"if","locations":[{"start":{"line":370,"column":2},"end":{"line":374,"column":3}},{"start":{"line":372,"column":9},"end":{"line":374,"column":3}}],"line":370},"43":{"loc":{"start":{"line":372,"column":9},"end":{"line":374,"column":3}},"type":"if","locations":[{"start":{"line":372,"column":9},"end":{"line":374,"column":3}},{"start":{},"end":{}}],"line":372},"44":{"loc":{"start":{"line":377,"column":2},"end":{"line":377,"column":55}},"type":"if","locations":[{"start":{"line":377,"column":2},"end":{"line":377,"column":55}},{"start":{},"end":{}}],"line":377},"45":{"loc":{"start":{"line":378,"column":2},"end":{"line":378,"column":76}},"type":"if","locations":[{"start":{"line":378,"column":2},"end":{"line":378,"column":76}},{"start":{},"end":{}}],"line":378},"46":{"loc":{"start":{"line":451,"column":2},"end":{"line":451,"column":46}},"type":"if","locations":[{"start":{"line":451,"column":2},"end":{"line":451,"column":46}},{"start":{},"end":{}}],"line":451},"47":{"loc":{"start":{"line":452,"column":2},"end":{"line":452,"column":52}},"type":"if","locations":[{"start":{"line":452,"column":2},"end":{"line":452,"column":52}},{"start":{},"end":{}}],"line":452}},"s":{"0":5,"1":5,"2":3,"3":3,"4":3,"5":3,"6":2,"7":2,"8":2,"9":2,"10":2,"11":2,"12":2,"13":1,"14":1,"15":5,"16":2,"17":2,"18":1,"19":2,"20":2,"21":2,"22":2,"23":2,"24":1,"25":2,"26":1,"27":2,"28":1,"29":2,"30":1,"31":2,"32":2,"33":2,"34":2,"35":0,"36":0,"37":2,"38":2,"39":1,"40":1,"41":1,"42":1,"43":1,"44":5,"45":2,"46":1,"47":5,"48":3,"49":3,"50":3,"51":2,"52":5,"53":0,"54":5,"55":2,"56":2,"57":2,"58":2,"59":0,"60":0,"61":2,"62":2,"63":1,"64":2,"65":2,"66":2,"67":2,"68":2,"69":2,"70":1,"71":1,"72":1,"73":1,"74":1,"75":5,"76":0,"77":0,"78":5,"79":3,"80":3,"81":3,"82":3,"83":3,"84":0,"85":0,"86":0,"87":0,"88":3,"89":3,"90":3,"91":3,"92":2,"93":5,"94":2,"95":2,"96":1,"97":5,"98":3,"99":3,"100":3,"101":3,"102":3,"103":2,"104":1,"105":1,"106":0,"107":3,"108":2,"109":2,"110":1,"111":1,"112":5,"113":3,"114":3,"115":3,"116":3,"117":0,"118":0,"119":3,"120":0,"121":3,"122":3,"123":3,"124":2,"125":3,"126":1,"127":3,"128":3,"129":2,"130":5,"131":0,"132":0,"133":0,"134":5,"135":2,"136":2,"137":1,"138":5,"139":0,"140":0,"141":0,"142":0,"143":0,"144":0,"145":0,"146":0},"f":{"0":3,"1":2,"2":2,"3":3,"4":0,"5":2,"6":0,"7":3,"8":2,"9":3,"10":3,"11":0,"12":2,"13":0},"b":{"0":[1,2],"1":[2,0],"2":[2,2],"3":[2,0],"4":[2,2,2],"5":[1,1],"6":[1,1],"7":[2,0],"8":[2,0],"9":[1,1],"10":[1,1],"11":[1,1],"12":[1,1],"13":[1,1],"14":[2,0],"15":[0,2],"16":[1,1],"17":[2],"18":[3,0],"19":[2,0],"20":[0,2],"21":[1,1],"22":[2,0],"23":[2,0],"24":[1,1],"25":[3,0],"26":[3,3],"27":[3,3],"28":[2,1],"29":[3,3],"30":[0,0],"31":[0,0],"32":[2,0],"33":[2,2],"34":[2,1],"35":[3,2],"36":[2,1],"37":[1,0],"38":[1,1],"39":[1],"40":[3,0],"41":[0,0],"42":[0,3],"43":[3,0],"44":[2,1],"45":[1,2],"46":[0,0],"47":[0,0]},"_coverageSchema":"1a1c01bbd47fc00a2c39e90264f33305004495a9","hash":"1d6c3b4d5c083c5dcc365dc20ef054b861488e94"}
,"/home/johnj/CascadeProjects/optin-manager/frontend/src/theme.js": {"path":"/home/johnj/CascadeProjects/optin-manager/frontend/src/theme.js","statementMap":{"0":{"start":{"line":32,"column":24},"end":{"line":39,"column":4}},"1":{"start":{"line":33,"column":2},"end":{"line":39,"column":4}}},"fnMap":{"0":{"name":"(anonymous_0)","decl":{"start":{"line":32,"column":24},"end":{"line":32,"column":25}},"loc":{"start":{"line":33,"column":2},"end":{"line":39,"column":4}},"line":33}},"branchMap":{"0":{"loc":{"start":{"line":36,"column":23},"end":{"line":36,"column":43}},"type":"binary-expr","locations":[{"start":{"line":36,"column":23},"end":{"line":36,"column":30}},{"start":{"line":36,"column":34},"end":{"line":36,"column":43}}],"line":36},"1":{"loc":{"start":{"line":37,"column":25},"end":{"line":37,"column":47}},"type":"binary-expr","locations":[{"start":{"line":37,"column":25},"end":{"line":37,"column":34}},{"start":{"line":37,"column":38},"end":{"line":37,"column":47}}],"line":37}},"s":{"0":2,"1":14},"f":{"0":14},"b":{"0":[14,12],"1":[14,12]},"_coverageSchema":"1a1c01bbd47fc00a2c39e90264f33305004495a9","hash":"346d877574ee9a46e62d5c22dae74dbecb2dd6a4"}
,"/home/johnj/CascadeProjects/optin-manager/frontend/src/api/providerSecrets.js": {"path":"/home/johnj/CascadeProjects/optin-manager/frontend/src/api/providerSecrets.js","statementMap":{"0":{"start":{"line":3,"column":17},"end":{"line":3,"column":64}},"1":{"start":{"line":5,"column":33},"end":{"line":18,"column":1}},"2":{"start":{"line":6,"column":16},"end":{"line":6,"column":52}},"3":{"start":{"line":7,"column":2},"end":{"line":17,"column":5}},"4":{"start":{"line":20,"column":32},"end":{"line":28,"column":1}},"5":{"start":{"line":21,"column":16},"end":{"line":21,"column":52}},"6":{"start":{"line":22,"column":14},"end":{"line":26,"column":4}},"7":{"start":{"line":27,"column":2},"end":{"line":27,"column":18}},"8":{"start":{"line":30,"column":38},"end":{"line":40,"column":1}},"9":{"start":{"line":31,"column":16},"end":{"line":31,"column":52}},"10":{"start":{"line":32,"column":18},"end":{"line":32,"column":49}},"11":{"start":{"line":34,"column":14},"end":{"line":38,"column":4}},"12":{"start":{"line":39,"column":2},"end":{"line":39,"column":18}},"13":{"start":{"line":42,"column":36},"end":{"line":50,"column":1}},"14":{"start":{"line":43,"column":16},"end":{"line":43,"column":52}},"15":{"start":{"line":44,"column":14},"end":{"line":48,"column":4}},"16":{"start":{"line":49,"column":2},"end":{"line":49,"column":18}}},"fnMap":{"0":{"name":"(anonymous_0)","decl":{"start":{"line":5,"column":33},"end":{"line":5,"column":34}},"loc":{"start":{"line":5,"column":104},"end":{"line":18,"column":1}},"line":5},"1":{"name":"(anonymous_1)","decl":{"start":{"line":20,"column":32},"end":{"line":20,"column":33}},"loc":{"start":{"line":20,"column":44},"end":{"line":28,"column":1}},"line":20},"2":{"name":"(anonymous_2)","decl":{"start":{"line":30,"column":38},"end":{"line":30,"column":39}},"loc":{"start":{"line":30,"column":66},"end":{"line":40,"column":1}},"line":30},"3":{"name":"(anonymous_3)","decl":{"start":{"line":42,"column":36},"end":{"line":42,"column":37}},"loc":{"start":{"line":42,"column":64},"end":{"line":50,"column":1}},"line":42}},"branchMap":{"0":{"loc":{"start":{"line":15,"column":10},"end":{"line":15,"column":59}},"type":"cond-expr","locations":[{"start":{"line":15,"column":18},"end":{"line":15,"column":54}},{"start":{"line":15,"column":57},"end":{"line":15,"column":59}}],"line":15},"1":{"loc":{"start":{"line":24,"column":10},"end":{"line":24,"column":59}},"type":"cond-expr","locations":[{"start":{"line":24,"column":18},"end":{"line":24,"column":54}},{"start":{"line":24,"column":57},"end":{"line":24,"column":59}}],"line":24},"2":{"loc":{"start":{"line":36,"column":10},"end":{"line":36,"column":59}},"type":"cond-expr","locations":[{"start":{"line":36,"column":18},"end":{"line":36,"column":54}},{"start":{"line":36,"column":57},"end":{"line":36,"column":59}}],"line":36},"3":{"loc":{"start":{"line":46,"column":10},"end":{"line":46,"column":59}},"type":"cond-expr","locations":[{"start":{"line":46,"column":18},"end":{"line":46,"column":54}},{"start":{"line":46,"column":57},"end":{"line":46,"column":59}}],"line":46}},"s":{"0":1,"1":1,"2":3,"3":3,"4":1,"5":1,"6":1,"7":1,"8":1,"9":1,"10":1,"11":1,"12":1,"13":1,"14":1,"15":1,"16":1},"f":{"0":3,"1":1,"2":1,"3":1},"b":{"0":[2,1],"1":[1,0],"2":[1,0],"3":[1,0]},"_coverageSchema":"1a1c01bbd47fc00a2c39e90264f33305004495a9","hash":"c5bc0d0f68ed1cff95f44a1772f559b5c2e02f52"}
,"/home/johnj/CascadeProjects/optin-manager/frontend/src/components/AppHeader.jsx": {"path":"/home/johnj/CascadeProjects/optin-manager/frontend/src/components/AppHeader.jsx","statementMap":{"0":{"start":{"line":59,"column":34},"end":{"line":59,"column":48}},"1":{"start":{"line":60,"column":15},"end":{"line":60,"column":32}},"2":{"start":{"line":66,"column":30},"end":{"line":68,"column":3}},"3":{"start":{"line":67,"column":4},"end":{"line":67,"column":37}},"4":{"start":{"line":73,"column":30},"end":{"line":75,"column":3}},"5":{"start":{"line":74,"column":4},"end":{"line":74,"column":22}},"6":{"start":{"line":76,"column":16},"end":{"line":76,"column":26}},"7":{"start":{"line":77,"column":19},"end":{"line":77,"column":32}},"8":{"start":{"line":82,"column":28},"end":{"line":86,"column":3}},"9":{"start":{"line":83,"column":4},"end":{"line":85,"column":6}},"10":{"start":{"line":84,"column":6},"end":{"line":84,"column":70}},"11":{"start":{"line":87,"column":20},"end":{"line":87,"column":93}},"12":{"start":{"line":88,"column":31},"end":{"line":88,"column":69}},"13":{"start":{"line":89,"column":23},"end":{"line":95,"column":3}},"14":{"start":{"line":90,"column":4},"end":{"line":90,"column":44}},"15":{"start":{"line":91,"column":4},"end":{"line":91,"column":40}},"16":{"start":{"line":92,"column":4},"end":{"line":92,"column":37}},"17":{"start":{"line":93,"column":4},"end":{"line":93,"column":26}},"18":{"start":{"line":94,"column":4},"end":{"line":94,"column":23}},"19":{"start":{"line":97,"column":31},"end":{"line":100,"column":3}},"20":{"start":{"line":98,"column":4},"end":{"line":98,"column":26}},"21":{"start":{"line":99,"column":4},"end":{"line":99,"column":33}},"22":{"start":{"line":102,"column":16},"end":{"line":102,"column":52}},"23":{"start":{"line":103,"column":22},"end":{"line":103,"column":36}},"24":{"start":{"line":104,"column":30},"end":{"line":104,"column":56}},"25":{"start":{"line":107,"column":24},"end":{"line":124,"column":4}},"26":{"start":{"line":108,"column":4},"end":{"line":108,"column":33}},"27":{"start":{"line":108,"column":21},"end":{"line":108,"column":33}},"28":{"start":{"line":109,"column":4},"end":{"line":111,"column":5}},"29":{"start":{"line":110,"column":6},"end":{"line":110,"column":68}},"30":{"start":{"line":112,"column":4},"end":{"line":112,"column":43}},"31":{"start":{"line":112,"column":24},"end":{"line":112,"column":43}},"32":{"start":{"line":114,"column":4},"end":{"line":122,"column":5}},"33":{"start":{"line":121,"column":6},"end":{"line":121,"column":18}},"34":{"start":{"line":123,"column":4},"end":{"line":123,"column":17}},"35":{"start":{"line":127,"column":22},"end":{"line":138,"column":3}},"36":{"start":{"line":128,"column":18},"end":{"line":128,"column":54}},"37":{"start":{"line":129,"column":4},"end":{"line":129,"column":50}},"38":{"start":{"line":129,"column":16},"end":{"line":129,"column":50}},"39":{"start":{"line":131,"column":20},"end":{"line":131,"column":35}},"40":{"start":{"line":132,"column":4},"end":{"line":132,"column":52}},"41":{"start":{"line":132,"column":18},"end":{"line":132,"column":52}},"42":{"start":{"line":134,"column":4},"end":{"line":137,"column":6}},"43":{"start":{"line":140,"column":19},"end":{"line":140,"column":32}},"44":{"start":{"line":141,"column":24},"end":{"line":141,"column":67}},"45":{"start":{"line":142,"column":38},"end":{"line":142,"column":53}},"46":{"start":{"line":144,"column":29},"end":{"line":144,"column":63}},"47":{"start":{"line":144,"column":35},"end":{"line":144,"column":63}},"48":{"start":{"line":144,"column":57},"end":{"line":144,"column":62}},"49":{"start":{"line":145,"column":28},"end":{"line":145,"column":54}},"50":{"start":{"line":145,"column":34},"end":{"line":145,"column":54}},"51":{"start":{"line":147,"column":2},"end":{"line":271,"column":4}},"52":{"start":{"line":167,"column":20},"end":{"line":171,"column":31}},"53":{"start":{"line":218,"column":14},"end":{"line":220,"column":23}}},"fnMap":{"0":{"name":"AppHeader","decl":{"start":{"line":58,"column":24},"end":{"line":58,"column":33}},"loc":{"start":{"line":58,"column":77},"end":{"line":272,"column":1}},"line":58},"1":{"name":"(anonymous_1)","decl":{"start":{"line":66,"column":30},"end":{"line":66,"column":31}},"loc":{"start":{"line":66,"column":41},"end":{"line":68,"column":3}},"line":66},"2":{"name":"(anonymous_2)","decl":{"start":{"line":73,"column":30},"end":{"line":73,"column":31}},"loc":{"start":{"line":73,"column":36},"end":{"line":75,"column":3}},"line":73},"3":{"name":"(anonymous_3)","decl":{"start":{"line":82,"column":28},"end":{"line":82,"column":29}},"loc":{"start":{"line":82,"column":34},"end":{"line":86,"column":3}},"line":82},"4":{"name":"(anonymous_4)","decl":{"start":{"line":83,"column":12},"end":{"line":83,"column":13}},"loc":{"start":{"line":84,"column":6},"end":{"line":84,"column":70}},"line":84},"5":{"name":"(anonymous_5)","decl":{"start":{"line":89,"column":23},"end":{"line":89,"column":24}},"loc":{"start":{"line":89,"column":29},"end":{"line":95,"column":3}},"line":89},"6":{"name":"(anonymous_6)","decl":{"start":{"line":97,"column":31},"end":{"line":97,"column":32}},"loc":{"start":{"line":97,"column":37},"end":{"line":100,"column":3}},"line":97},"7":{"name":"(anonymous_7)","decl":{"start":{"line":107,"column":40},"end":{"line":107,"column":41}},"loc":{"start":{"line":107,"column":48},"end":{"line":124,"column":3}},"line":107},"8":{"name":"(anonymous_8)","decl":{"start":{"line":127,"column":22},"end":{"line":127,"column":23}},"loc":{"start":{"line":127,"column":28},"end":{"line":138,"column":3}},"line":127},"9":{"name":"(anonymous_9)","decl":{"start":{"line":144,"column":29},"end":{"line":144,"column":30}},"loc":{"start":{"line":144,"column":35},"end":{"line":144,"column":63}},"line":144},"10":{"name":"(anonymous_10)","decl":{"start":{"line":144,"column":49},"end":{"line":144,"column":50}},"loc":{"start":{"line":144,"column":57},"end":{"line":144,"column":62}},"line":144},"11":{"name":"(anonymous_11)","decl":{"start":{"line":145,"column":28},"end":{"line":145,"column":29}},"loc":{"start":{"line":145,"column":34},"end":{"line":145,"column":54}},"line":145},"12":{"name":"(anonymous_12)","decl":{"start":{"line":166,"column":37},"end":{"line":166,"column":38}},"loc":{"start":{"line":167,"column":20},"end":{"line":171,"column":31}},"line":167},"13":{"name":"(anonymous_13)","decl":{"start":{"line":217,"column":31},"end":{"line":217,"column":32}},"loc":{"start":{"line":218,"column":14},"end":{"line":220,"column":23}},"line":218}},"branchMap":{"0":{"loc":{"start":{"line":58,"column":60},"end":{"line":58,"column":73}},"type":"default-arg","locations":[{"start":{"line":58,"column":71},"end":{"line":58,"column":73}}],"line":58},"1":{"loc":{"start":{"line":84,"column":6},"end":{"line":84,"column":70}},"type":"cond-expr","locations":[{"start":{"line":84,"column":25},"end":{"line":84,"column":31}},{"start":{"line":84,"column":34},"end":{"line":84,"column":70}}],"line":84},"2":{"loc":{"start":{"line":84,"column":34},"end":{"line":84,"column":70}},"type":"cond-expr","locations":[{"start":{"line":84,"column":52},"end":{"line":84,"column":60}},{"start":{"line":84,"column":63},"end":{"line":84,"column":70}}],"line":84},"3":{"loc":{"start":{"line":87,"column":20},"end":{"line":87,"column":93}},"type":"cond-expr","locations":[{"start":{"line":87,"column":52},"end":{"line":87,"column":71}},{"start":{"line":87,"column":74},"end":{"line":87,"column":93}}],"line":87},"4":{"loc":{"start":{"line":108,"column":4},"end":{"line":108,"column":33}},"type":"if","locations":[{"start":{"line":108,"column":4},"end":{"line":108,"column":33}},{"start":{},"end":{}}],"line":108},"5":{"loc":{"start":{"line":109,"column":4},"end":{"line":111,"column":5}},"type":"if","locations":[{"start":{"line":109,"column":4},"end":{"line":111,"column":5}},{"start":{},"end":{}}],"line":109},"6":{"loc":{"start":{"line":110,"column":13},"end":{"line":110,"column":67}},"type":"binary-expr","locations":[{"start":{"line":110,"column":13},"end":{"line":110,"column":41}},{"start":{"line":110,"column":45},"end":{"line":110,"column":67}}],"line":110},"7":{"loc":{"start":{"line":112,"column":4},"end":{"line":112,"column":43}},"type":"if","locations":[{"start":{"line":112,"column":4},"end":{"line":112,"column":43}},{"start":{},"end":{}}],"line":112},"8":{"loc":{"start":{"line":114,"column":4},"end":{"line":122,"column":5}},"type":"if","locations":[{"start":{"line":114,"column":4},"end":{"line":122,"column":5}},{"start":{},"end":{}}],"line":114},"9":{"loc":{"start":{"line":129,"column":4},"end":{"line":129,"column":50}},"type":"if","locations":[{"start":{"line":129,"column":4},"end":{"line":129,"column":50}},{"start":{},"end":{}}],"line":129},"10":{"loc":{"start":{"line":132,"column":4},"end":{"line":132,"column":52}},"type":"if","locations":[{"start":{"line":132,"column":4},"end":{"line":132,"column":52}},{"start":{},"end":{}}],"line":132},"11":{"loc":{"start":{"line":135,"column":12},"end":{"line":135,"column":45}},"type":"binary-expr","locations":[{"start":{"line":135,"column":12},"end":{"line":135,"column":24}},{"start":{"line":135,"column":28},"end":{"line":135,"column":39}},{"start":{"line":135,"column":43},"end":{"line":135,"column":45}}],"line":135},"12":{"loc":{"start":{"line":136,"column":16},"end":{"line":136,"column":33}},"type":"binary-expr","locations":[{"start":{"line":136,"column":16},"end":{"line":136,"column":27}},{"start":{"line":136,"column":31},"end":{"line":136,"column":33}}],"line":136},"13":{"loc":{"start":{"line":150,"column":9},"end":{"line":154,"column":9}},"type":"binary-expr","locations":[{"start":{"line":150,"column":9},"end":{"line":150,"column":16}},{"start":{"line":151,"column":10},"end":{"line":153,"column":16}}],"line":150},"14":{"loc":{"start":{"line":158,"column":9},"end":{"line":268,"column":9}},"type":"cond-expr","locations":[{"start":{"line":159,"column":10},"end":{"line":214,"column":13}},{"start":{"line":216,"column":10},"end":{"line":267,"column":13}}],"line":158},"15":{"loc":{"start":{"line":175,"column":17},"end":{"line":205,"column":17}},"type":"binary-expr","locations":[{"start":{"line":175,"column":17},"end":{"line":175,"column":37}},{"start":{"line":176,"column":18},"end":{"line":204,"column":21}}],"line":175},"16":{"loc":{"start":{"line":180,"column":31},"end":{"line":180,"column":65}},"type":"binary-expr","locations":[{"start":{"line":180,"column":31},"end":{"line":180,"column":44}},{"start":{"line":180,"column":48},"end":{"line":180,"column":65}}],"line":180},"17":{"loc":{"start":{"line":222,"column":13},"end":{"line":263,"column":13}},"type":"binary-expr","locations":[{"start":{"line":222,"column":13},"end":{"line":222,"column":33}},{"start":{"line":223,"column":14},"end":{"line":262,"column":17}}],"line":222},"18":{"loc":{"start":{"line":226,"column":25},"end":{"line":226,"column":59}},"type":"binary-expr","locations":[{"start":{"line":226,"column":25},"end":{"line":226,"column":38}},{"start":{"line":226,"column":42},"end":{"line":226,"column":59}}],"line":226}},"s":{"0":19,"1":19,"2":19,"3":0,"4":19,"5":0,"6":19,"7":19,"8":19,"9":2,"10":0,"11":19,"12":19,"13":19,"14":0,"15":0,"16":0,"17":0,"18":0,"19":19,"20":0,"21":0,"22":19,"23":19,"24":19,"25":19,"26":130,"27":0,"28":130,"29":84,"30":46,"31":7,"32":39,"33":27,"34":12,"35":19,"36":19,"37":19,"38":19,"39":0,"40":0,"41":0,"42":0,"43":19,"44":19,"45":19,"46":19,"47":3,"48":3,"49":19,"50":0,"51":19,"52":23,"53":29},"f":{"0":19,"1":0,"2":0,"3":2,"4":0,"5":0,"6":0,"7":130,"8":19,"9":3,"10":3,"11":0,"12":23,"13":29},"b":{"0":[0],"1":[0,0],"2":[0,0],"3":[0,19],"4":[0,130],"5":[84,46],"6":[84,72],"7":[7,39],"8":[27,12],"9":[19,0],"10":[0,0],"11":[0,0,0],"12":[0,0],"13":[19,19],"14":[9,10],"15":[9,0],"16":[0,0],"17":[10,0],"18":[0,0]},"_coverageSchema":"1a1c01bbd47fc00a2c39e90264f33305004495a9","hash":"8ca33b8334650d43f79c6c9477566bb998c49030"}
,"/home/johnj/CascadeProjects/optin-manager/frontend/src/components/BrandingSection.jsx": {"path":"/home/johnj/CascadeProjects/optin-manager/frontend/src/components/BrandingSection.jsx","statementMap":{"0":{"start":{"line":48,"column":2},"end":{"line":72,"column":4}},"1":{"start":{"line":53,"column":77},"end":{"line":53,"column":107}},"2":{"start":{"line":54,"column":85},"end":{"line":54,"column":117}},"3":{"start":{"line":64,"column":87},"end":{"line":64,"column":113}},"4":{"start":{"line":65,"column":91},"end":{"line":65,"column":119}}},"fnMap":{"0":{"name":"BrandingSection","decl":{"start":{"line":45,"column":24},"end":{"line":45,"column":39}},"loc":{"start":{"line":47,"column":3},"end":{"line":73,"column":1}},"line":47},"1":{"name":"(anonymous_1)","decl":{"start":{"line":53,"column":72},"end":{"line":53,"column":73}},"loc":{"start":{"line":53,"column":77},"end":{"line":53,"column":107}},"line":53},"2":{"name":"(anonymous_2)","decl":{"start":{"line":54,"column":80},"end":{"line":54,"column":81}},"loc":{"start":{"line":54,"column":85},"end":{"line":54,"column":117}},"line":54},"3":{"name":"(anonymous_3)","decl":{"start":{"line":64,"column":82},"end":{"line":64,"column":83}},"loc":{"start":{"line":64,"column":87},"end":{"line":64,"column":113}},"line":64},"4":{"name":"(anonymous_4)","decl":{"start":{"line":65,"column":86},"end":{"line":65,"column":87}},"loc":{"start":{"line":65,"column":91},"end":{"line":65,"column":119}},"line":65}},"branchMap":{"0":{"loc":{"start":{"line":55,"column":11},"end":{"line":59,"column":11}},"type":"binary-expr","locations":[{"start":{"line":55,"column":11},"end":{"line":55,"column":22}},{"start":{"line":56,"column":12},"end":{"line":58,"column":18}}],"line":55},"1":{"loc":{"start":{"line":67,"column":13},"end":{"line":67,"column":42}},"type":"cond-expr","locations":[{"start":{"line":67,"column":22},"end":{"line":67,"column":33}},{"start":{"line":67,"column":36},"end":{"line":67,"column":42}}],"line":67}},"s":{"0":6,"1":1,"2":1,"3":1,"4":1},"f":{"0":6,"1":1,"2":1,"3":1,"4":1},"b":{"0":[6,5],"1":[1,5]},"_coverageSchema":"1a1c01bbd47fc00a2c39e90264f33305004495a9","hash":"438b0aaec573529951bf44f7bab2977935018e61"}
,"/home/johnj/CascadeProjects/optin-manager/frontend/src/components/EmailProviderConfig.jsx": {"path":"/home/johnj/CascadeProjects/optin-manager/frontend/src/components/EmailProviderConfig.jsx","statementMap":{"0":{"start":{"line":11,"column":34},"end":{"line":11,"column":59}},"1":{"start":{"line":12,"column":36},"end":{"line":12,"column":48}},"2":{"start":{"line":13,"column":36},"end":{"line":13,"column":48}},"3":{"start":{"line":14,"column":40},"end":{"line":14,"column":52}},"4":{"start":{"line":15,"column":30},"end":{"line":15,"column":51}},"5":{"start":{"line":18,"column":30},"end":{"line":18,"column":45}},"6":{"start":{"line":19,"column":32},"end":{"line":19,"column":47}},"7":{"start":{"line":20,"column":28},"end":{"line":20,"column":40}},"8":{"start":{"line":21,"column":38},"end":{"line":21,"column":50}},"9":{"start":{"line":24,"column":38},"end":{"line":24,"column":53}},"10":{"start":{"line":25,"column":30},"end":{"line":25,"column":50}},"11":{"start":{"line":28,"column":2},"end":{"line":30,"column":9}},"12":{"start":{"line":29,"column":4},"end":{"line":29,"column":18}},"13":{"start":{"line":33,"column":22},"end":{"line":49,"column":3}},"14":{"start":{"line":34,"column":4},"end":{"line":48,"column":5}},"15":{"start":{"line":35,"column":25},"end":{"line":35,"column":49}},"16":{"start":{"line":36,"column":6},"end":{"line":36,"column":58}},"17":{"start":{"line":37,"column":6},"end":{"line":37,"column":55}},"18":{"start":{"line":40,"column":6},"end":{"line":45,"column":7}},"19":{"start":{"line":43,"column":8},"end":{"line":43,"column":33}},"20":{"start":{"line":44,"column":8},"end":{"line":44,"column":33}},"21":{"start":{"line":47,"column":6},"end":{"line":47,"column":68}},"22":{"start":{"line":54,"column":31},"end":{"line":56,"column":3}},"23":{"start":{"line":55,"column":4},"end":{"line":55,"column":32}},"24":{"start":{"line":61,"column":21},"end":{"line":92,"column":3}},"25":{"start":{"line":62,"column":4},"end":{"line":62,"column":20}},"26":{"start":{"line":63,"column":4},"end":{"line":63,"column":19}},"27":{"start":{"line":65,"column":4},"end":{"line":91,"column":5}},"28":{"start":{"line":67,"column":26},"end":{"line":73,"column":7}},"29":{"start":{"line":76,"column":6},"end":{"line":76,"column":43}},"30":{"start":{"line":79,"column":6},"end":{"line":79,"column":26}},"31":{"start":{"line":80,"column":6},"end":{"line":80,"column":28}},"32":{"start":{"line":81,"column":6},"end":{"line":81,"column":24}},"33":{"start":{"line":84,"column":6},"end":{"line":84,"column":55}},"34":{"start":{"line":85,"column":6},"end":{"line":85,"column":52}},"35":{"start":{"line":87,"column":6},"end":{"line":87,"column":71}},"36":{"start":{"line":88,"column":6},"end":{"line":88,"column":94}},"37":{"start":{"line":90,"column":6},"end":{"line":90,"column":23}},"38":{"start":{"line":97,"column":21},"end":{"line":121,"column":3}},"39":{"start":{"line":98,"column":4},"end":{"line":98,"column":21}},"40":{"start":{"line":99,"column":4},"end":{"line":99,"column":22}},"41":{"start":{"line":100,"column":4},"end":{"line":100,"column":17}},"42":{"start":{"line":102,"column":4},"end":{"line":120,"column":5}},"43":{"start":{"line":104,"column":21},"end":{"line":104,"column":76}},"44":{"start":{"line":105,"column":6},"end":{"line":105,"column":63}},"45":{"start":{"line":108,"column":6},"end":{"line":108,"column":26}},"46":{"start":{"line":109,"column":6},"end":{"line":109,"column":51}},"47":{"start":{"line":112,"column":6},"end":{"line":112,"column":20}},"48":{"start":{"line":114,"column":6},"end":{"line":114,"column":71}},"49":{"start":{"line":115,"column":6},"end":{"line":115,"column":90}},"50":{"start":{"line":116,"column":6},"end":{"line":116,"column":26}},"51":{"start":{"line":117,"column":6},"end":{"line":117,"column":52}},"52":{"start":{"line":119,"column":6},"end":{"line":119,"column":24}},"53":{"start":{"line":126,"column":23},"end":{"line":157,"column":3}},"54":{"start":{"line":127,"column":4},"end":{"line":127,"column":20}},"55":{"start":{"line":128,"column":4},"end":{"line":128,"column":17}},"56":{"start":{"line":130,"column":4},"end":{"line":156,"column":5}},"57":{"start":{"line":132,"column":6},"end":{"line":132,"column":60}},"58":{"start":{"line":135,"column":6},"end":{"line":135,"column":23}},"59":{"start":{"line":136,"column":6},"end":{"line":136,"column":23}},"60":{"start":{"line":137,"column":6},"end":{"line":137,"column":25}},"61":{"start":{"line":138,"column":6},"end":{"line":138,"column":29}},"62":{"start":{"line":139,"column":6},"end":{"line":139,"column":24}},"63":{"start":{"line":142,"column":6},"end":{"line":142,"column":27}},"64":{"start":{"line":143,"column":6},"end":{"line":143,"column":28}},"65":{"start":{"line":146,"column":6},"end":{"line":146,"column":50}},"66":{"start":{"line":147,"column":6},"end":{"line":147,"column":46}},"67":{"start":{"line":150,"column":6},"end":{"line":150,"column":20}},"68":{"start":{"line":152,"column":6},"end":{"line":152,"column":73}},"69":{"start":{"line":153,"column":6},"end":{"line":153,"column":96}},"70":{"start":{"line":155,"column":6},"end":{"line":155,"column":23}},"71":{"start":{"line":159,"column":2},"end":{"line":277,"column":4}},"72":{"start":{"line":213,"column":25},"end":{"line":213,"column":53}},"73":{"start":{"line":222,"column":25},"end":{"line":222,"column":53}},"74":{"start":{"line":232,"column":25},"end":{"line":232,"column":55}},"75":{"start":{"line":241,"column":25},"end":{"line":241,"column":50}}},"fnMap":{"0":{"name":"EmailProviderConfig","decl":{"start":{"line":9,"column":9},"end":{"line":9,"column":28}},"loc":{"start":{"line":9,"column":72},"end":{"line":278,"column":1}},"line":9},"1":{"name":"(anonymous_1)","decl":{"start":{"line":28,"column":12},"end":{"line":28,"column":13}},"loc":{"start":{"line":28,"column":18},"end":{"line":30,"column":3}},"line":28},"2":{"name":"(anonymous_2)","decl":{"start":{"line":33,"column":22},"end":{"line":33,"column":23}},"loc":{"start":{"line":33,"column":34},"end":{"line":49,"column":3}},"line":33},"3":{"name":"(anonymous_3)","decl":{"start":{"line":54,"column":31},"end":{"line":54,"column":32}},"loc":{"start":{"line":54,"column":38},"end":{"line":56,"column":3}},"line":54},"4":{"name":"(anonymous_4)","decl":{"start":{"line":61,"column":21},"end":{"line":61,"column":22}},"loc":{"start":{"line":61,"column":33},"end":{"line":92,"column":3}},"line":61},"5":{"name":"(anonymous_5)","decl":{"start":{"line":97,"column":21},"end":{"line":97,"column":22}},"loc":{"start":{"line":97,"column":33},"end":{"line":121,"column":3}},"line":97},"6":{"name":"(anonymous_6)","decl":{"start":{"line":126,"column":23},"end":{"line":126,"column":24}},"loc":{"start":{"line":126,"column":35},"end":{"line":157,"column":3}},"line":126},"7":{"name":"(anonymous_7)","decl":{"start":{"line":213,"column":18},"end":{"line":213,"column":19}},"loc":{"start":{"line":213,"column":25},"end":{"line":213,"column":53}},"line":213},"8":{"name":"(anonymous_8)","decl":{"start":{"line":222,"column":18},"end":{"line":222,"column":19}},"loc":{"start":{"line":222,"column":25},"end":{"line":222,"column":53}},"line":222},"9":{"name":"(anonymous_9)","decl":{"start":{"line":232,"column":18},"end":{"line":232,"column":19}},"loc":{"start":{"line":232,"column":25},"end":{"line":232,"column":55}},"line":232},"10":{"name":"(anonymous_10)","decl":{"start":{"line":241,"column":18},"end":{"line":241,"column":19}},"loc":{"start":{"line":241,"column":25},"end":{"line":241,"column":50}},"line":241}},"branchMap":{"0":{"loc":{"start":{"line":9,"column":41},"end":{"line":9,"column":68}},"type":"default-arg","locations":[{"start":{"line":9,"column":59},"end":{"line":9,"column":68}}],"line":9},"1":{"loc":{"start":{"line":36,"column":20},"end":{"line":36,"column":56}},"type":"binary-expr","locations":[{"start":{"line":36,"column":20},"end":{"line":36,"column":47}},{"start":{"line":36,"column":51},"end":{"line":36,"column":56}}],"line":36},"2":{"loc":{"start":{"line":37,"column":16},"end":{"line":37,"column":53}},"type":"binary-expr","locations":[{"start":{"line":37,"column":16},"end":{"line":37,"column":39}},{"start":{"line":37,"column":43},"end":{"line":37,"column":53}}],"line":37},"3":{"loc":{"start":{"line":40,"column":6},"end":{"line":45,"column":7}},"type":"if","locations":[{"start":{"line":40,"column":6},"end":{"line":45,"column":7}},{"start":{},"end":{}}],"line":40},"4":{"loc":{"start":{"line":88,"column":15},"end":{"line":88,"column":92}},"type":"binary-expr","locations":[{"start":{"line":88,"column":15},"end":{"line":88,"column":43}},{"start":{"line":88,"column":47},"end":{"line":88,"column":60}},{"start":{"line":88,"column":64},"end":{"line":88,"column":92}}],"line":88},"5":{"loc":{"start":{"line":105,"column":20},"end":{"line":105,"column":61}},"type":"binary-expr","locations":[{"start":{"line":105,"column":20},"end":{"line":105,"column":34}},{"start":{"line":105,"column":38},"end":{"line":105,"column":61}}],"line":105},"6":{"loc":{"start":{"line":115,"column":15},"end":{"line":115,"column":88}},"type":"binary-expr","locations":[{"start":{"line":115,"column":15},"end":{"line":115,"column":43}},{"start":{"line":115,"column":47},"end":{"line":115,"column":60}},{"start":{"line":115,"column":64},"end":{"line":115,"column":88}}],"line":115},"7":{"loc":{"start":{"line":153,"column":15},"end":{"line":153,"column":94}},"type":"binary-expr","locations":[{"start":{"line":153,"column":15},"end":{"line":153,"column":43}},{"start":{"line":153,"column":47},"end":{"line":153,"column":60}},{"start":{"line":153,"column":64},"end":{"line":153,"column":94}}],"line":153},"8":{"loc":{"start":{"line":166,"column":9},"end":{"line":174,"column":9}},"type":"cond-expr","locations":[{"start":{"line":167,"column":10},"end":{"line":169,"column":18}},{"start":{"line":171,"column":10},"end":{"line":173,"column":18}}],"line":166},"9":{"loc":{"start":{"line":175,"column":9},"end":{"line":183,"column":9}},"type":"binary-expr","locations":[{"start":{"line":175,"column":9},"end":{"line":175,"column":19}},{"start":{"line":176,"column":10},"end":{"line":182,"column":18}}],"line":175},"10":{"loc":{"start":{"line":177,"column":22},"end":{"line":177,"column":94}},"type":"cond-expr","locations":[{"start":{"line":177,"column":44},"end":{"line":177,"column":53}},{"start":{"line":177,"column":56},"end":{"line":177,"column":94}}],"line":177},"11":{"loc":{"start":{"line":177,"column":56},"end":{"line":177,"column":94}},"type":"cond-expr","locations":[{"start":{"line":177,"column":78},"end":{"line":177,"column":85}},{"start":{"line":177,"column":88},"end":{"line":177,"column":94}}],"line":177},"12":{"loc":{"start":{"line":180,"column":13},"end":{"line":181,"column":63}},"type":"cond-expr","locations":[{"start":{"line":180,"column":35},"end":{"line":180,"column":43}},{"start":{"line":181,"column":13},"end":{"line":181,"column":63}}],"line":180},"13":{"loc":{"start":{"line":181,"column":13},"end":{"line":181,"column":63}},"type":"cond-expr","locations":[{"start":{"line":181,"column":35},"end":{"line":181,"column":48}},{"start":{"line":181,"column":51},"end":{"line":181,"column":63}}],"line":181},"14":{"loc":{"start":{"line":186,"column":7},"end":{"line":190,"column":7}},"type":"binary-expr","locations":[{"start":{"line":186,"column":7},"end":{"line":186,"column":12}},{"start":{"line":187,"column":8},"end":{"line":189,"column":16}}],"line":186},"15":{"loc":{"start":{"line":192,"column":7},"end":{"line":196,"column":7}},"type":"binary-expr","locations":[{"start":{"line":192,"column":7},"end":{"line":192,"column":17}},{"start":{"line":193,"column":8},"end":{"line":195,"column":16}}],"line":192},"16":{"loc":{"start":{"line":201,"column":17},"end":{"line":201,"column":31}},"type":"binary-expr","locations":[{"start":{"line":201,"column":17},"end":{"line":201,"column":25}},{"start":{"line":201,"column":29},"end":{"line":201,"column":31}}],"line":201},"17":{"loc":{"start":{"line":254,"column":11},"end":{"line":254,"column":40}},"type":"cond-expr","locations":[{"start":{"line":254,"column":20},"end":{"line":254,"column":31}},{"start":{"line":254,"column":34},"end":{"line":254,"column":40}}],"line":254},"18":{"loc":{"start":{"line":260,"column":20},"end":{"line":260,"column":42}},"type":"binary-expr","locations":[{"start":{"line":260,"column":20},"end":{"line":260,"column":27}},{"start":{"line":260,"column":31},"end":{"line":260,"column":42}}],"line":260},"19":{"loc":{"start":{"line":263,"column":11},"end":{"line":263,"column":42}},"type":"cond-expr","locations":[{"start":{"line":263,"column":21},"end":{"line":263,"column":33}},{"start":{"line":263,"column":36},"end":{"line":263,"column":42}}],"line":263}},"s":{"0":21,"1":21,"2":21,"3":21,"4":21,"5":21,"6":21,"7":21,"8":21,"9":21,"10":21,"11":21,"12":9,"13":21,"14":11,"15":11,"16":11,"17":11,"18":11,"19":6,"20":6,"21":0,"22":21,"23":0,"24":21,"25":1,"26":1,"27":1,"28":1,"29":1,"30":1,"31":1,"32":1,"33":1,"34":1,"35":0,"36":0,"37":1,"38":21,"39":2,"40":2,"41":2,"42":2,"43":2,"44":1,"45":1,"46":1,"47":1,"48":1,"49":1,"50":1,"51":1,"52":2,"53":21,"54":1,"55":1,"56":1,"57":1,"58":1,"59":1,"60":1,"61":1,"62":1,"63":1,"64":1,"65":1,"66":1,"67":1,"68":0,"69":0,"70":1,"71":21,"72":0,"73":0,"74":0,"75":0},"f":{"0":21,"1":9,"2":11,"3":0,"4":1,"5":2,"6":1,"7":0,"8":0,"9":0,"10":0},"b":{"0":[21],"1":[11,5],"2":[11,0],"3":[6,5],"4":[0,0,0],"5":[1,0],"6":[1,0,0],"7":[0,0,0],"8":[11,10],"9":[21,11],"10":[3,8],"11":[1,7],"12":[3,8],"13":[1,7],"14":[21,1],"15":[21,1],"16":[21,0],"17":[2,19],"18":[21,19],"19":[2,19]},"_coverageSchema":"1a1c01bbd47fc00a2c39e90264f33305004495a9","hash":"def5c31a8ad74406e9ba1b27cd7a4a89b5e2629e"}
,"/home/johnj/CascadeProjects/optin-manager/frontend/src/components/ProtectedRoute.jsx": {"path":"/home/johnj/CascadeProjects/optin-manager/frontend/src/components/ProtectedRoute.jsx","statementMap":{"0":{"start":{"line":37,"column":16},"end":{"line":37,"column":52}},"1":{"start":{"line":38,"column":2},"end":{"line":38,"column":54}},"2":{"start":{"line":38,"column":14},"end":{"line":38,"column":54}},"3":{"start":{"line":40,"column":2},"end":{"line":40,"column":18}}},"fnMap":{"0":{"name":"ProtectedRoute","decl":{"start":{"line":36,"column":24},"end":{"line":36,"column":38}},"loc":{"start":{"line":36,"column":53},"end":{"line":41,"column":1}},"line":36}},"branchMap":{"0":{"loc":{"start":{"line":38,"column":2},"end":{"line":38,"column":54}},"type":"if","locations":[{"start":{"line":38,"column":2},"end":{"line":38,"column":54}},{"start":{},"end":{}}],"line":38}},"s":{"0":2,"1":2,"2":1,"3":1},"f":{"0":2},"b":{"0":[1,1]},"_coverageSchema":"1a1c01bbd47fc00a2c39e90264f33305004495a9","hash":"0f31e8c35b78ae807db7e285c8422f61f5d4b673"}
,"/home/johnj/CascadeProjects/optin-manager/frontend/src/components/SmsProviderConfig.jsx": {"path":"/home/johnj/CascadeProjects/optin-manager/frontend/src/components/SmsProviderConfig.jsx","statementMap":{"0":{"start":{"line":11,"column":34},"end":{"line":11,"column":59}},"1":{"start":{"line":12,"column":36},"end":{"line":12,"column":48}},"2":{"start":{"line":13,"column":36},"end":{"line":13,"column":48}},"3":{"start":{"line":14,"column":30},"end":{"line":14,"column":51}},"4":{"start":{"line":17,"column":30},"end":{"line":17,"column":45}},"5":{"start":{"line":18,"column":32},"end":{"line":18,"column":47}},"6":{"start":{"line":19,"column":28},"end":{"line":19,"column":40}},"7":{"start":{"line":20,"column":38},"end":{"line":20,"column":50}},"8":{"start":{"line":23,"column":38},"end":{"line":23,"column":53}},"9":{"start":{"line":24,"column":30},"end":{"line":24,"column":50}},"10":{"start":{"line":27,"column":2},"end":{"line":29,"column":9}},"11":{"start":{"line":28,"column":4},"end":{"line":28,"column":18}},"12":{"start":{"line":32,"column":22},"end":{"line":48,"column":3}},"13":{"start":{"line":33,"column":4},"end":{"line":47,"column":5}},"14":{"start":{"line":34,"column":25},"end":{"line":34,"column":49}},"15":{"start":{"line":35,"column":6},"end":{"line":35,"column":56}},"16":{"start":{"line":36,"column":6},"end":{"line":36,"column":53}},"17":{"start":{"line":39,"column":6},"end":{"line":44,"column":7}},"18":{"start":{"line":42,"column":8},"end":{"line":42,"column":33}},"19":{"start":{"line":43,"column":8},"end":{"line":43,"column":33}},"20":{"start":{"line":46,"column":6},"end":{"line":46,"column":66}},"21":{"start":{"line":53,"column":31},"end":{"line":55,"column":3}},"22":{"start":{"line":54,"column":4},"end":{"line":54,"column":32}},"23":{"start":{"line":60,"column":21},"end":{"line":98,"column":3}},"24":{"start":{"line":61,"column":4},"end":{"line":64,"column":5}},"25":{"start":{"line":62,"column":6},"end":{"line":62,"column":57}},"26":{"start":{"line":63,"column":6},"end":{"line":63,"column":13}},"27":{"start":{"line":66,"column":4},"end":{"line":66,"column":20}},"28":{"start":{"line":67,"column":4},"end":{"line":67,"column":17}},"29":{"start":{"line":69,"column":4},"end":{"line":97,"column":5}},"30":{"start":{"line":71,"column":26},"end":{"line":76,"column":7}},"31":{"start":{"line":79,"column":6},"end":{"line":79,"column":43}},"32":{"start":{"line":82,"column":6},"end":{"line":82,"column":26}},"33":{"start":{"line":83,"column":6},"end":{"line":83,"column":28}},"34":{"start":{"line":84,"column":6},"end":{"line":84,"column":24}},"35":{"start":{"line":87,"column":6},"end":{"line":87,"column":53}},"36":{"start":{"line":88,"column":6},"end":{"line":88,"column":50}},"37":{"start":{"line":91,"column":6},"end":{"line":91,"column":20}},"38":{"start":{"line":93,"column":6},"end":{"line":93,"column":69}},"39":{"start":{"line":94,"column":6},"end":{"line":94,"column":94}},"40":{"start":{"line":96,"column":6},"end":{"line":96,"column":23}},"41":{"start":{"line":103,"column":21},"end":{"line":127,"column":3}},"42":{"start":{"line":104,"column":4},"end":{"line":104,"column":21}},"43":{"start":{"line":105,"column":4},"end":{"line":105,"column":22}},"44":{"start":{"line":106,"column":4},"end":{"line":106,"column":17}},"45":{"start":{"line":108,"column":4},"end":{"line":126,"column":5}},"46":{"start":{"line":110,"column":21},"end":{"line":110,"column":74}},"47":{"start":{"line":111,"column":6},"end":{"line":111,"column":63}},"48":{"start":{"line":114,"column":6},"end":{"line":114,"column":26}},"49":{"start":{"line":115,"column":6},"end":{"line":115,"column":49}},"50":{"start":{"line":118,"column":6},"end":{"line":118,"column":20}},"51":{"start":{"line":120,"column":6},"end":{"line":120,"column":69}},"52":{"start":{"line":121,"column":6},"end":{"line":121,"column":90}},"53":{"start":{"line":122,"column":6},"end":{"line":122,"column":26}},"54":{"start":{"line":123,"column":6},"end":{"line":123,"column":50}},"55":{"start":{"line":125,"column":6},"end":{"line":125,"column":24}},"56":{"start":{"line":132,"column":23},"end":{"line":162,"column":3}},"57":{"start":{"line":133,"column":4},"end":{"line":133,"column":20}},"58":{"start":{"line":134,"column":4},"end":{"line":134,"column":17}},"59":{"start":{"line":136,"column":4},"end":{"line":161,"column":5}},"60":{"start":{"line":138,"column":6},"end":{"line":138,"column":58}},"61":{"start":{"line":141,"column":6},"end":{"line":141,"column":23}},"62":{"start":{"line":142,"column":6},"end":{"line":142,"column":23}},"63":{"start":{"line":143,"column":6},"end":{"line":143,"column":29}},"64":{"start":{"line":144,"column":6},"end":{"line":144,"column":24}},"65":{"start":{"line":147,"column":6},"end":{"line":147,"column":27}},"66":{"start":{"line":148,"column":6},"end":{"line":148,"column":28}},"67":{"start":{"line":151,"column":6},"end":{"line":151,"column":48}},"68":{"start":{"line":152,"column":6},"end":{"line":152,"column":44}},"69":{"start":{"line":155,"column":6},"end":{"line":155,"column":20}},"70":{"start":{"line":157,"column":6},"end":{"line":157,"column":71}},"71":{"start":{"line":158,"column":6},"end":{"line":158,"column":96}},"72":{"start":{"line":160,"column":6},"end":{"line":160,"column":23}},"73":{"start":{"line":164,"column":2},"end":{"line":274,"column":4}},"74":{"start":{"line":218,"column":25},"end":{"line":218,"column":53}},"75":{"start":{"line":227,"column":25},"end":{"line":227,"column":53}},"76":{"start":{"line":237,"column":25},"end":{"line":237,"column":50}}},"fnMap":{"0":{"name":"SmsProviderConfig","decl":{"start":{"line":9,"column":9},"end":{"line":9,"column":26}},"loc":{"start":{"line":9,"column":70},"end":{"line":275,"column":1}},"line":9},"1":{"name":"(anonymous_1)","decl":{"start":{"line":27,"column":12},"end":{"line":27,"column":13}},"loc":{"start":{"line":27,"column":18},"end":{"line":29,"column":3}},"line":27},"2":{"name":"(anonymous_2)","decl":{"start":{"line":32,"column":22},"end":{"line":32,"column":23}},"loc":{"start":{"line":32,"column":34},"end":{"line":48,"column":3}},"line":32},"3":{"name":"(anonymous_3)","decl":{"start":{"line":53,"column":31},"end":{"line":53,"column":32}},"loc":{"start":{"line":53,"column":38},"end":{"line":55,"column":3}},"line":53},"4":{"name":"(anonymous_4)","decl":{"start":{"line":60,"column":21},"end":{"line":60,"column":22}},"loc":{"start":{"line":60,"column":33},"end":{"line":98,"column":3}},"line":60},"5":{"name":"(anonymous_5)","decl":{"start":{"line":103,"column":21},"end":{"line":103,"column":22}},"loc":{"start":{"line":103,"column":33},"end":{"line":127,"column":3}},"line":103},"6":{"name":"(anonymous_6)","decl":{"start":{"line":132,"column":23},"end":{"line":132,"column":24}},"loc":{"start":{"line":132,"column":35},"end":{"line":162,"column":3}},"line":132},"7":{"name":"(anonymous_7)","decl":{"start":{"line":218,"column":18},"end":{"line":218,"column":19}},"loc":{"start":{"line":218,"column":25},"end":{"line":218,"column":53}},"line":218},"8":{"name":"(anonymous_8)","decl":{"start":{"line":227,"column":18},"end":{"line":227,"column":19}},"loc":{"start":{"line":227,"column":25},"end":{"line":227,"column":53}},"line":227},"9":{"name":"(anonymous_9)","decl":{"start":{"line":237,"column":18},"end":{"line":237,"column":19}},"loc":{"start":{"line":237,"column":25},"end":{"line":237,"column":50}},"line":237}},"branchMap":{"0":{"loc":{"start":{"line":9,"column":39},"end":{"line":9,"column":66}},"type":"default-arg","locations":[{"start":{"line":9,"column":57},"end":{"line":9,"column":66}}],"line":9},"1":{"loc":{"start":{"line":35,"column":20},"end":{"line":35,"column":54}},"type":"binary-expr","locations":[{"start":{"line":35,"column":20},"end":{"line":35,"column":45}},{"start":{"line":35,"column":49},"end":{"line":35,"column":54}}],"line":35},"2":{"loc":{"start":{"line":36,"column":16},"end":{"line":36,"column":51}},"type":"binary-expr","locations":[{"start":{"line":36,"column":16},"end":{"line":36,"column":37}},{"start":{"line":36,"column":41},"end":{"line":36,"column":51}}],"line":36},"3":{"loc":{"start":{"line":39,"column":6},"end":{"line":44,"column":7}},"type":"if","locations":[{"start":{"line":39,"column":6},"end":{"line":44,"column":7}},{"start":{},"end":{}}],"line":39},"4":{"loc":{"start":{"line":61,"column":4},"end":{"line":64,"column":5}},"type":"if","locations":[{"start":{"line":61,"column":4},"end":{"line":64,"column":5}},{"start":{},"end":{}}],"line":61},"5":{"loc":{"start":{"line":61,"column":8},"end":{"line":61,"column":32}},"type":"binary-expr","locations":[{"start":{"line":61,"column":8},"end":{"line":61,"column":18}},{"start":{"line":61,"column":22},"end":{"line":61,"column":32}}],"line":61},"6":{"loc":{"start":{"line":94,"column":15},"end":{"line":94,"column":92}},"type":"binary-expr","locations":[{"start":{"line":94,"column":15},"end":{"line":94,"column":43}},{"start":{"line":94,"column":47},"end":{"line":94,"column":60}},{"start":{"line":94,"column":64},"end":{"line":94,"column":92}}],"line":94},"7":{"loc":{"start":{"line":111,"column":20},"end":{"line":111,"column":61}},"type":"binary-expr","locations":[{"start":{"line":111,"column":20},"end":{"line":111,"column":34}},{"start":{"line":111,"column":38},"end":{"line":111,"column":61}}],"line":111},"8":{"loc":{"start":{"line":121,"column":15},"end":{"line":121,"column":88}},"type":"binary-expr","locations":[{"start":{"line":121,"column":15},"end":{"line":121,"column":43}},{"start":{"line":121,"column":47},"end":{"line":121,"column":60}},{"start":{"line":121,"column":64},"end":{"line":121,"column":88}}],"line":121},"9":{"loc":{"start":{"line":158,"column":15},"end":{"line":158,"column":94}},"type":"binary-expr","locations":[{"start":{"line":158,"column":15},"end":{"line":158,"column":43}},{"start":{"line":158,"column":47},"end":{"line":158,"column":60}},{"start":{"line":158,"column":64},"end":{"line":158,"column":94}}],"line":158},"10":{"loc":{"start":{"line":171,"column":9},"end":{"line":179,"column":9}},"type":"cond-expr","locations":[{"start":{"line":172,"column":10},"end":{"line":174,"column":18}},{"start":{"line":176,"column":10},"end":{"line":178,"column":18}}],"line":171},"11":{"loc":{"start":{"line":180,"column":9},"end":{"line":188,"column":9}},"type":"binary-expr","locations":[{"start":{"line":180,"column":9},"end":{"line":180,"column":19}},{"start":{"line":181,"column":10},"end":{"line":187,"column":18}}],"line":180},"12":{"loc":{"start":{"line":182,"column":22},"end":{"line":182,"column":94}},"type":"cond-expr","locations":[{"start":{"line":182,"column":44},"end":{"line":182,"column":53}},{"start":{"line":182,"column":56},"end":{"line":182,"column":94}}],"line":182},"13":{"loc":{"start":{"line":182,"column":56},"end":{"line":182,"column":94}},"type":"cond-expr","locations":[{"start":{"line":182,"column":78},"end":{"line":182,"column":85}},{"start":{"line":182,"column":88},"end":{"line":182,"column":94}}],"line":182},"14":{"loc":{"start":{"line":185,"column":13},"end":{"line":186,"column":63}},"type":"cond-expr","locations":[{"start":{"line":185,"column":35},"end":{"line":185,"column":43}},{"start":{"line":186,"column":13},"end":{"line":186,"column":63}}],"line":185},"15":{"loc":{"start":{"line":186,"column":13},"end":{"line":186,"column":63}},"type":"cond-expr","locations":[{"start":{"line":186,"column":35},"end":{"line":186,"column":48}},{"start":{"line":186,"column":51},"end":{"line":186,"column":63}}],"line":186},"16":{"loc":{"start":{"line":191,"column":7},"end":{"line":195,"column":7}},"type":"binary-expr","locations":[{"start":{"line":191,"column":7},"end":{"line":191,"column":12}},{"start":{"line":192,"column":8},"end":{"line":194,"column":16}}],"line":191},"17":{"loc":{"start":{"line":197,"column":7},"end":{"line":201,"column":7}},"type":"binary-expr","locations":[{"start":{"line":197,"column":7},"end":{"line":197,"column":17}},{"start":{"line":198,"column":8},"end":{"line":200,"column":16}}],"line":197},"18":{"loc":{"start":{"line":206,"column":17},"end":{"line":206,"column":31}},"type":"binary-expr","locations":[{"start":{"line":206,"column":17},"end":{"line":206,"column":25}},{"start":{"line":206,"column":29},"end":{"line":206,"column":31}}],"line":206},"19":{"loc":{"start":{"line":252,"column":11},"end":{"line":252,"column":40}},"type":"cond-expr","locations":[{"start":{"line":252,"column":20},"end":{"line":252,"column":31}},{"start":{"line":252,"column":34},"end":{"line":252,"column":40}}],"line":252},"20":{"loc":{"start":{"line":261,"column":11},"end":{"line":261,"column":42}},"type":"cond-expr","locations":[{"start":{"line":261,"column":21},"end":{"line":261,"column":33}},{"start":{"line":261,"column":36},"end":{"line":261,"column":42}}],"line":261}},"s":{"0":177,"1":177,"2":177,"3":177,"4":177,"5":177,"6":177,"7":177,"8":177,"9":177,"10":177,"11":18,"12":177,"13":22,"14":22,"15":21,"16":21,"17":21,"18":9,"19":9,"20":1,"21":177,"22":1,"23":177,"24":4,"25":2,"26":2,"27":2,"28":2,"29":2,"30":2,"31":2,"32":1,"33":1,"34":1,"35":1,"36":1,"37":1,"38":1,"39":1,"40":2,"41":177,"42":4,"43":4,"44":4,"45":4,"46":4,"47":2,"48":2,"49":2,"50":2,"51":2,"52":2,"53":2,"54":2,"55":4,"56":177,"57":2,"58":2,"59":2,"60":2,"61":1,"62":1,"63":1,"64":1,"65":1,"66":1,"67":1,"68":1,"69":1,"70":1,"71":1,"72":2,"73":177,"74":53,"75":56,"76":20},"f":{"0":177,"1":18,"2":22,"3":1,"4":4,"5":4,"6":2,"7":53,"8":56,"9":20},"b":{"0":[177],"1":[21,12],"2":[21,0],"3":[9,12],"4":[2,2],"5":[4,2],"6":[1,0,0],"7":[2,0],"8":[2,0,0],"9":[1,0,0],"10":[47,130],"11":[177,47],"12":[36,11],"13":[2,9],"14":[36,11],"15":[2,9],"16":[177,8],"17":[177,2],"18":[177,0],"19":[4,173],"20":[4,173]},"_coverageSchema":"1a1c01bbd47fc00a2c39e90264f33305004495a9","hash":"ccf035a20977049fdd7c2f225d57e5626408f0b
[...]
":{"start":{"line":182,"column":48},"end":{"line":185,"column":11}},"line":182},"11":{"name":"(anonymous_11)","decl":{"start":{"line":188,"column":43},"end":{"line":188,"column":44}},"loc":{"start":{"line":188,"column":52},"end":{"line":200,"column":11}},"line":188},"12":{"name":"(anonymous_12)","decl":{"start":{"line":210,"column":48},"end":{"line":210,"column":49}},"loc":{"start":{"line":210,"column":58},"end":{"line":215,"column":11}},"line":210},"13":{"name":"(anonymous_13)","decl":{"start":{"line":222,"column":46},"end":{"line":222,"column":47}},"loc":{"start":{"line":222,"column":56},"end":{"line":227,"column":9}},"line":222},"14":{"name":"(anonymous_14)","decl":{"start":{"line":242,"column":28},"end":{"line":242,"column":29}},"loc":{"start":{"line":242,"column":39},"end":{"line":248,"column":3}},"line":242},"15":{"name":"(anonymous_15)","decl":{"start":{"line":243,"column":26},"end":{"line":243,"column":27}},"loc":{"start":{"line":244,"column":6},"end":{"line":246,"column":7}},"line":244},"16":{"name":"(anonymous_16)","decl":{"start":{"line":244,"column":16},"end":{"line":244,"column":17}},"loc":{"start":{"line":245,"column":8},"end":{"line":245,"column":66}},"line":245},"17":{"name":"(anonymous_17)","decl":{"start":{"line":251,"column":32},"end":{"line":251,"column":33}},"loc":{"start":{"line":251,"column":44},"end":{"line":306,"column":3}},"line":251},"18":{"name":"(anonymous_18)","decl":{"start":{"line":265,"column":51},"end":{"line":265,"column":52}},"loc":{"start":{"line":265,"column":60},"end":{"line":268,"column":7}},"line":265},"19":{"name":"(anonymous_19)","decl":{"start":{"line":291,"column":17},"end":{"line":291,"column":18}},"loc":{"start":{"line":291,"column":23},"end":{"line":298,"column":7}},"line":291},"20":{"name":"(anonymous_20)","decl":{"start":{"line":338,"column":26},"end":{"line":338,"column":27}},"loc":{"start":{"line":338,"column":33},"end":{"line":338,"column":59}},"line":338},"21":{"name":"(anonymous_21)","decl":{"start":{"line":371,"column":37},"end":{"line":371,"column":38}},"loc":{"start":{"line":372,"column":16},"end":{"line":386,"column":18}},"line":372},"22":{"name":"(anonymous_22)","decl":{"start":{"line":377,"column":32},"end":{"line":377,"column":33}},"loc":{"start":{"line":377,"column":38},"end":{"line":377,"column":62}},"line":377},"23":{"name":"(anonymous_23)","decl":{"start":{"line":393,"column":24},"end":{"line":393,"column":25}},"loc":{"start":{"line":393,"column":31},"end":{"line":393,"column":57}},"line":393},"24":{"name":"(anonymous_24)","decl":{"start":{"line":406,"column":25},"end":{"line":406,"column":26}},"loc":{"start":{"line":406,"column":31},"end":{"line":406,"column":41}},"line":406}},"branchMap":{"0":{"loc":{"start":{"line":22,"column":2},"end":{"line":22,"column":24}},"type":"if","locations":[{"start":{"line":22,"column":2},"end":{"line":22,"column":24}},{"start":{},"end":{}}],"line":22},"1":{"loc":{"start":{"line":29,"column":2},"end":{"line":29,"column":24}},"type":"if","locations":[{"start":{"line":29,"column":2},"end":{"line":29,"column":24}},{"start":{},"end":{}}],"line":29},"2":{"loc":{"start":{"line":67,"column":6},"end":{"line":67,"column":32}},"type":"if","locations":[{"start":{"line":67,"column":6},"end":{"line":67,"column":32}},{"start":{},"end":{}}],"line":67},"3":{"loc":{"start":{"line":74,"column":6},"end":{"line":84,"column":7}},"type":"if","locations":[{"start":{"line":74,"column":6},"end":{"line":84,"column":7}},{"start":{"line":78,"column":13},"end":{"line":84,"column":7}}],"line":74},"4":{"loc":{"start":{"line":78,"column":13},"end":{"line":84,"column":7}},"type":"if","locations":[{"start":{"line":78,"column":13},"end":{"line":84,"column":7}},{"start":{"line":82,"column":13},"end":{"line":84,"column":7}}],"line":78},"5":{"loc":{"start":{"line":104,"column":30},"end":{"line":104,"column":56}},"type":"binary-expr","locations":[{"start":{"line":104,"column":30},"end":{"line":104,"column":50}},{"start":{"line":104,"column":54},"end":{"line":104,"column":56}}],"line":104},"6":{"loc":{"start":{"line":147,"column":6},"end":{"line":150,"column":7}},"type":"if","locations":[{"start":{"line":147,"column":6},"end":{"line":150,"column":7}},{"start":{},"end":{}}],"line":147},"7":{"loc":{"start":{"line":154,"column":22},"end":{"line":154,"column":61}},"type":"binary-expr","locations":[{"start":{"line":154,"column":22},"end":{"line":154,"column":30}},{"start":{"line":154,"column":34},"end":{"line":154,"column":61}}],"line":154},"8":{"loc":{"start":{"line":156,"column":6},"end":{"line":159,"column":7}},"type":"if","locations":[{"start":{"line":156,"column":6},"end":{"line":159,"column":7}},{"start":{},"end":{}}],"line":156},"9":{"loc":{"start":{"line":156,"column":10},"end":{"line":156,"column":30}},"type":"binary-expr","locations":[{"start":{"line":156,"column":10},"end":{"line":156,"column":18}},{"start":{"line":156,"column":22},"end":{"line":156,"column":30}}],"line":156},"10":{"loc":{"start":{"line":163,"column":6},"end":{"line":166,"column":7}},"type":"if","locations":[{"start":{"line":163,"column":6},"end":{"line":166,"column":7}},{"start":{},"end":{}}],"line":163},"11":{"loc":{"start":{"line":170,"column":21},"end":{"line":170,"column":48}},"type":"cond-expr","locations":[{"start":{"line":170,"column":31},"end":{"line":170,"column":38}},{"start":{"line":170,"column":41},"end":{"line":170,"column":48}}],"line":170},"12":{"loc":{"start":{"line":171,"column":16},"end":{"line":171,"column":83}},"type":"cond-expr","locations":[{"start":{"line":171,"column":26},"end":{"line":171,"column":53}},{"start":{"line":171,"column":56},"end":{"line":171,"column":83}}],"line":171},"13":{"loc":{"start":{"line":179,"column":8},"end":{"line":218,"column":9}},"type":"if","locations":[{"start":{"line":179,"column":8},"end":{"line":218,"column":9}},{"start":{"line":208,"column":15},"end":{"line":218,"column":9}}],"line":179},"14":{"loc":{"start":{"line":179,"column":12},"end":{"line":179,"column":76}},"type":"binary-expr","locations":[{"start":{"line":179,"column":12},"end":{"line":179,"column":21}},{"start":{"line":179,"column":25},"end":{"line":179,"column":43}},{"start":{"line":179,"column":47},"end":{"line":179,"column":76}}],"line":179},"15":{"loc":{"start":{"line":245,"column":8},"end":{"line":245,"column":66}},"type":"cond-expr","locations":[{"start":{"line":245,"column":22},"end":{"line":245,"column":59}},{"start":{"line":245,"column":62},"end":{"line":245,"column":66}}],"line":245},"16":{"loc":{"start":{"line":258,"column":27},"end":{"line":258,"column":78}},"type":"binary-expr","locations":[{"start":{"line":258,"column":27},"end":{"line":258,"column":59}},{"start":{"line":258,"column":63},"end":{"line":258,"column":78}}],"line":258},"17":{"loc":{"start":{"line":259,"column":28},"end":{"line":259,"column":82}},"type":"binary-expr","locations":[{"start":{"line":259,"column":28},"end":{"line":259,"column":57}},{"start":{"line":259,"column":61},"end":{"line":259,"column":82}}],"line":259},"18":{"loc":{"start":{"line":332,"column":9},"end":{"line":423,"column":9}},"type":"cond-expr","locations":[{"start":{"line":333,"column":10},"end":{"line":355,"column":17}},{"start":{"line":357,"column":10},"end":{"line":422,"column":18}}],"line":332},"19":{"loc":{"start":{"line":344,"column":15},"end":{"line":344,"column":63}},"type":"binary-expr","locations":[{"start":{"line":344,"column":15},"end":{"line":344,"column":20}},{"start":{"line":344,"column":24},"end":{"line":344,"column":63}}],"line":344},"20":{"loc":{"start":{"line":352,"column":17},"end":{"line":352,"column":76}},"type":"cond-expr","locations":[{"start":{"line":352,"column":33},"end":{"line":352,"column":63}},{"start":{"line":352,"column":66},"end":{"line":352,"column":76}}],"line":352},"21":{"loc":{"start":{"line":368,"column":13},"end":{"line":388,"column":13}},"type":"cond-expr","locations":[{"start":{"line":369,"column":14},"end":{"line":369,"column":74}},{"start":{"line":371,"column":14},"end":{"line":387,"column":16}}],"line":368},"22":{"loc":{"start":{"line":400,"column":13},"end":{"line":400,"column":61}},"type":"binary-expr","locations":[{"start":{"line":400,"column":13},"end":{"line":400,"column":18}},{"start":{"line":400,"column":22},"end":{"line":400,"column":61}}],"line":400},"23":{"loc":{"start":{"line":401,"column":13},"end":{"line":401,"column":67}},"type":"binary-expr","locations":[{"start":{"line":401,"column":13},"end":{"line":401,"column":20}},{"start":{"line":401,"column":24},"end":{"line":401,"column":67}}],"line":401},"24":{"loc":{"start":{"line":416,"column":26},"end":{"line":416,"column":68}},"type":"binary-expr","locations":[{"start":{"line":416,"column":26},"end":{"line":416,"column":33}},{"start":{"line":416,"column":37},"end":{"line":416,"column":68}}],"line":416},"25":{"loc":{"start":{"line":419,"column":17},"end":{"line":419,"column":96}},"type":"cond-expr","locations":[{"start":{"line":419,"column":27},"end":{"line":419,"column":57}},{"start":{"line":419,"column":60},"end":{"line":419,"column":96}}],"line":419}},"s":{"0":5,"1":0,"2":5,"3":5,"4":1,"5":0,"6":1,"7":83,"8":83,"9":83,"10":83,"11":83,"12":83,"13":83,"14":83,"15":83,"16":83,"17":83,"18":83,"19":83,"20":83,"21":83,"22":83,"23":83,"24":83,"25":83,"26":83,"27":83,"28":0,"29":0,"30":0,"31":0,"32":0,"33":0,"34":0,"35":0,"36":0,"37":0,"38":0,"39":0,"40":0,"41":0,"42":0,"43":0,"44":0,"45":0,"46":0,"47":0,"48":0,"49":0,"50":0,"51":83,"52":83,"53":19,"54":19,"55":19,"56":19,"57":8,"58":24,"59":8,"60":8,"61":11,"62":11,"63":19,"64":19,"65":83,"66":8,"67":8,"68":8,"69":8,"70":8,"71":1,"72":1,"73":7,"74":7,"75":7,"76":1,"77":1,"78":6,"79":6,"80":1,"81":1,"82":6,"83":6,"84":6,"85":6,"86":6,"87":6,"88":6,"89":6,"90":1,"91":1,"92":3,"93":3,"94":1,"95":3,"96":3,"97":3,"98":1,"99":1,"100":1,"101":1,"102":5,"103":15,"104":5,"105":0,"106":0,"107":0,"108":0,"109":6,"110":0,"111":0,"112":8,"113":83,"114":1,"115":1,"116":3,"117":83,"118":2,"119":2,"120":2,"121":2,"122":2,"123":2,"124":2,"125":2,"126":6,"127":2,"128":2,"129":1,"130":1,"131":1,"132":0,"133":0,"134":0,"135":0,"136":0,"137":0,"138":1,"139":1,"140":2,"141":83,"142":7,"143":36,"144":1,"145":1,"146":1},"f":{"0":5,"1":1,"2":83,"3":83,"4":83,"5":83,"6":19,"7":19,"8":24,"9":8,"10":3,"11":3,"12":15,"13":0,"14":1,"15":1,"16":3,"17":2,"18":6,"19":0,"20":7,"21":36,"22":1,"23":1,"24":1},"b":{"0":[0,5],"1":[0,1],"2":[83,0],"3":[0,0],"4":[0,0],"5":[0,0],"6":[1,7],"7":[7,2],"8":[1,6],"9":[7,2],"10":[1,5],"11":[5,1],"12":[5,1],"13":[1,5],"14":[6,6,6],"15":[1,2],"16":[2,2],"17":[2,2],"18":[71,12],"19":[71,24],"20":[9,62],"21":[0,12],"22":[12,1],"23":[12,2],"24":[12,10],"25":[2,10]},"_coverageSchema":"1a1c01bbd47fc00a2c39e90264f33305004495a9","hash":"51d4ed46e8eb6c52f14bccd15b4f7055b69724c2"}
,"/home/johnj/CascadeProjects/optin-manager/frontend/src/utils/auth.js": {"path":"/home/johnj/CascadeProjects/optin-manager/frontend/src/utils/auth.js","statementMap":{"0":{"start":{"line":4,"column":2},"end":{"line":4,"column":26}},"1":{"start":{"line":4,"column":14},"end":{"line":4,"column":26}},"2":{"start":{"line":5,"column":2},"end":{"line":11,"column":3}},"3":{"start":{"line":6,"column":22},"end":{"line":6,"column":41}},"4":{"start":{"line":7,"column":19},"end":{"line":7,"column":66}},"5":{"start":{"line":8,"column":4},"end":{"line":8,"column":36}},"6":{"start":{"line":10,"column":4},"end":{"line":10,"column":16}},"7":{"start":{"line":15,"column":18},"end":{"line":15,"column":33}},"8":{"start":{"line":16,"column":2},"end":{"line":16,"column":32}},"9":{"start":{"line":20,"column":2},"end":{"line":20,"column":45}},"10":{"start":{"line":24,"column":2},"end":{"line":24,"column":47}},"11":{"start":{"line":28,"column":18},"end":{"line":28,"column":33}},"12":{"start":{"line":29,"column":2},"end":{"line":29,"column":29}},"13":{"start":{"line":29,"column":16},"end":{"line":29,"column":29}},"14":{"start":{"line":32,"column":2},"end":{"line":39,"column":3}},"15":{"start":{"line":34,"column":24},"end":{"line":34,"column":53}},"16":{"start":{"line":35,"column":4},"end":{"line":38,"column":5}},"17":{"start":{"line":37,"column":6},"end":{"line":37,"column":19}},"18":{"start":{"line":41,"column":2},"end":{"line":41,"column":25}}},"fnMap":{"0":{"name":"parseJwt","decl":{"start":{"line":3,"column":16},"end":{"line":3,"column":24}},"loc":{"start":{"line":3,"column":32},"end":{"line":12,"column":1}},"line":3},"1":{"name":"getRoleFromToken","decl":{"start":{"line":14,"column":16},"end":{"line":14,"column":32}},"loc":{"start":{"line":14,"column":40},"end":{"line":17,"column":1}},"line":14},"2":{"name":"isAdmin","decl":{"start":{"line":19,"column":16},"end":{"line":19,"column":23}},"loc":{"start":{"line":19,"column":31},"end":{"line":21,"column":1}},"line":19},"3":{"name":"isSupport","decl":{"start":{"line":23,"column":16},"end":{"line":23,"column":25}},"loc":{"start":{"line":23,"column":33},"end":{"line":25,"column":1}},"line":23},"4":{"name":"isAuthenticated","decl":{"start":{"line":27,"column":16},"end":{"line":27,"column":31}},"loc":{"start":{"line":27,"column":39},"end":{"line":42,"column":1}},"line":27}},"branchMap":{"0":{"loc":{"start":{"line":4,"column":2},"end":{"line":4,"column":26}},"type":"if","locations":[{"start":{"line":4,"column":2},"end":{"line":4,"column":26}},{"start":{},"end":{}}],"line":4},"1":{"loc":{"start":{"line":16,"column":9},"end":{"line":16,"column":31}},"type":"binary-expr","locations":[{"start":{"line":16,"column":9},"end":{"line":16,"column":23}},{"start":{"line":16,"column":27},"end":{"line":16,"column":31}}],"line":16},"2":{"loc":{"start":{"line":29,"column":2},"end":{"line":29,"column":29}},"type":"if","locations":[{"start":{"line":29,"column":2},"end":{"line":29,"column":29}},{"start":{},"end":{}}],"line":29},"3":{"loc":{"start":{"line":32,"column":2},"end":{"line":39,"column":3}},"type":"if","locations":[{"start":{"line":32,"column":2},"end":{"line":39,"column":3}},{"start":{},"end":{}}],"line":32},"4":{"loc":{"start":{"line":35,"column":4},"end":{"line":38,"column":5}},"type":"if","locations":[{"start":{"line":35,"column":4},"end":{"line":38,"column":5}},{"start":{},"end":{}}],"line":35}},"s":{"0":20,"1":5,"2":15,"3":15,"4":15,"5":10,"6":5,"7":12,"8":12,"9":4,"10":4,"11":5,"12":5,"13":2,"14":3,"15":3,"16":3,"17":1,"18":2},"f":{"0":20,"1":12,"2":4,"3":4,"4":5},"b":{"0":[5,15],"1":[12,6],"2":[2,3],"3":[3,0],"4":[1,2]},"_coverageSchema":"1a1c01bbd47fc00a2c39e90264f33305004495a9","hash":"fd8984a40ac7699a9c75fd9db7c935522e015b47"}
,"/home/johnj/CascadeProjects/optin-manager/frontend/src/utils/phoneUtils.js": {"path":"/home/johnj/CascadeProjects/optin-manager/frontend/src/utils/phoneUtils.js","statementMap":{"0":{"start":{"line":13,"column":2},"end":{"line":13,"column":30}},"1":{"start":{"line":13,"column":20},"end":{"line":13,"column":30}},"2":{"start":{"line":16,"column":19},"end":{"line":16,"column":49}},"3":{"start":{"line":19,"column":25},"end":{"line":19,"column":79}},"4":{"start":{"line":22,"column":2},"end":{"line":40,"column":3}},"5":{"start":{"line":24,"column":4},"end":{"line":30,"column":5}},"6":{"start":{"line":25,"column":6},"end":{"line":25,"column":31}},"7":{"start":{"line":28,"column":9},"end":{"line":30,"column":5}},"8":{"start":{"line":29,"column":6},"end":{"line":29,"column":31}},"9":{"start":{"line":33,"column":4},"end":{"line":39,"column":5}},"10":{"start":{"line":34,"column":6},"end":{"line":34,"column":30}},"11":{"start":{"line":37,"column":9},"end":{"line":39,"column":5}},"12":{"start":{"line":38,"column":6},"end":{"line":38,"column":30}},"13":{"start":{"line":43,"column":2},"end":{"line":43,"column":26}},"14":{"start":{"line":53,"column":2},"end":{"line":53,"column":33}},"15":{"start":{"line":53,"column":20},"end":{"line":53,"column":33}},"16":{"start":{"line":56,"column":21},"end":{"line":56,"column":51}},"17":{"start":{"line":57,"column":2},"end":{"line":57,"column":32}}},"fnMap":{"0":{"name":"formatPhoneToE164","decl":{"start":{"line":12,"column":16},"end":{"line":12,"column":33}},"loc":{"start":{"line":12,"column":47},"end":{"line":44,"column":1}},"line":12},"1":{"name":"isValidPhoneNumber","decl":{"start":{"line":52,"column":16},"end":{"line":52,"column":34}},"loc":{"start":{"line":52,"column":48},"end":{"line":58,"column":1}},"line":52}},"branchMap":{"0":{"loc":{"start":{"line":13,"column":2},"end":{"line":13,"column":30}},"type":"if","locations":[{"start":{"line":13,"column":2},"end":{"line":13,"column":30}},{"start":{},"end":{}}],"line":13},"1":{"loc":{"start":{"line":19,"column":25},"end":{"line":19,"column":79}},"type":"binary-expr","locations":[{"start":{"line":19,"column":25},"end":{"line":19,"column":52}},{"start":{"line":19,"column":56},"end":{"line":19,"column":79}}],"line":19},"2":{"loc":{"start":{"line":22,"column":2},"end":{"line":40,"column":3}},"type":"if","locations":[{"start":{"line":22,"column":2},"end":{"line":40,"column":3}},{"start":{"line":31,"column":9},"end":{"line":40,"column":3}}],"line":22},"3":{"loc":{"start":{"line":24,"column":4},"end":{"line":30,"column":5}},"type":"if","locations":[{"start":{"line":24,"column":4},"end":{"line":30,"column":5}},{"start":{"line":28,"column":9},"end":{"line":30,"column":5}}],"line":24},"4":{"loc":{"start":{"line":28,"column":9},"end":{"line":30,"column":5}},"type":"if","locations":[{"start":{"line":28,"column":9},"end":{"line":30,"column":5}},{"start":{},"end":{}}],"line":28},"5":{"loc":{"start":{"line":33,"column":4},"end":{"line":39,"column":5}},"type":"if","locations":[{"start":{"line":33,"column":4},"end":{"line":39,"column":5}},{"start":{"line":37,"column":9},"end":{"line":39,"column":5}}],"line":33},"6":{"loc":{"start":{"line":37,"column":9},"end":{"line":39,"column":5}},"type":"if","locations":[{"start":{"line":37,"column":9},"end":{"line":39,"column":5}},{"start":{},"end":{}}],"line":37},"7":{"loc":{"start":{"line":53,"column":2},"end":{"line":53,"column":33}},"type":"if","locations":[{"start":{"line":53,"column":2},"end":{"line":53,"column":33}},{"start":{},"end":{}}],"line":53}},"s":{"0":14,"1":3,"2":11,"3":11,"4":11,"5":6,"6":4,"7":2,"8":2,"9":5,"10":2,"11":3,"12":3,"13":0,"14":14,"15":3,"16":11,"17":11},"f":{"0":14,"1":14},"b":{"0":[3,11],"1":[11,9],"2":[6,5],"3":[4,2],"4":[2,0],"5":[2,3],"6":[3,0],"7":[3,11]},"_coverageSchema":"1a1c01bbd47fc00a2c39e90264f33305004495a9","hash":"af156fbf7393b1a66c0857c9cdad4a8daa38f514"}
,"/home/johnj/CascadeProjects/optin-manager/frontend/src/utils/urlUtils.js": {"path":"/home/johnj/CascadeProjects/optin-manager/frontend/src/utils/urlUtils.js","statementMap":{"0":{"start":{"line":16,"column":2},"end":{"line":16,"column":28}},"1":{"start":{"line":16,"column":16},"end":{"line":16,"column":28}},"2":{"start":{"line":19,"column":2},"end":{"line":22,"column":3}},"3":{"start":{"line":20,"column":24},"end":{"line":20,"column":61}},"4":{"start":{"line":21,"column":4},"end":{"line":21,"column":38}},"5":{"start":{"line":25,"column":20},"end":{"line":25,"column":40}},"6":{"start":{"line":26,"column":2},"end":{"line":26,"column":37}}},"fnMap":{"0":{"name":"processLogoUrl","decl":{"start":{"line":15,"column":16},"end":{"line":15,"column":30}},"loc":{"start":{"line":15,"column":40},"end":{"line":27,"column":1}},"line":15}},"branchMap":{"0":{"loc":{"start":{"line":16,"column":2},"end":{"line":16,"column":28}},"type":"if","locations":[{"start":{"line":16,"column":2},"end":{"line":16,"column":28}},{"start":{},"end":{}}],"line":16},"1":{"loc":{"start":{"line":19,"column":2},"end":{"line":22,"column":3}},"type":"if","locations":[{"start":{"line":19,"column":2},"end":{"line":22,"column":3}},{"start":{},"end":{}}],"line":19},"2":{"loc":{"start":{"line":19,"column":6},"end":{"line":19,"column":57}},"type":"binary-expr","locations":[{"start":{"line":19,"column":6},"end":{"line":19,"column":29}},{"start":{"line":19,"column":33},"end":{"line":19,"column":57}}],"line":19}},"s":{"0":7,"1":3,"2":4,"3":1,"4":1,"5":4,"6":4},"f":{"0":7},"b":{"0":[3,4],"1":[1,3],"2":[4,1]},"_coverageSchema":"1a1c01bbd47fc00a2c39e90264f33305004495a9","hash":"4ad022863a8c20d3881854ef79dbe55cc32fab0d"}
}
