TN:
SF:src/App.jsx
FN:76,App
FN:87,(anonymous_1)
FN:88,(anonymous_2)
FN:116,(anonymous_3)
FN:127,(anonymous_4)
FN:169,(anonymous_5)
FNF:6
FNH:0
FNDA:0,App
FNDA:0,(anonymous_1)
FNDA:0,(anonymous_2)
FNDA:0,(anonymous_3)
FNDA:0,(anonymous_4)
FNDA:0,(anonymous_5)
DA:47,0
DA:78,0
DA:80,0
DA:81,0
DA:82,0
DA:83,0
DA:84,0
DA:87,0
DA:88,0
DA:89,0
DA:91,0
DA:92,0
DA:94,0
DA:96,0
DA:97,0
DA:98,0
DA:102,0
DA:103,0
DA:105,0
DA:106,0
DA:108,0
DA:111,0
DA:112,0
DA:113,0
DA:114,0
DA:117,0
DA:119,0
DA:124,0
DA:127,0
DA:129,0
DA:169,0
LF:31
LH:0
BRDA:89,0,0,0
BRDA:89,0,1,0
BRDA:91,1,0,0
BRDA:91,1,1,0
BRDA:94,2,0,0
BRDA:94,2,1,0
BRDA:94,3,0,0
BRDA:94,3,1,0
BRDA:94,3,2,0
BRDA:111,4,0,0
BRDA:111,4,1,0
BRDA:112,5,0,0
BRDA:112,5,1,0
BRDA:113,6,0,0
BRDA:113,6,1,0
BRDA:114,7,0,0
BRDA:114,7,1,0
BRDA:124,8,0,0
BRDA:124,8,1,0
BRDA:125,9,0,0
BRDA:125,9,1,0
BRDA:125,10,0,0
BRDA:125,10,1,0
BRDA:179,11,0,0
BRDA:179,11,1,0
BRDA:180,12,0,0
BRDA:180,12,1,0
BRF:27
BRH:0
end_of_record
TN:
SF:src/api.js
FN:45,(anonymous_0)
FN:93,(anonymous_1)
FN:145,(anonymous_2)
FN:166,(anonymous_3)
FN:173,(anonymous_4)
FN:177,(anonymous_5)
FN:210,(anonymous_6)
FN:236,(anonymous_7)
FN:286,(anonymous_8)
FN:312,(anonymous_9)
FN:359,(anonymous_10)
FN:398,(anonymous_11)
FN:417,(anonymous_12)
FN:439,(anonymous_13)
FNF:14
FNH:0
FNDA:0,(anonymous_0)
FNDA:0,(anonymous_1)
FNDA:0,(anonymous_2)
FNDA:0,(anonymous_3)
FNDA:0,(anonymous_4)
FNDA:0,(anonymous_5)
FNDA:0,(anonymous_6)
FNDA:0,(anonymous_7)
FNDA:0,(anonymous_8)
FNDA:0,(anonymous_9)
FNDA:0,(anonymous_10)
FNDA:0,(anonymous_11)
FNDA:0,(anonymous_12)
FNDA:0,(anonymous_13)
DA:29,0
DA:45,0
DA:46,0
DA:47,0
DA:49,0
DA:50,0
DA:51,0
DA:54,0
DA:55,0
DA:57,0
DA:58,0
DA:59,0
DA:63,0
DA:65,0
DA:67,0
DA:93,0
DA:94,0
DA:95,0
DA:96,0
DA:97,0
DA:98,0
DA:99,0
DA:100,0
DA:101,0
DA:103,0
DA:106,0
DA:107,0
DA:109,0
DA:110,0
DA:111,0
DA:114,0
DA:116,0
DA:122,0
DA:123,0
DA:125,0
DA:126,0
DA:127,0
DA:145,0
DA:147,0
DA:152,0
DA:166,0
DA:167,0
DA:168,0
DA:169,0
DA:170,0
DA:173,0
DA:174,0
DA:177,0
DA:178,0
DA:181,0
DA:182,0
DA:184,0
DA:185,0
DA:186,0
DA:189,0
DA:190,0
DA:191,0
DA:192,0
DA:194,0
DA:195,0
DA:201,0
DA:202,0
DA:204,0
DA:205,0
DA:206,0
DA:210,0
DA:211,0
DA:212,0
DA:236,0
DA:241,0
DA:242,0
DA:243,0
DA:244,0
DA:246,0
DA:249,0
DA:250,0
DA:251,0
DA:253,0
DA:257,0
DA:258,0
DA:260,0
DA:263,0
DA:270,0
DA:286,0
DA:288,0
DA:291,0
DA:296,0
DA:312,0
DA:313,0
DA:315,0
DA:317,0
DA:320,0
DA:321,0
DA:324,0
DA:325,0
DA:329,0
DA:333,0
DA:334,0
DA:335,0
DA:337,0
DA:338,0
DA:359,0
DA:361,0
DA:367,0
DA:370,0
DA:371,0
DA:374,0
DA:375,0
DA:398,0
DA:399,0
DA:400,0
DA:405,0
DA:417,0
DA:418,0
DA:419,0
DA:422,0
DA:439,0
DA:440,0
DA:441,0
DA:442,0
DA:443,0
DA:444,0
DA:449,0
LF:123
LH:0
BRDA:47,0,0,0
BRDA:47,0,1,0
BRDA:54,1,0,0
BRDA:54,1,1,0
BRDA:54,2,0,0
BRDA:54,2,1,0
BRDA:57,3,0,0
BRDA:57,3,1,0
BRDA:57,4,0,0
BRDA:57,4,1,0
BRDA:57,4,2,0
BRDA:65,5,0,0
BRDA:65,5,1,0
BRDA:95,6,0,0
BRDA:95,6,1,0
BRDA:96,7,0,0
BRDA:96,7,1,0
BRDA:97,8,0,0
BRDA:97,8,1,0
BRDA:98,9,0,0
BRDA:98,9,1,0
BRDA:99,10,0,0
BRDA:99,10,1,0
BRDA:100,11,0,0
BRDA:100,11,1,0
BRDA:101,12,0,0
BRDA:101,12,1,0
BRDA:106,13,0,0
BRDA:106,13,1,0
BRDA:107,14,0,0
BRDA:107,14,1,0
BRDA:109,15,0,0
BRDA:109,15,1,0
BRDA:125,16,0,0
BRDA:125,16,1,0
BRDA:166,17,0,0
BRDA:168,18,0,0
BRDA:168,18,1,0
BRDA:182,19,0,0
BRDA:182,19,1,0
BRDA:184,20,0,0
BRDA:184,20,1,0
BRDA:190,21,0,0
BRDA:190,21,1,0
BRDA:191,22,0,0
BRDA:191,22,1,0
BRDA:192,23,0,0
BRDA:192,23,1,0
BRDA:204,24,0,0
BRDA:204,24,1,0
BRDA:241,25,0,0
BRDA:241,25,1,0
BRDA:241,26,0,0
BRDA:241,26,1,0
BRDA:243,27,0,0
BRDA:243,27,1,0
BRDA:246,28,0,0
BRDA:246,28,1,0
BRDA:246,29,0,0
BRDA:246,29,1,0
BRDA:253,30,0,0
BRDA:253,30,1,0
BRDA:253,31,0,0
BRDA:253,31,1,0
BRDA:288,32,0,0
BRDA:288,32,1,0
BRDA:288,33,0,0
BRDA:288,33,1,0
BRDA:313,34,0,0
BRDA:313,34,1,0
BRDA:313,35,0,0
BRDA:313,35,1,0
BRDA:320,36,0,0
BRDA:320,36,1,0
BRDA:324,37,0,0
BRDA:324,37,1,0
BRDA:337,38,0,0
BRDA:337,38,1,0
BRDA:359,39,0,0
BRDA:367,40,0,0
BRDA:367,40,1,0
BRDA:367,41,0,0
BRDA:367,41,1,0
BRDA:370,42,0,0
BRDA:370,42,1,0
BRDA:371,43,0,0
BRDA:371,43,1,0
BRDA:442,44,0,0
BRDA:442,44,1,0
BRDA:443,45,0,0
BRDA:443,45,1,0
BRF:91
BRH:0
end_of_record
TN:
SF:src/theme.js
FN:32,(anonymous_0)
FNF:1
FNH:0
FNDA:0,(anonymous_0)
DA:32,0
DA:33,0
LF:2
LH:0
BRDA:36,0,0,0
BRDA:36,0,1,0
BRDA:37,1,0,0
BRDA:37,1,1,0
BRF:4
BRH:0
end_of_record
TN:
SF:src/api/providerSecrets.js
FN:5,(anonymous_0)
FN:20,(anonymous_1)
FN:30,(anonymous_2)
FN:42,(anonymous_3)
FNF:4
FNH:0
FNDA:0,(anonymous_0)
FNDA:0,(anonymous_1)
FNDA:0,(anonymous_2)
FNDA:0,(anonymous_3)
DA:3,0
DA:5,0
DA:6,0
DA:7,0
DA:20,0
DA:21,0
DA:22,0
DA:27,0
DA:30,0
DA:31,0
DA:32,0
DA:34,0
DA:39,0
DA:42,0
DA:43,0
DA:44,0
DA:49,0
LF:17
LH:0
BRDA:15,0,0,0
BRDA:15,0,1,0
BRDA:24,1,0,0
BRDA:24,1,1,0
BRDA:36,2,0,0
BRDA:36,2,1,0
BRDA:46,3,0,0
BRDA:46,3,1,0
BRF:8
BRH:0
end_of_record
TN:
SF:src/components/AppHeader.jsx
FN:58,AppHeader
FN:66,(anonymous_1)
FN:73,(anonymous_2)
FN:82,(anonymous_3)
FN:83,(anonymous_4)
FN:89,(anonymous_5)
FN:97,(anonymous_6)
FN:106,(anonymous_7)
FN:124,(anonymous_8)
FN:141,(anonymous_9)
FN:141,(anonymous_10)
FN:142,(anonymous_11)
FN:163,(anonymous_12)
FN:214,(anonymous_13)
FNF:14
FNH:0
FNDA:0,AppHeader
FNDA:0,(anonymous_1)
FNDA:0,(anonymous_2)
FNDA:0,(anonymous_3)
FNDA:0,(anonymous_4)
FNDA:0,(anonymous_5)
FNDA:0,(anonymous_6)
FNDA:0,(anonymous_7)
FNDA:0,(anonymous_8)
FNDA:0,(anonymous_9)
FNDA:0,(anonymous_10)
FNDA:0,(anonymous_11)
FNDA:0,(anonymous_12)
FNDA:0,(anonymous_13)
DA:59,0
DA:60,0
DA:66,0
DA:67,0
DA:73,0
DA:74,0
DA:76,0
DA:77,0
DA:82,0
DA:83,0
DA:84,0
DA:87,0
DA:88,0
DA:89,0
DA:90,0
DA:91,0
DA:92,0
DA:93,0
DA:94,0
DA:97,0
DA:98,0
DA:99,0
DA:102,0
DA:103,0
DA:104,0
DA:106,0
DA:107,0
DA:108,0
DA:109,0
DA:110,0
DA:111,0
DA:118,0
DA:120,0
DA:124,0
DA:125,0
DA:126,0
DA:128,0
DA:129,0
DA:131,0
DA:137,0
DA:138,0
DA:139,0
DA:141,0
DA:142,0
DA:144,0
DA:164,0
DA:215,0
LF:47
LH:0
BRDA:58,0,0,0
BRDA:84,1,0,0
BRDA:84,1,1,0
BRDA:84,2,0,0
BRDA:84,2,1,0
BRDA:87,3,0,0
BRDA:87,3,1,0
BRDA:107,4,0,0
BRDA:107,4,1,0
BRDA:108,5,0,0
BRDA:108,5,1,0
BRDA:109,6,0,0
BRDA:109,6,1,0
BRDA:110,7,0,0
BRDA:110,7,1,0
BRDA:111,8,0,0
BRDA:111,8,1,0
BRDA:126,9,0,0
BRDA:126,9,1,0
BRDA:129,10,0,0
BRDA:129,10,1,0
BRDA:132,11,0,0
BRDA:132,11,1,0
BRDA:132,11,2,0
BRDA:133,12,0,0
BRDA:133,12,1,0
BRDA:147,13,0,0
BRDA:147,13,1,0
BRDA:155,14,0,0
BRDA:155,14,1,0
BRDA:172,15,0,0
BRDA:172,15,1,0
BRDA:177,16,0,0
BRDA:177,16,1,0
BRDA:219,17,0,0
BRDA:219,17,1,0
BRDA:223,18,0,0
BRDA:223,18,1,0
BRF:38
BRH:0
end_of_record
TN:
SF:src/components/BrandingSection.jsx
FN:45,BrandingSection
FN:53,(anonymous_1)
FN:54,(anonymous_2)
FN:64,(anonymous_3)
FN:65,(anonymous_4)
FNF:5
FNH:0
FNDA:0,BrandingSection
FNDA:0,(anonymous_1)
FNDA:0,(anonymous_2)
FNDA:0,(anonymous_3)
FNDA:0,(anonymous_4)
DA:48,0
DA:53,0
DA:54,0
DA:64,0
DA:65,0
LF:5
LH:0
BRDA:55,0,0,0
BRDA:55,0,1,0
BRDA:67,1,0,0
BRDA:67,1,1,0
BRF:4
BRH:0
end_of_record
TN:
SF:src/components/EmailProviderConfig.jsx
FN:9,EmailProviderConfig
FN:28,(anonymous_1)
FN:33,(anonymous_2)
FN:54,(anonymous_3)
FN:61,(anonymous_4)
FN:97,(anonymous_5)
FN:126,(anonymous_6)
FN:213,(anonymous_7)
FN:222,(anonymous_8)
FN:232,(anonymous_9)
FN:241,(anonymous_10)
FNF:11
FNH:0
FNDA:0,EmailProviderConfig
FNDA:0,(anonymous_1)
FNDA:0,(anonymous_2)
FNDA:0,(anonymous_3)
FNDA:0,(anonymous_4)
FNDA:0,(anonymous_5)
FNDA:0,(anonymous_6)
FNDA:0,(anonymous_7)
FNDA:0,(anonymous_8)
FNDA:0,(anonymous_9)
FNDA:0,(anonymous_10)
DA:11,0
DA:12,0
DA:13,0
DA:14,0
DA:15,0
DA:18,0
DA:19,0
DA:20,0
DA:21,0
DA:24,0
DA:25,0
DA:28,0
DA:29,0
DA:33,0
DA:34,0
DA:35,0
DA:36,0
DA:37,0
DA:40,0
DA:43,0
DA:44,0
DA:47,0
DA:54,0
DA:55,0
DA:61,0
DA:62,0
DA:63,0
DA:65,0
DA:67,0
DA:76,0
DA:79,0
DA:80,0
DA:81,0
DA:84,0
DA:85,0
DA:87,0
DA:88,0
DA:90,0
DA:97,0
DA:98,0
DA:99,0
DA:100,0
DA:102,0
DA:104,0
DA:105,0
DA:108,0
DA:109,0
DA:112,0
DA:114,0
DA:115,0
DA:116,0
DA:117,0
DA:119,0
DA:126,0
DA:127,0
DA:128,0
DA:130,0
DA:132,0
DA:135,0
DA:136,0
DA:137,0
DA:138,0
DA:139,0
DA:142,0
DA:143,0
DA:146,0
DA:147,0
DA:150,0
DA:152,0
DA:153,0
DA:155,0
DA:159,0
DA:213,0
DA:222,0
DA:232,0
DA:241,0
LF:76
LH:0
BRDA:9,0,0,0
BRDA:36,1,0,0
BRDA:36,1,1,0
BRDA:37,2,0,0
BRDA:37,2,1,0
BRDA:40,3,0,0
BRDA:40,3,1,0
BRDA:88,4,0,0
BRDA:88,4,1,0
BRDA:88,4,2,0
BRDA:105,5,0,0
BRDA:105,5,1,0
BRDA:115,6,0,0
BRDA:115,6,1,0
BRDA:115,6,2,0
BRDA:153,7,0,0
BRDA:153,7,1,0
BRDA:153,7,2,0
BRDA:166,8,0,0
BRDA:166,8,1,0
BRDA:175,9,0,0
BRDA:175,9,1,0
BRDA:177,10,0,0
BRDA:177,10,1,0
BRDA:177,11,0,0
BRDA:177,11,1,0
BRDA:180,12,0,0
BRDA:180,12,1,0
BRDA:181,13,0,0
BRDA:181,13,1,0
BRDA:186,14,0,0
BRDA:186,14,1,0
BRDA:192,15,0,0
BRDA:192,15,1,0
BRDA:201,16,0,0
BRDA:201,16,1,0
BRDA:254,17,0,0
BRDA:254,17,1,0
BRDA:260,18,0,0
BRDA:260,18,1,0
BRDA:263,19,0,0
BRDA:263,19,1,0
BRF:42
BRH:0
end_of_record
TN:
SF:src/components/ProtectedRoute.jsx
FN:36,ProtectedRoute
FNF:1
FNH:0
FNDA:0,ProtectedRoute
DA:37,0
DA:38,0
DA:40,0
LF:3
LH:0
BRDA:38,0,0,0
BRDA:38,0,1,0
BRF:2
BRH:0
end_of_record
TN:
SF:src/components/SmsProviderConfig.jsx
FN:9,SmsProviderConfig
FN:27,(anonymous_1)
FN:32,(anonymous_2)
FN:53,(anonymous_3)
FN:60,(anonymous_4)
FN:103,(anonymous_5)
FN:132,(anonymous_6)
FN:218,(anonymous_7)
FN:227,(anonymous_8)
FN:237,(anonymous_9)
FNF:10
FNH:0
FNDA:0,SmsProviderConfig
FNDA:0,(anonymous_1)
FNDA:0,(anonymous_2)
FNDA:0,(anonymous_3)
FNDA:0,(anonymous_4)
FNDA:0,(anonymous_5)
FNDA:0,(anonymous_6)
FNDA:0,(anonymous_7)
FNDA:0,(anonymous_8)
FNDA:0,(anonymous_9)
DA:11,0
DA:12,0
DA:13,0
DA:14,0
DA:17,0
DA:18,0
DA:19,0
DA:20,0
DA:23,0
DA:24,0
DA:27,0
DA:28,0
DA:32,0
DA:33,0
DA:34,0
DA:35,0
DA:36,0
DA:39,0
DA:42,0
DA:43,0
DA:46,0
DA:53,0
DA:54,0
DA:60,0
DA:61,0
DA:62,0
DA:63,0
DA:66,0
DA:67,0
DA:69,0
DA:71,0
DA:79,0
DA:82,0
DA:83,0
DA:84,0
DA:87,0
DA:88,0
DA:91,0
DA:93,0
DA:94,0
DA:96,0
DA:103,0
DA:104,0
DA:105,0
DA:106,0
DA:108,0
DA:110,0
DA:111,0
DA:114,0
DA:115,0
DA:118,0
DA:120,0
DA:121,0
DA:122,0
DA:123,0
DA:125,0
DA:132,0
DA:133,0
DA:134,0
DA:136,0
DA:138,0
DA:141,0
DA:142,0
DA:143,0
DA:144,0
DA:147,0
DA:148,0
DA:151,0
DA:152,0
DA:155,0
DA:157,0
DA:158,0
DA:160,0
DA:164,0
DA:218,0
DA:227,0
DA:237,0
LF:77
LH:0
BRDA:9,0,0,0
BRDA:35,1,0,0
BRDA:35,1,1,0
BRDA:36,2,0,0
BRDA:36,2,1,0
BRDA:39,3,0,0
BRDA:39,3,1,0
BRDA:61,4,0,0
BRDA:61,4,1,0
BRDA:61,5,0,0
BRDA:61,5,1,0
BRDA:94,6,0,0
BRDA:94,6,1,0
BRDA:94,6,2,0
BRDA:111,7,0,0
BRDA:111,7,1,0
BRDA:121,8,0,0
BRDA:121,8,1,0
BRDA:121,8,2,0
BRDA:158,9,0,0
BRDA:158,9,1,0
BRDA:158,9,2,0
BRDA:171,10,0,0
BRDA:171,10,1,0
BRDA:180,11,0,0
BRDA:180,11,1,0
BRDA:182,12,0,0
BRDA:182,12,1,0
BRDA:182,13,0,0
BRDA:182,13,1,0
BRDA:185,14,0,0
BRDA:185,14,1,0
BRDA:186,15,0,0
BRDA:186,15,1,0
BRDA:191,16,0,0
BRDA:191,16,1,0
BRDA:197,17,0,0
BRDA:197,17,1,0
BRDA:206,18,0,0
BRDA:206,18,1,0
BRDA:252,19,0,0
BRDA:252,19,1,0
BRDA:261,20,0,0
BRDA:261,20,1,0
BRF:44
BRH:0
end_of_record
TN:
SF:src/pages/AdminLogin.jsx
FN:37,AdminLogin
FN:55,(anonymous_1)
FN:99,(anonymous_2)
FN:107,(anonymous_3)
FNF:4
FNH:0
FNDA:0,AdminLogin
FNDA:0,(anonymous_1)
FNDA:0,(anonymous_2)
FNDA:0,(anonymous_3)
DA:38,0
DA:39,0
DA:40,0
DA:41,0
DA:42,0
DA:55,0
DA:56,0
DA:57,0
DA:58,0
DA:59,0
DA:60,0
DA:61,0
DA:62,0
DA:63,0
DA:64,0
DA:65,0
DA:66,0
DA:68,0
DA:69,0
DA:71,0
DA:72,0
DA:74,0
DA:78,0
DA:99,0
DA:107,0
LF:25
LH:0
BRDA:63,0,0,0
BRDA:63,0,1,0
BRDA:93,1,0,0
BRDA:93,1,1,0
BRDA:111,2,0,0
BRDA:111,2,1,0
BRF:6
BRH:0
end_of_record
TN:
SF:src/pages/ChangePassword.jsx
FN:7,ChangePassword
FN:16,(anonymous_1)
FN:36,(anonymous_2)
FN:75,(anonymous_3)
FN:106,(anonymous_4)
FN:116,(anonymous_5)
FN:127,(anonymous_6)
FN:134,(anonymous_7)
FNF:8
FNH:0
FNDA:0,ChangePassword
FNDA:0,(anonymous_1)
FNDA:0,(anonymous_2)
FNDA:0,(anonymous_3)
FNDA:0,(anonymous_4)
FNDA:0,(anonymous_5)
FNDA:0,(anonymous_6)
FNDA:0,(anonymous_7)
DA:8,0
DA:9,0
DA:10,0
DA:11,0
DA:12,0
DA:13,0
DA:14,0
DA:16,0
DA:17,0
DA:18,0
DA:19,0
DA:21,0
DA:22,0
DA:23,0
DA:25,0
DA:26,0
DA:27,0
DA:29,0
DA:30,0
DA:31,0
DA:33,0
DA:36,0
DA:37,0
DA:38,0
DA:39,0
DA:41,0
DA:42,0
DA:45,0
DA:47,0
DA:48,0
DA:50,0
DA:51,0
DA:52,0
DA:53,0
DA:56,0
DA:69,0
DA:70,0
DA:71,0
DA:72,0
DA:75,0
DA:76,0
DA:79,0
DA:80,0
DA:82,0
DA:85,0
DA:89,0
DA:106,0
DA:116,0
DA:127,0
DA:134,0
LF:50
LH:0
BRDA:17,0,0,0
BRDA:17,0,1,0
BRDA:21,1,0,0
BRDA:21,1,1,0
BRDA:25,2,0,0
BRDA:25,2,1,0
BRDA:29,3,0,0
BRDA:29,3,1,0
BRDA:41,4,0,0
BRDA:41,4,1,0
BRDA:50,5,0,0
BRDA:50,5,1,0
BRDA:79,6,0,0
BRDA:79,6,1,0
BRDA:79,7,0,0
BRDA:79,7,1,0
BRDA:80,8,0,0
BRDA:80,8,1,0
BRDA:96,9,0,0
BRDA:96,9,1,0
BRDA:97,10,0,0
BRDA:97,10,1,0
BRDA:145,11,0,0
BRDA:145,11,1,0
BRF:24
BRH:0
end_of_record
TN:
SF:src/pages/ContactDashboard.jsx
FN:35,maskEmail
FN:51,maskPhone
FN:82,ContactDashboard
FN:106,(anonymous_3)
FN:125,(anonymous_4)
FN:131,(anonymous_5)
FN:159,(anonymous_6)
FN:166,(anonymous_7)
FN:169,(anonymous_8)
FN:177,(anonymous_9)
FN:204,(anonymous_10)
FN:222,(anonymous_11)
FNF:12
FNH:0
FNDA:0,maskEmail
FNDA:0,maskPhone
FNDA:0,ContactDashboard
FNDA:0,(anonymous_3)
FNDA:0,(anonymous_4)
FNDA:0,(anonymous_5)
FNDA:0,(anonymous_6)
FNDA:0,(anonymous_7)
FNDA:0,(anonymous_8)
FNDA:0,(anonymous_9)
FNDA:0,(anonymous_10)
FNDA:0,(anonymous_11)
DA:36,0
DA:37,0
DA:38,0
DA:52,0
DA:53,0
DA:63,0
DA:84,0
DA:85,0
DA:86,0
DA:87,0
DA:88,0
DA:89,0
DA:92,0
DA:106,0
DA:107,0
DA:108,0
DA:109,0
DA:110,0
DA:111,0
DA:112,0
DA:113,0
DA:114,0
DA:116,0
DA:118,0
DA:119,0
DA:121,0
DA:125,0
DA:127,0
DA:131,0
DA:132,0
DA:133,0
DA:136,0
DA:159,0
DA:166,0
DA:170,0
DA:177,0
DA:205,0
DA:222,0
LF:38
LH:0
BRDA:36,0,0,0
BRDA:36,0,1,0
BRDA:52,1,0,0
BRDA:52,1,1,0
BRDA:113,2,0,0
BRDA:113,2,1,0
BRDA:113,3,0,0
BRDA:113,3,1,0
BRDA:116,4,0,0
BRDA:116,4,1,0
BRDA:184,5,0,0
BRDA:184,5,1,0
BRDA:186,6,0,0
BRDA:186,6,1,0
BRDA:194,7,0,0
BRDA:194,7,1,0
BRDA:208,8,0,0
BRDA:208,8,1,0
BRDA:211,9,0,0
BRDA:211,9,1,0
BRDA:214,10,0,0
BRDA:214,10,1,0
BRDA:222,11,0,0
BRDA:222,11,1,0
BRF:24
BRH:0
end_of_record
TN:
SF:src/pages/ContactOptOut.jsx
FN:40,maskEmail
FN:56,maskPhone
FN:78,ContactOptOut
FN:106,(anonymous_3)
FN:122,(anonymous_4)
FN:127,(anonymous_5)
FN:133,(anonymous_6)
FN:141,checkUrlParams
FN:180,(anonymous_8)
FN:211,(anonymous_9)
FN:276,(anonymous_10)
FN:348,(anonymous_11)
FN:383,(anonymous_12)
FN:400,(anonymous_13)
FN:433,(anonymous_14)
FN:443,(anonymous_15)
FNF:16
FNH:0
FNDA:0,maskEmail
FNDA:0,maskPhone
FNDA:0,ContactOptOut
FNDA:0,(anonymous_3)
FNDA:0,(anonymous_4)
FNDA:0,(anonymous_5)
FNDA:0,(anonymous_6)
FNDA:0,checkUrlParams
FNDA:0,(anonymous_8)
FNDA:0,(anonymous_9)
FNDA:0,(anonymous_10)
FNDA:0,(anonymous_11)
FNDA:0,(anonymous_12)
FNDA:0,(anonymous_13)
FNDA:0,(anonymous_14)
FNDA:0,(anonymous_15)
DA:41,0
DA:42,0
DA:43,0
DA:57,0
DA:58,0
DA:80,0
DA:81,0
DA:82,0
DA:83,0
DA:84,0
DA:85,0
DA:86,0
DA:87,0
DA:88,0
DA:89,0
DA:90,0
DA:91,0
DA:92,0
DA:106,0
DA:108,0
DA:112,0
DA:113,0
DA:114,0
DA:115,0
DA:117,0
DA:118,0
DA:119,0
DA:121,0
DA:123,0
DA:124,0
DA:125,0
DA:128,0
DA:130,0
DA:131,0
DA:134,0
DA:138,0
DA:142,0
DA:143,0
DA:144,0
DA:145,0
DA:148,0
DA:150,0
DA:152,0
DA:154,0
DA:155,0
DA:157,0
DA:158,0
DA:161,0
DA:162,0
DA:163,0
DA:164,0
DA:165,0
DA:167,0
DA:170,0
DA:174,0
DA:180,0
DA:181,0
DA:182,0
DA:183,0
DA:184,0
DA:185,0
DA:187,0
DA:188,0
DA:189,0
DA:190,0
DA:191,0
DA:195,0
DA:196,0
DA:197,0
DA:198,0
DA:202,0
DA:203,0
DA:204,0
DA:208,0
DA:211,0
DA:212,0
DA:213,0
DA:214,0
DA:215,0
DA:219,0
DA:221,0
DA:222,0
DA:225,0
DA:226,0
DA:230,0
DA:231,0
DA:234,0
DA:235,0
DA:236,0
DA:237,0
DA:238,0
DA:239,0
DA:243,0
DA:251,0
DA:252,0
DA:253,0
DA:256,0
DA:259,0
DA:261,0
DA:265,0
DA:268,0
DA:269,0
DA:271,0
DA:276,0
DA:277,0
DA:278,0
DA:279,0
DA:280,0
DA:282,0
DA:283,0
DA:286,0
DA:287,0
DA:288,0
DA:289,0
DA:290,0
DA:291,0
DA:295,0
DA:297,0
DA:302,0
DA:305,0
DA:306,0
DA:307,0
DA:309,0
DA:310,0
DA:311,0
DA:312,0
DA:315,0
DA:318,0
DA:319,0
DA:320,0
DA:321,0
DA:322,0
DA:325,0
DA:328,0
DA:330,0
DA:331,0
DA:334,0
DA:335,0
DA:337,0
DA:342,0
DA:345,0
DA:348,0
DA:349,0
DA:350,0
DA:354,0
DA:383,0
DA:400,0
DA:433,0
DA:444,0
DA:445,0
DA:446,0
LF:151
LH:0
BRDA:41,0,0,0
BRDA:41,0,1,0
BRDA:57,1,0,0
BRDA:57,1,1,0
BRDA:78,2,0,0
BRDA:112,3,0,0
BRDA:112,3,1,0
BRDA:115,4,0,0
BRDA:115,4,1,0
BRDA:115,5,0,0
BRDA:115,5,1,0
BRDA:148,6,0,0
BRDA:148,6,1,0
BRDA:148,6,2,0
BRDA:152,7,0,0
BRDA:152,7,1,0
BRDA:158,8,0,0
BRDA:158,8,1,0
BRDA:161,9,0,0
BRDA:161,9,1,0
BRDA:161,10,0,0
BRDA:161,10,1,0
BRDA:165,11,0,0
BRDA:165,11,1,0
BRDA:183,12,0,0
BRDA:183,12,1,0
BRDA:188,13,0,0
BRDA:188,13,1,0
BRDA:189,14,0,0
BRDA:189,14,1,0
BRDA:189,15,0,0
BRDA:189,15,1,0
BRDA:196,16,0,0
BRDA:196,16,1,0
BRDA:203,17,0,0
BRDA:203,17,1,0
BRDA:219,18,0,0
BRDA:219,18,1,0
BRDA:231,19,0,0
BRDA:231,19,1,0
BRDA:235,20,0,0
BRDA:235,20,1,0
BRDA:237,21,0,0
BRDA:237,21,1,0
BRDA:251,22,0,0
BRDA:251,22,1,0
BRDA:251,23,0,0
BRDA:251,23,1,0
BRDA:259,24,0,0
BRDA:259,24,1,0
BRDA:277,25,0,0
BRDA:277,25,1,0
BRDA:283,26,0,0
BRDA:283,26,1,0
BRDA:287,27,0,0
BRDA:287,27,1,0
BRDA:289,28,0,0
BRDA:289,28,1,0
BRDA:305,29,0,0
BRDA:305,29,1,0
BRDA:335,30,0,0
BRDA:335,30,1,0
BRDA:349,31,0,0
BRDA:349,31,1,0
BRDA:349,32,0,0
BRDA:349,32,1,0
BRDA:370,33,0,0
BRDA:370,33,1,0
BRDA:373,34,0,0
BRDA:373,34,1,0
BRDA:377,35,0,0
BRDA:377,35,1,0
BRDA:387,36,0,0
BRDA:387,36,1,0
BRDA:392,37,0,0
BRDA:392,37,1,0
BRDA:394,38,0,0
BRDA:394,38,1,0
BRDA:407,39,0,0
BRDA:407,39,1,0
BRDA:409,40,0,0
BRDA:409,40,1,0
BRDA:415,41,0,0
BRDA:415,41,1,0
BRDA:421,42,0,0
BRDA:421,42,1,0
BRDA:437,43,0,0
BRDA:437,43,1,0
BRDA:439,44,0,0
BRDA:439,44,1,0
BRDA:455,45,0,0
BRDA:455,45,1,0
BRDA:457,46,0,0
BRDA:457,46,1,0
BRF:94
BRH:0
end_of_record
TN:
SF:src/pages/Customization.jsx
FN:39,Customization
FN:53,(anonymous_1)
FN:58,(anonymous_2)
FN:85,(anonymous_3)
FN:90,(anonymous_4)
FN:96,(anonymous_5)
FN:130,(anonymous_6)
FNF:7
FNH:0
FNDA:0,Customization
FNDA:0,(anonymous_1)
FNDA:0,(anonymous_2)
FNDA:0,(anonymous_3)
FNDA:0,(anonymous_4)
FNDA:0,(anonymous_5)
FNDA:0,(anonymous_6)
DA:41,0
DA:42,0
DA:43,0
DA:44,0
DA:45,0
DA:46,0
DA:49,0
DA:50,0
DA:53,0
DA:54,0
DA:58,0
DA:59,0
DA:60,0
DA:61,0
DA:63,0
DA:64,0
DA:65,0
DA:66,0
DA:67,0
DA:70,0
DA:71,0
DA:75,0
DA:76,0
DA:85,0
DA:86,0
DA:87,0
DA:88,0
DA:89,0
DA:90,0
DA:91,0
DA:96,0
DA:97,0
DA:98,0
DA:100,0
DA:101,0
DA:109,0
DA:116,0
DA:118,0
DA:119,0
DA:125,0
DA:130,0
DA:131,0
DA:134,0
LF:43
LH:0
BRDA:63,0,0,0
BRDA:63,0,1,0
BRDA:64,1,0,0
BRDA:64,1,1,0
BRDA:65,2,0,0
BRDA:65,2,1,0
BRDA:66,3,0,0
BRDA:66,3,1,0
BRDA:67,4,0,0
BRDA:67,4,1,0
BRDA:70,5,0,0
BRDA:70,5,1,0
BRDA:87,6,0,0
BRDA:87,6,1,0
BRF:14
BRH:0
end_of_record
TN:
SF:src/pages/Dashboard.jsx
FN:75,(anonymous_0)
FN:112,(anonymous_1)
FN:128,(anonymous_2)
FN:139,(anonymous_3)
FN:152,(anonymous_4)
FN:154,(anonymous_5)
FN:159,(anonymous_6)
FN:165,Dashboard
FN:172,(anonymous_8)
FN:175,(anonymous_9)
FN:179,(anonymous_10)
FN:186,(anonymous_11)
FN:190,(anonymous_12)
FNF:13
FNH:0
FNDA:0,(anonymous_0)
FNDA:0,(anonymous_1)
FNDA:0,(anonymous_2)
FNDA:0,(anonymous_3)
FNDA:0,(anonymous_4)
FNDA:0,(anonymous_5)
FNDA:0,(anonymous_6)
FNDA:0,Dashboard
FNDA:0,(anonymous_8)
FNDA:0,(anonymous_9)
FNDA:0,(anonymous_10)
FNDA:0,(anonymous_11)
FNDA:0,(anonymous_12)
DA:43,0
DA:75,0
DA:76,0
DA:112,0
DA:113,0
DA:128,0
DA:129,0
DA:139,0
DA:140,0
DA:152,0
DA:155,0
DA:159,0
DA:166,0
DA:167,0
DA:168,0
DA:169,0
DA:170,0
DA:172,0
DA:173,0
DA:174,0
DA:176,0
DA:177,0
DA:180,0
DA:181,0
DA:182,0
DA:186,0
DA:187,0
DA:190,0
DA:191,0
DA:194,0
DA:200,0
DA:207,0
DA:212,0
DA:218,0
DA:223,0
DA:228,0
DA:230,0
LF:37
LH:0
BRDA:81,0,0,0
BRDA:81,0,1,0
BRDA:81,1,0,0
BRDA:81,1,1,0
BRDA:84,2,0,0
BRDA:84,2,1,0
BRDA:86,3,0,0
BRDA:86,3,1,0
BRDA:91,4,0,0
BRDA:91,4,1,0
BRDA:93,5,0,0
BRDA:93,5,1,0
BRDA:96,6,0,0
BRDA:96,6,1,0
BRDA:100,7,0,0
BRDA:100,7,1,0
BRDA:100,8,0,0
BRDA:100,8,1,0
BRDA:102,9,0,0
BRDA:102,9,1,0
BRDA:102,10,0,0
BRDA:102,10,1,0
BRDA:112,11,0,0
BRDA:194,12,0,0
BRDA:194,12,1,0
BRDA:200,13,0,0
BRDA:200,13,1,0
BRDA:208,14,0,0
BRDA:208,14,1,0
BRDA:209,15,0,0
BRDA:209,15,1,0
BRDA:213,16,0,0
BRDA:213,16,1,0
BRDA:214,17,0,0
BRDA:214,17,1,0
BRDA:215,18,0,0
BRDA:215,18,1,0
BRDA:219,19,0,0
BRDA:219,19,1,0
BRDA:220,20,0,0
BRDA:220,20,1,0
BRDA:224,21,0,0
BRDA:224,21,1,0
BRDA:225,22,0,0
BRDA:225,22,1,0
BRDA:228,23,0,0
BRDA:228,23,1,0
BRDA:271,24,0,0
BRDA:271,24,1,0
BRDA:279,25,0,0
BRDA:279,25,1,0
BRDA:280,26,0,0
BRDA:280,26,1,0
BRDA:288,27,0,0
BRDA:288,27,1,0
BRDA:289,28,0,0
BRDA:289,28,1,0
BRDA:297,29,0,0
BRDA:297,29,1,0
BRDA:306,30,0,0
BRDA:306,30,1,0
BRDA:307,31,0,0
BRDA:307,31,1,0
BRDA:373,32,0,0
BRDA:373,32,1,0
BRDA:382,33,0,0
BRDA:382,33,1,0
BRDA:389,34,0,0
BRDA:389,34,1,0
BRDA:397,35,0,0
BRDA:397,35,1,0
BRDA:398,36,0,0
BRDA:398,36,1,0
BRDA:398,37,0,0
BRDA:398,37,1,0
BRDA:424,38,0,0
BRDA:424,38,1,0
BRDA:432,39,0,0
BRDA:432,39,1,0
BRDA:441,40,0,0
BRDA:441,40,1,0
BRDA:469,41,0,0
BRDA:469,41,1,0
BRDA:470,42,0,0
BRDA:470,42,1,0
BRDA:484,43,0,0
BRDA:484,43,1,0
BRDA:493,44,0,0
BRDA:493,44,1,0
BRDA:500,45,0,0
BRDA:500,45,1,0
BRDA:508,46,0,0
BRDA:508,46,1,0
BRDA:509,47,0,0
BRDA:509,47,1,0
BRDA:509,48,0,0
BRDA:509,48,1,0
BRDA:576,49,0,0
BRDA:576,49,1,0
BRDA:585,50,0,0
BRDA:585,50,1,0
BRDA:592,51,0,0
BRDA:592,51,1,0
BRDA:601,52,0,0
BRDA:601,52,1,0
BRF:105
BRH:0
end_of_record
TN:
SF:src/pages/ForgotPassword.jsx
FN:7,ForgotPassword
FN:13,(anonymous_1)
FN:65,(anonymous_2)
FNF:3
FNH:0
FNDA:0,ForgotPassword
FNDA:0,(anonymous_1)
FNDA:0,(anonymous_2)
DA:8,0
DA:9,0
DA:10,0
DA:11,0
DA:13,0
DA:14,0
DA:15,0
DA:16,0
DA:17,0
DA:19,0
DA:21,0
DA:22,0
DA:24,0
DA:25,0
DA:27,0
DA:31,0
DA:65,0
LF:17
LH:0
BRDA:25,0,0,0
BRDA:25,0,1,0
BRDA:47,1,0,0
BRDA:47,1,1,0
BRDA:49,2,0,0
BRDA:49,2,1,0
BRDA:71,3,0,0
BRDA:71,3,1,0
BRF:8
BRH:0
end_of_record
TN:
SF:src/pages/OptInSetup.jsx
FN:57,OptInSetup
FN:92,(anonymous_1)
FN:112,(anonymous_2)
FN:116,(anonymous_3)
FN:159,(anonymous_4)
FN:167,(anonymous_5)
FN:171,(anonymous_6)
FN:192,(anonymous_7)
FN:199,(anonymous_8)
FN:204,(anonymous_9)
FN:212,(anonymous_10)
FN:230,(anonymous_11)
FN:235,(anonymous_12)
FN:241,(anonymous_13)
FN:245,(anonymous_14)
FN:255,(anonymous_15)
FN:270,(anonymous_16)
FN:284,(anonymous_17)
FN:299,(anonymous_18)
FNF:19
FNH:0
FNDA:0,OptInSetup
FNDA:0,(anonymous_1)
FNDA:0,(anonymous_2)
FNDA:0,(anonymous_3)
FNDA:0,(anonymous_4)
FNDA:0,(anonymous_5)
FNDA:0,(anonymous_6)
FNDA:0,(anonymous_7)
FNDA:0,(anonymous_8)
FNDA:0,(anonymous_9)
FNDA:0,(anonymous_10)
FNDA:0,(anonymous_11)
FNDA:0,(anonymous_12)
FNDA:0,(anonymous_13)
FNDA:0,(anonymous_14)
FNDA:0,(anonymous_15)
FNDA:0,(anonymous_16)
FNDA:0,(anonymous_17)
FNDA:0,(anonymous_18)
DA:36,0
DA:58,0
DA:59,0
DA:60,0
DA:61,0
DA:62,0
DA:65,0
DA:66,0
DA:67,0
DA:68,0
DA:69,0
DA:72,0
DA:73,0
DA:74,0
DA:77,0
DA:78,0
DA:79,0
DA:82,0
DA:83,0
DA:92,0
DA:93,0
DA:94,0
DA:95,0
DA:96,0
DA:97,0
DA:99,0
DA:101,0
DA:112,0
DA:113,0
DA:116,0
DA:117,0
DA:118,0
DA:119,0
DA:120,0
DA:121,0
DA:122,0
DA:123,0
DA:124,0
DA:125,0
DA:126,0
DA:128,0
DA:130,0
DA:134,0
DA:159,0
DA:167,0
DA:172,0
DA:192,0
DA:199,0
DA:205,0
DA:212,0
DA:231,0
DA:236,0
DA:241,0
DA:246,0
DA:247,0
DA:248,0
DA:249,0
DA:251,0
DA:252,0
DA:256,0
DA:257,0
DA:258,0
DA:259,0
DA:270,0
DA:285,0
DA:286,0
DA:300,0
DA:301,0
DA:302,0
DA:304,0
LF:70
LH:0
BRDA:62,0,0,0
BRDA:62,0,1,0
BRDA:161,1,0,0
BRDA:161,1,1,0
BRDA:169,2,0,0
BRDA:169,2,1,0
BRDA:175,3,0,0
BRDA:175,3,1,0
BRDA:176,4,0,0
BRDA:176,4,1,0
BRDA:180,5,0,0
BRDA:180,5,1,0
BRDA:181,6,0,0
BRDA:181,6,1,0
BRDA:221,7,0,0
BRDA:221,7,1,0
BRDA:225,8,0,0
BRDA:225,8,1,0
BRDA:231,9,0,0
BRDA:231,9,1,0
BRDA:231,9,2,0
BRDA:231,9,3,0
BRDA:231,9,4,0
BRDA:231,9,5,0
BRDA:237,10,0,0
BRDA:237,10,1,0
BRDA:256,11,0,0
BRDA:256,11,1,0
BRDA:258,12,0,0
BRDA:258,12,1,0
BRDA:270,13,0,0
BRDA:270,13,1,0
BRDA:272,14,0,0
BRDA:272,14,1,0
BRDA:273,15,0,0
BRDA:273,15,1,0
BRDA:279,16,0,0
BRDA:279,16,1,0
BRDA:294,17,0,0
BRDA:294,17,1,0
BRDA:298,18,0,0
BRDA:298,18,1,0
BRDA:301,19,0,0
BRDA:301,19,1,0
BRDA:308,20,0,0
BRDA:308,20,1,0
BRF:46
BRH:0
end_of_record
TN:
SF:src/pages/PreferencesDashboard.jsx
FN:43,PreferencesDashboard
FN:60,(anonymous_1)
FN:67,(anonymous_2)
FN:90,(anonymous_3)
FN:91,(anonymous_4)
FN:92,(anonymous_5)
FN:105,(anonymous_6)
FN:119,(anonymous_7)
FN:133,(anonymous_8)
FN:148,(anonymous_9)
FN:150,(anonymous_10)
FN:201,(anonymous_11)
FN:207,(anonymous_12)
FN:232,(anonymous_13)
FNF:14
FNH:0
FNDA:0,PreferencesDashboard
FNDA:0,(anonymous_1)
FNDA:0,(anonymous_2)
FNDA:0,(anonymous_3)
FNDA:0,(anonymous_4)
FNDA:0,(anonymous_5)
FNDA:0,(anonymous_6)
FNDA:0,(anonymous_7)
FNDA:0,(anonymous_8)
FNDA:0,(anonymous_9)
FNDA:0,(anonymous_10)
FNDA:0,(anonymous_11)
FNDA:0,(anonymous_12)
FNDA:0,(anonymous_13)
DA:44,0
DA:47,0
DA:50,0
DA:51,0
DA:52,0
DA:55,0
DA:58,0
DA:59,0
DA:60,0
DA:61,0
DA:66,0
DA:67,0
DA:71,0
DA:72,0
DA:73,0
DA:74,0
DA:77,0
DA:78,0
DA:79,0
DA:90,0
DA:91,0
DA:92,0
DA:94,0
DA:95,0
DA:105,0
DA:106,0
DA:107,0
DA:108,0
DA:109,0
DA:111,0
DA:119,0
DA:124,0
DA:126,0
DA:127,0
DA:129,0
DA:133,0
DA:134,0
DA:135,0
DA:136,0
DA:137,0
DA:139,0
DA:148,0
DA:149,0
DA:150,0
DA:155,0
DA:157,0
DA:158,0
DA:160,0
DA:164,0
DA:202,0
DA:207,0
DA:232,0
LF:52
LH:0
BRDA:47,0,0,0
BRDA:47,0,1,0
BRDA:47,0,2,0
BRDA:50,1,0,0
BRDA:50,1,1,0
BRDA:55,2,0,0
BRDA:55,2,1,0
BRDA:58,3,0,0
BRDA:58,3,1,0
BRDA:67,4,0,0
BRDA:67,4,1,0
BRDA:74,5,0,0
BRDA:74,5,1,0
BRDA:92,6,0,0
BRDA:92,6,1,0
BRDA:113,7,0,0
BRDA:113,7,1,0
BRDA:141,8,0,0
BRDA:141,8,1,0
BRDA:184,9,0,0
BRDA:184,9,1,0
BRDA:195,10,0,0
BRDA:195,10,1,0
BRDA:195,10,2,0
BRDA:215,11,0,0
BRDA:215,11,1,0
BRDA:220,12,0,0
BRDA:220,12,1,0
BRDA:222,13,0,0
BRDA:222,13,1,0
BRDA:237,14,0,0
BRDA:237,14,1,0
BRDA:240,15,0,0
BRDA:240,15,1,0
BRDA:241,16,0,0
BRDA:241,16,1,0
BRDA:246,17,0,0
BRDA:246,17,1,0
BRDA:248,18,0,0
BRDA:248,18,1,0
BRDA:260,19,0,0
BRDA:260,19,1,0
BRDA:261,20,0,0
BRDA:261,20,1,0
BRDA:269,21,0,0
BRDA:269,21,1,0
BRF:46
BRH:0
end_of_record
TN:
SF:src/pages/UserManagement.jsx
FN:68,(anonymous_0)
FN:100,(anonymous_1)
FN:104,(anonymous_2)
FN:127,(anonymous_3)
FN:153,(anonymous_4)
FN:157,(anonymous_5)
FN:165,(anonymous_6)
FN:207,(anonymous_7)
FN:231,(anonymous_8)
FN:254,(anonymous_9)
FN:262,(anonymous_10)
FN:301,(anonymous_11)
FN:331,(anonymous_12)
FN:355,(anonymous_13)
FN:362,(anonymous_14)
FN:369,(anonymous_15)
FNF:16
FNH:0
FNDA:0,(anonymous_0)
FNDA:0,(anonymous_1)
FNDA:0,(anonymous_2)
FNDA:0,(anonymous_3)
FNDA:0,(anonymous_4)
FNDA:0,(anonymous_5)
FNDA:0,(anonymous_6)
FNDA:0,(anonymous_7)
FNDA:0,(anonymous_8)
FNDA:0,(anonymous_9)
FNDA:0,(anonymous_10)
FNDA:0,(anonymous_11)
FNDA:0,(anonymous_12)
FNDA:0,(anonymous_13)
FNDA:0,(anonymous_14)
FNDA:0,(anonymous_15)
DA:68,0
DA:70,0
DA:71,0
DA:72,0
DA:75,0
DA:76,0
DA:77,0
DA:80,0
DA:90,0
DA:96,0
DA:97,0
DA:100,0
DA:101,0
DA:104,0
DA:105,0
DA:106,0
DA:107,0
DA:113,0
DA:114,0
DA:117,0
DA:118,0
DA:119,0
DA:121,0
DA:122,0
DA:123,0
DA:127,0
DA:128,0
DA:129,0
DA:130,0
DA:131,0
DA:140,0
DA:141,0
DA:150,0
DA:153,0
DA:154,0
DA:157,0
DA:158,0
DA:159,0
DA:165,0
DA:166,0
DA:168,0
DA:171,0
DA:172,0
DA:175,0
DA:176,0
DA:185,0
DA:195,0
DA:196,0
DA:199,0
DA:200,0
DA:201,0
DA:203,0
DA:207,0
DA:208,0
DA:209,0
DA:212,0
DA:213,0
DA:220,0
DA:221,0
DA:224,0
DA:225,0
DA:227,0
DA:231,0
DA:232,0
DA:233,0
DA:236,0
DA:237,0
DA:248,0
DA:250,0
DA:254,0
DA:255,0
DA:262,0
DA:263,0
DA:270,0
DA:271,0
DA:280,0
DA:301,0
DA:332,0
DA:355,0
DA:362,0
DA:369,0
LF:81
LH:0
BRDA:113,0,0,0
BRDA:113,0,1,0
BRDA:127,1,0,0
BRDA:129,2,0,0
BRDA:129,2,1,0
BRDA:129,3,0,0
BRDA:129,3,1,0
BRDA:134,4,0,0
BRDA:134,4,1,0
BRDA:135,5,0,0
BRDA:135,5,1,0
BRDA:161,6,0,0
BRDA:161,6,1,0
BRDA:171,7,0,0
BRDA:171,7,1,0
BRDA:171,8,0,0
BRDA:171,8,1,0
BRDA:175,9,0,0
BRDA:175,9,1,0
BRDA:195,10,0,0
BRDA:195,10,1,0
BRDA:201,11,0,0
BRDA:201,11,1,0
BRDA:208,12,0,0
BRDA:208,12,1,0
BRDA:220,13,0,0
BRDA:220,13,1,0
BRDA:232,14,0,0
BRDA:232,14,1,0
BRDA:250,15,0,0
BRDA:250,15,1,0
BRDA:254,16,0,0
BRDA:270,17,0,0
BRDA:270,17,1,0
BRDA:307,18,0,0
BRDA:307,18,1,0
BRDA:309,19,0,0
BRDA:309,19,1,0
BRDA:326,20,0,0
BRDA:326,20,1,0
BRDA:334,21,0,0
BRDA:334,21,1,0
BRDA:335,22,0,0
BRDA:335,22,1,0
BRDA:339,23,0,0
BRDA:339,23,1,0
BRDA:340,24,0,0
BRDA:340,24,1,0
BRDA:345,25,0,0
BRDA:345,25,1,0
BRDA:346,26,0,0
BRDA:346,26,1,0
BRDA:350,27,0,0
BRDA:350,27,1,0
BRDA:386,28,0,0
BRDA:386,28,1,0
BRDA:407,29,0,0
BRDA:407,29,1,0
BRDA:455,30,0,0
BRDA:455,30,1,0
BRF:60
BRH:0
end_of_record
TN:
SF:src/pages/VerbalOptIn.jsx
FN:21,maskEmail
FN:28,maskPhone
FN:33,VerbalOptIn
FN:35,(anonymous_3)
FN:64,(anonymous_4)
FN:65,(anonymous_5)
FN:118,(anonymous_6)
FN:119,(anonymous_7)
FN:125,(anonymous_8)
FN:141,(anonymous_9)
FN:182,(anonymous_10)
FN:188,(anonymous_11)
FN:210,(anonymous_12)
FN:222,(anonymous_13)
FN:242,(anonymous_14)
FN:243,(anonymous_15)
FN:244,(anonymous_16)
FN:251,(anonymous_17)
FN:283,(anonymous_18)
FN:330,(anonymous_19)
FN:363,(anonymous_20)
FN:369,(anonymous_21)
FN:385,(anonymous_22)
FN:398,(anonymous_23)
FNF:24
FNH:22
FNDA:5,maskEmail
FNDA:1,maskPhone
FNDA:54,VerbalOptIn
FNDA:54,(anonymous_3)
FNDA:54,(anonymous_4)
FNDA:54,(anonymous_5)
FNDA:9,(anonymous_6)
FNDA:9,(anonymous_7)
FNDA:24,(anonymous_8)
FNDA:8,(anonymous_9)
FNDA:3,(anonymous_10)
FNDA:3,(anonymous_11)
FNDA:15,(anonymous_12)
FNDA:0,(anonymous_13)
FNDA:1,(anonymous_14)
FNDA:1,(anonymous_15)
FNDA:3,(anonymous_16)
FNDA:2,(anonymous_17)
FNDA:0,(anonymous_18)
FNDA:7,(anonymous_19)
FNDA:36,(anonymous_20)
FNDA:1,(anonymous_21)
FNDA:1,(anonymous_22)
FNDA:1,(anonymous_23)
DA:22,5
DA:23,5
DA:24,5
DA:29,1
DA:30,1
DA:35,54
DA:36,54
DA:38,54
DA:41,54
DA:45,54
DA:46,54
DA:47,54
DA:50,54
DA:51,54
DA:52,54
DA:53,54
DA:56,54
DA:57,54
DA:58,54
DA:61,54
DA:64,54
DA:65,54
DA:66,54
DA:67,54
DA:69,0
DA:70,0
DA:73,0
DA:74,0
DA:75,0
DA:76,0
DA:77,0
DA:78,0
DA:79,0
DA:80,0
DA:81,0
DA:83,0
DA:87,0
DA:88,0
DA:90,0
DA:92,0
DA:98,0
DA:102,0
DA:104,0
DA:105,0
DA:107,0
DA:108,0
DA:110,0
DA:114,54
DA:118,54
DA:119,9
DA:120,9
DA:121,9
DA:122,9
DA:125,24
DA:126,8
DA:128,8
DA:130,1
DA:131,1
DA:133,9
DA:137,9
DA:141,54
DA:142,8
DA:143,8
DA:144,8
DA:146,8
DA:147,8
DA:148,1
DA:149,1
DA:153,7
DA:154,7
DA:156,7
DA:157,1
DA:158,1
DA:162,6
DA:163,6
DA:164,1
DA:165,1
DA:169,6
DA:170,6
DA:171,6
DA:174,6
DA:175,6
DA:176,6
DA:177,6
DA:179,6
DA:181,1
DA:182,1
DA:183,3
DA:184,3
DA:188,1
DA:190,3
DA:192,3
DA:194,3
DA:203,1
DA:205,1
DA:206,1
DA:207,1
DA:210,15
DA:217,5
DA:220,0
DA:222,0
DA:229,0
DA:232,6
DA:234,0
DA:235,0
DA:237,8
DA:242,54
DA:243,1
DA:244,1
DA:245,3
DA:251,54
DA:252,2
DA:253,2
DA:254,2
DA:256,2
DA:258,2
DA:259,2
DA:261,2
DA:264,2
DA:271,1
DA:280,1
DA:283,1
DA:284,0
DA:285,0
DA:286,0
DA:287,0
DA:288,0
DA:289,0
DA:293,1
DA:294,1
DA:296,2
DA:300,54
DA:330,7
DA:364,36
DA:369,1
DA:385,1
DA:398,1
LF:137
LH:103
BRDA:22,0,0,0
BRDA:22,0,1,5
BRDA:29,1,0,0
BRDA:29,1,1,1
BRDA:67,2,0,54
BRDA:67,2,1,0
BRDA:74,3,0,0
BRDA:74,3,1,0
BRDA:78,4,0,0
BRDA:78,4,1,0
BRDA:104,5,0,0
BRDA:104,5,1,0
BRDA:147,6,0,1
BRDA:147,6,1,7
BRDA:154,7,0,7
BRDA:154,7,1,2
BRDA:156,8,0,1
BRDA:156,8,1,6
BRDA:156,9,0,7
BRDA:156,9,1,2
BRDA:163,10,0,1
BRDA:163,10,1,5
BRDA:170,11,0,5
BRDA:170,11,1,1
BRDA:171,12,0,5
BRDA:171,12,1,1
BRDA:179,13,0,1
BRDA:179,13,1,5
BRDA:179,14,0,6
BRDA:179,14,1,6
BRDA:179,14,2,6
BRDA:245,15,0,1
BRDA:245,15,1,2
BRDA:258,16,0,2
BRDA:258,16,1,2
BRDA:259,17,0,2
BRDA:259,17,1,2
BRDA:324,18,0,42
BRDA:324,18,1,12
BRDA:336,19,0,42
BRDA:336,19,1,5
BRDA:344,20,0,9
BRDA:344,20,1,33
BRDA:360,21,0,0
BRDA:360,21,1,12
BRDA:392,22,0,12
BRDA:392,22,1,1
BRDA:393,23,0,12
BRDA:393,23,1,2
BRDA:408,24,0,12
BRDA:408,24,1,10
BRDA:411,25,0,2
BRDA:411,25,1,10
BRF:53
BRH:43
end_of_record
TN:
SF:src/utils/auth.js
FN:3,parseJwt
FN:14,getRoleFromToken
FN:19,isAdmin
FN:23,isSupport
FN:27,isAuthenticated
FNF:5
FNH:0
FNDA:0,parseJwt
FNDA:0,getRoleFromToken
FNDA:0,isAdmin
FNDA:0,isSupport
FNDA:0,isAuthenticated
DA:4,0
DA:5,0
DA:6,0
DA:7,0
DA:8,0
DA:10,0
DA:15,0
DA:16,0
DA:20,0
DA:24,0
DA:28,0
DA:29,0
DA:32,0
DA:34,0
DA:35,0
DA:37,0
DA:41,0
LF:17
LH:0
BRDA:4,0,0,0
BRDA:4,0,1,0
BRDA:16,1,0,0
BRDA:16,1,1,0
BRDA:29,2,0,0
BRDA:29,2,1,0
BRDA:32,3,0,0
BRDA:32,3,1,0
BRDA:35,4,0,0
BRDA:35,4,1,0
BRF:10
BRH:0
end_of_record
TN:
SF:src/utils/phoneUtils.js
FN:12,formatPhoneToE164
FN:52,isValidPhoneNumber
FNF:2
FNH:0
FNDA:0,formatPhoneToE164
FNDA:0,isValidPhoneNumber
DA:13,0
DA:16,0
DA:19,0
DA:22,0
DA:24,0
DA:25,0
DA:28,0
DA:29,0
DA:33,0
DA:34,0
DA:37,0
DA:38,0
DA:43,0
DA:53,0
DA:56,0
DA:57,0
LF:16
LH:0
BRDA:13,0,0,0
BRDA:13,0,1,0
BRDA:19,1,0,0
BRDA:19,1,1,0
BRDA:22,2,0,0
BRDA:22,2,1,0
BRDA:24,3,0,0
BRDA:24,3,1,0
BRDA:28,4,0,0
BRDA:28,4,1,0
BRDA:33,5,0,0
BRDA:33,5,1,0
BRDA:37,6,0,0
BRDA:37,6,1,0
BRDA:53,7,0,0
BRDA:53,7,1,0
BRF:16
BRH:0
end_of_record
TN:
SF:src/utils/urlUtils.js
FN:15,processLogoUrl
FNF:1
FNH:0
FNDA:0,processLogoUrl
DA:16,0
DA:19,0
DA:20,0
DA:21,0
DA:25,0
DA:26,0
LF:6
LH:0
BRDA:16,0,0,0
BRDA:16,0,1,0
BRDA:19,1,0,0
BRDA:19,1,1,0
BRDA:19,2,0,0
BRDA:19,2,1,0
BRF:6
BRH:0
end_of_record
